Class 0: 339 samples
Class 1: 131 samples
Class 2: 68 samples
Class 3: 117 samples
Class 4: 70 samples
Class 5: 68 samples
Class 6: 80 samples
Class 7: 122 samples
Class 8: 31 samples
Class 9: 86 samples
Class 10: 84 samples
Class 11: 63 samples
Class 12: 326 samples
Class 13: 101 samples
Class 14: 79 samples
Class 15: 106 samples
Class 16: 128 samples
Class 17: 75 samples
Class 18: 91 samples
Class 19: 272 samples
Class 20: 55 samples
Class 21: 56 samples
Class 22: 60 samples
Class 23: 60 samples
Class 24: 54 samples
Class 25: 69 samples
Class 26: 116 samples
Class 27: 48 samples
Class 28: 98 samples
Class 29: 106 samples
Class 30: 78 samples
Class 31: 81 samples
Class 32: 46 samples
Class 33: 81 samples
Class 34: 79 samples
Class 35: 89 samples
Class 36: 81 samples
Class 37: 86 samples
Class 38: 60 samples
Class 39: 332 samples
Class 40: 62 samples
Class 41: 76 samples
Class 42: 112 samples
Class 43: 65 samples
Class 44: 67 samples
Class 45: 62 samples
Class 46: 49 samples
Class 47: 266 samples
Class 48: 52 samples
Class 49: 79 samples
Class 50: 85 samples
Class 51: 90 samples
Class 52: 51 samples
Class 53: 54 samples
Class 54: 76 samples
Class 55: 73 samples
Class 56: 76 samples
Class 57: 113 samples
Class 58: 104 samples
Class 59: 146 samples
Class 60: 64 samples
Class 61: 116 samples
Class 62: 75 samples
Class 63: 37 samples
Class 64: 60 samples
Class 65: 57 samples
Class 66: 57 samples
Class 67: 52 samples
Class 68: 61 samples
Class 69: 65 samples
Class 70: 80 samples
Class 71: 64 samples
Class 72: 57 samples
Class 73: 38 samples
Class 74: 78 samples
Class 75: 34 samples
Class 76: 121 samples
Class 77: 56 samples
Class 78: 53 samples
Class 79: 88 samples
Class 80: 56 samples
Class 81: 59 samples
Class 82: 60 samples
Class 83: 44 samples
Class 84: 74 samples
Class 85: 60 samples
Class 86: 67 samples
Class 87: 146 samples
Class 88: 64 samples
Class 89: 50 samples
Class 90: 43 samples
Class 91: 34 samples
Class 92: 46 samples
Class 93: 60 samples
Class 94: 51 samples
Class 95: 57 samples
Class 96: 63 samples
Class 97: 51 samples
Class 98: 101 samples
Class 99: 48 samples
Using: cuda

[Info] Training MLP classifier...
Epoch 1: Train Loss 0.9187, Train Acc 79.17% | Val Loss 0.3347, Val Acc 90.96%
Epoch 2: Train Loss 0.3495, Train Acc 90.46% | Val Loss 0.3269, Val Acc 90.84%
Epoch 3: Train Loss 0.3268, Train Acc 90.74% | Val Loss 0.3274, Val Acc 91.16%
Epoch 4: Train Loss 0.3136, Train Acc 90.96% | Val Loss 0.3250, Val Acc 90.92%
Epoch 5: Train Loss 0.3007, Train Acc 91.26% | Val Loss 0.3226, Val Acc 91.18%
Epoch 6: Train Loss 0.2909, Train Acc 91.33% | Val Loss 0.3285, Val Acc 91.18%
Epoch 7: Train Loss 0.2849, Train Acc 91.41% | Val Loss 0.3229, Val Acc 91.14%
Epoch 8: Train Loss 0.2755, Train Acc 91.56% | Val Loss 0.3267, Val Acc 91.56%
Epoch 9: Train Loss 0.2705, Train Acc 91.70% | Val Loss 0.3247, Val Acc 91.43%
Epoch 10: Train Loss 0.2649, Train Acc 91.74% | Val Loss 0.3345, Val Acc 91.22%
Epoch 11: Train Loss 0.2582, Train Acc 91.92% | Val Loss 0.3318, Val Acc 91.35%
Epoch 12: Train Loss 0.2363, Train Acc 92.41% | Val Loss 0.3286, Val Acc 91.59%
Epoch 13: Train Loss 0.2281, Train Acc 92.64% | Val Loss 0.3295, Val Acc 91.56%
Epoch 14: Train Loss 0.2245, Train Acc 92.65% | Val Loss 0.3312, Val Acc 91.26%
Epoch 15: Train Loss 0.2226, Train Acc 92.81% | Val Loss 0.3309, Val Acc 91.76%
Epoch 16: Train Loss 0.2167, Train Acc 92.89% | Val Loss 0.3352, Val Acc 91.47%
Epoch 17: Train Loss 0.2136, Train Acc 92.81% | Val Loss 0.3369, Val Acc 91.58%
Epoch 18: Train Loss 0.2026, Train Acc 93.14% | Val Loss 0.3334, Val Acc 91.68%
Epoch 19: Train Loss 0.1980, Train Acc 93.24% | Val Loss 0.3417, Val Acc 91.68%
Epoch 20: Train Loss 0.1968, Train Acc 93.22% | Val Loss 0.3394, Val Acc 91.58%
Early stopping!

=== MLP Test Performance ===
Accuracy: 0.9117612362864221
Macro-F1: 0.9311704054867468

[Info] Saved MLP predictions + posteriors to ./
