INFO:__main__:Using device: cuda
INFO:__main__:Loading embeddings...
INFO:__main__:Number of unique classes: 164, training samples: 15240192, test samples: 3500032
INFO:__main__:Loading trained vanilla diffusion model...
INFO:__main__:Model loaded successfully.
INFO:__main__:Running softmax posterior inference...
INFO:__main__:[1/164] Finished inference for class 0 → predicted 0
INFO:__main__:[2/164] Finished inference for class 1 → predicted 1
INFO:__main__:[3/164] Finished inference for class 2 → predicted 2
INFO:__main__:[4/164] Finished inference for class 3 → predicted 3
INFO:__main__:[5/164] Finished inference for class 4 → predicted 4
INFO:__main__:[6/164] Finished inference for class 5 → predicted 5
INFO:__main__:[7/164] Finished inference for class 6 → predicted 6
INFO:__main__:[8/164] Finished inference for class 7 → predicted 7
INFO:__main__:[9/164] Finished inference for class 8 → predicted 8
INFO:__main__:[10/164] Finished inference for class 9 → predicted 9
INFO:__main__:[11/164] Finished inference for class 10 → predicted 10
INFO:__main__:[12/164] Finished inference for class 11 → predicted 11
INFO:__main__:[13/164] Finished inference for class 12 → predicted 12
INFO:__main__:[14/164] Finished inference for class 13 → predicted 13
INFO:__main__:[15/164] Finished inference for class 14 → predicted 14
INFO:__main__:[16/164] Finished inference for class 15 → predicted 15
INFO:__main__:[17/164] Finished inference for class 16 → predicted 16
INFO:__main__:[18/164] Finished inference for class 17 → predicted 17
INFO:__main__:[19/164] Finished inference for class 18 → predicted 18
INFO:__main__:[20/164] Finished inference for class 19 → predicted 19
INFO:__main__:[21/164] Finished inference for class 20 → predicted 20
INFO:__main__:[22/164] Finished inference for class 21 → predicted 21
INFO:__main__:[23/164] Finished inference for class 22 → predicted 22
INFO:__main__:[24/164] Finished inference for class 23 → predicted 23
INFO:__main__:[25/164] Finished inference for class 24 → predicted 24
INFO:__main__:[26/164] Finished inference for class 25 → predicted 25
INFO:__main__:[27/164] Finished inference for class 26 → predicted 26
INFO:__main__:[28/164] Finished inference for class 27 → predicted 27
INFO:__main__:[29/164] Finished inference for class 28 → predicted 28
INFO:__main__:[30/164] Finished inference for class 29 → predicted 29
INFO:__main__:[31/164] Finished inference for class 30 → predicted 30
INFO:__main__:[32/164] Finished inference for class 31 → predicted 31
INFO:__main__:[33/164] Finished inference for class 32 → predicted 32
INFO:__main__:[34/164] Finished inference for class 33 → predicted 33
INFO:__main__:[35/164] Finished inference for class 34 → predicted 34
INFO:__main__:[36/164] Finished inference for class 35 → predicted 35
INFO:__main__:[37/164] Finished inference for class 36 → predicted 36
INFO:__main__:[38/164] Finished inference for class 37 → predicted 37
INFO:__main__:[39/164] Finished inference for class 38 → predicted 38
INFO:__main__:[40/164] Finished inference for class 39 → predicted 39
INFO:__main__:[41/164] Finished inference for class 40 → predicted 40
INFO:__main__:[42/164] Finished inference for class 41 → predicted 41
INFO:__main__:[43/164] Finished inference for class 42 → predicted 42
INFO:__main__:[44/164] Finished inference for class 43 → predicted 43
INFO:__main__:[45/164] Finished inference for class 44 → predicted 44
INFO:__main__:[46/164] Finished inference for class 45 → predicted 45
INFO:__main__:[47/164] Finished inference for class 46 → predicted 46
INFO:__main__:[48/164] Finished inference for class 47 → predicted 47
INFO:__main__:[49/164] Finished inference for class 48 → predicted 48
INFO:__main__:[50/164] Finished inference for class 49 → predicted 49
INFO:__main__:[51/164] Finished inference for class 50 → predicted 50
INFO:__main__:[52/164] Finished inference for class 51 → predicted 51
INFO:__main__:[53/164] Finished inference for class 52 → predicted 52
INFO:__main__:[54/164] Finished inference for class 53 → predicted 53
INFO:__main__:[55/164] Finished inference for class 54 → predicted 54
INFO:__main__:[56/164] Finished inference for class 55 → predicted 55
INFO:__main__:[57/164] Finished inference for class 56 → predicted 56
INFO:__main__:[58/164] Finished inference for class 57 → predicted 57
INFO:__main__:[59/164] Finished inference for class 58 → predicted 58
INFO:__main__:[60/164] Finished inference for class 59 → predicted 59
INFO:__main__:[61/164] Finished inference for class 60 → predicted 60
INFO:__main__:[62/164] Finished inference for class 61 → predicted 61
INFO:__main__:[63/164] Finished inference for class 62 → predicted 62
INFO:__main__:[64/164] Finished inference for class 63 → predicted 63
INFO:__main__:[65/164] Finished inference for class 64 → predicted 64
INFO:__main__:[66/164] Finished inference for class 65 → predicted 65
INFO:__main__:[67/164] Finished inference for class 66 → predicted 66
INFO:__main__:[68/164] Finished inference for class 67 → predicted 67
INFO:__main__:[69/164] Finished inference for class 68 → predicted 68
INFO:__main__:[70/164] Finished inference for class 69 → predicted 69
INFO:__main__:[71/164] Finished inference for class 70 → predicted 70
INFO:__main__:[72/164] Finished inference for class 71 → predicted 71
INFO:__main__:[73/164] Finished inference for class 72 → predicted 72
INFO:__main__:[74/164] Finished inference for class 73 → predicted 73
INFO:__main__:[75/164] Finished inference for class 74 → predicted 74
INFO:__main__:[76/164] Finished inference for class 75 → predicted 75
INFO:__main__:[77/164] Finished inference for class 76 → predicted 76
INFO:__main__:[78/164] Finished inference for class 77 → predicted 77
INFO:__main__:[79/164] Finished inference for class 78 → predicted 78
INFO:__main__:[80/164] Finished inference for class 79 → predicted 79
INFO:__main__:[81/164] Finished inference for class 80 → predicted 80
INFO:__main__:[82/164] Finished inference for class 81 → predicted 81
INFO:__main__:[83/164] Finished inference for class 82 → predicted 82
INFO:__main__:[84/164] Finished inference for class 83 → predicted 83
INFO:__main__:[85/164] Finished inference for class 84 → predicted 84
INFO:__main__:[86/164] Finished inference for class 85 → predicted 85
INFO:__main__:[87/164] Finished inference for class 86 → predicted 86
INFO:__main__:[88/164] Finished inference for class 87 → predicted 87
INFO:__main__:[89/164] Finished inference for class 88 → predicted 88
INFO:__main__:[90/164] Finished inference for class 89 → predicted 89
INFO:__main__:[91/164] Finished inference for class 90 → predicted 90
INFO:__main__:[92/164] Finished inference for class 91 → predicted 91
INFO:__main__:[93/164] Finished inference for class 92 → predicted 92
INFO:__main__:[94/164] Finished inference for class 93 → predicted 93
INFO:__main__:[95/164] Finished inference for class 94 → predicted 94
INFO:__main__:[96/164] Finished inference for class 95 → predicted 95
INFO:__main__:[97/164] Finished inference for class 96 → predicted 96
INFO:__main__:[98/164] Finished inference for class 97 → predicted 97
INFO:__main__:[99/164] Finished inference for class 98 → predicted 98
INFO:__main__:[100/164] Finished inference for class 99 → predicted 99
INFO:__main__:[101/164] Finished inference for class 100 → predicted 100
INFO:__main__:[102/164] Finished inference for class 101 → predicted 101
INFO:__main__:[103/164] Finished inference for class 102 → predicted 102
INFO:__main__:[104/164] Finished inference for class 103 → predicted 103
INFO:__main__:[105/164] Finished inference for class 104 → predicted 104
INFO:__main__:[106/164] Finished inference for class 105 → predicted 105
INFO:__main__:[107/164] Finished inference for class 106 → predicted 106
INFO:__main__:[108/164] Finished inference for class 107 → predicted 107
INFO:__main__:[109/164] Finished inference for class 108 → predicted 108
INFO:__main__:[110/164] Finished inference for class 109 → predicted 109
INFO:__main__:[111/164] Finished inference for class 110 → predicted 110
INFO:__main__:[112/164] Finished inference for class 111 → predicted 111
INFO:__main__:[113/164] Finished inference for class 112 → predicted 112
INFO:__main__:[114/164] Finished inference for class 113 → predicted 113
INFO:__main__:[115/164] Finished inference for class 114 → predicted 114
INFO:__main__:[116/164] Finished inference for class 115 → predicted 125
INFO:__main__:[117/164] Finished inference for class 116 → predicted 116
INFO:__main__:[118/164] Finished inference for class 117 → predicted 117
INFO:__main__:[119/164] Finished inference for class 118 → predicted 118
INFO:__main__:[120/164] Finished inference for class 119 → predicted 119
INFO:__main__:[121/164] Finished inference for class 120 → predicted 120
INFO:__main__:[122/164] Finished inference for class 121 → predicted 121
INFO:__main__:[123/164] Finished inference for class 122 → predicted 122
INFO:__main__:[124/164] Finished inference for class 123 → predicted 123
INFO:__main__:[125/164] Finished inference for class 124 → predicted 124
INFO:__main__:[126/164] Finished inference for class 125 → predicted 125
INFO:__main__:[127/164] Finished inference for class 126 → predicted 126
INFO:__main__:[128/164] Finished inference for class 127 → predicted 127
INFO:__main__:[129/164] Finished inference for class 128 → predicted 128
INFO:__main__:[130/164] Finished inference for class 129 → predicted 129
INFO:__main__:[131/164] Finished inference for class 130 → predicted 130
INFO:__main__:[132/164] Finished inference for class 131 → predicted 131
INFO:__main__:[133/164] Finished inference for class 132 → predicted 132
INFO:__main__:[134/164] Finished inference for class 133 → predicted 133
INFO:__main__:[135/164] Finished inference for class 134 → predicted 134
INFO:__main__:[136/164] Finished inference for class 135 → predicted 135
INFO:__main__:[137/164] Finished inference for class 136 → predicted 136
INFO:__main__:[138/164] Finished inference for class 137 → predicted 137
INFO:__main__:[139/164] Finished inference for class 138 → predicted 138
INFO:__main__:[140/164] Finished inference for class 139 → predicted 139
INFO:__main__:[141/164] Finished inference for class 140 → predicted 140
INFO:__main__:[142/164] Finished inference for class 141 → predicted 141
INFO:__main__:[143/164] Finished inference for class 142 → predicted 142
INFO:__main__:[144/164] Finished inference for class 143 → predicted 143
INFO:__main__:[145/164] Finished inference for class 144 → predicted 144
INFO:__main__:[146/164] Finished inference for class 145 → predicted 145
INFO:__main__:[147/164] Finished inference for class 146 → predicted 146
INFO:__main__:[148/164] Finished inference for class 147 → predicted 147
INFO:__main__:[149/164] Finished inference for class 148 → predicted 148
INFO:__main__:[150/164] Finished inference for class 149 → predicted 149
INFO:__main__:[151/164] Finished inference for class 150 → predicted 150
INFO:__main__:[152/164] Finished inference for class 151 → predicted 151
INFO:__main__:[153/164] Finished inference for class 152 → predicted 152
INFO:__main__:[154/164] Finished inference for class 153 → predicted 153
INFO:__main__:[155/164] Finished inference for class 154 → predicted 154
INFO:__main__:[156/164] Finished inference for class 155 → predicted 155
INFO:__main__:[157/164] Finished inference for class 156 → predicted 156
INFO:__main__:[158/164] Finished inference for class 157 → predicted 157
INFO:__main__:[159/164] Finished inference for class 158 → predicted 158
INFO:__main__:[160/164] Finished inference for class 159 → predicted 159
INFO:__main__:[161/164] Finished inference for class 160 → predicted 160
INFO:__main__:[162/164] Finished inference for class 161 → predicted 161
INFO:__main__:[163/164] Finished inference for class 162 → predicted 162
INFO:__main__:[164/164] Finished inference for class 163 → predicted 163
INFO:__main__:All class inferences completed successfully.
INFO:__main__:Saved predictions and posterior distributions to ./mean_T_1000_Path_2
