INFO:__main__:Using device: cuda
INFO:__main__:Loading embeddings...
INFO:__main__:Number of unique classes: 164, training samples: 15240192, test samples: 3500032
INFO:__main__:Loading trained vanilla diffusion model...
INFO:__main__:Model loaded successfully.
INFO:__main__:Running per-class softmax posterior inference with 300 samples each...
INFO:__main__:[INFO] Running Softmax on test class 0 (label=0)...
INFO:__main__:[INFO] Downsampled from 177622 to 300 samples.
INFO:__main__:Cached noise paths: shape=torch.Size([2, 1000, 128])
INFO:__main__:Processing batch 1-64/300 for class 0...
INFO:__main__:Processing batch 65-128/300 for class 0...
INFO:__main__:Processing batch 129-192/300 for class 0...
INFO:__main__:Processing batch 193-256/300 for class 0...
INFO:__main__:Processing batch 257-300/300 for class 0...
INFO:__main__:True label 0: MAP (avg over samples) = 0
INFO:__main__:[INFO] Saved results for class 0 (label=0)
INFO:__main__:[INFO] Running Softmax on test class 1 (label=1)...
INFO:__main__:[INFO] Downsampled from 426 to 300 samples.
INFO:__main__:Cached noise paths: shape=torch.Size([2, 1000, 128])
INFO:__main__:Processing batch 1-64/300 for class 1...
INFO:__main__:Processing batch 65-128/300 for class 1...
INFO:__main__:Processing batch 129-192/300 for class 1...
INFO:__main__:Processing batch 193-256/300 for class 1...
INFO:__main__:Processing batch 257-300/300 for class 1...
INFO:__main__:True label 1: MAP (avg over samples) = 1
INFO:__main__:[INFO] Saved results for class 1 (label=1)
INFO:__main__:[INFO] Running Softmax on test class 2 (label=2)...
INFO:__main__:[INFO] Downsampled from 12826 to 300 samples.
INFO:__main__:Cached noise paths: shape=torch.Size([2, 1000, 128])
INFO:__main__:Processing batch 1-64/300 for class 2...
INFO:__main__:Processing batch 65-128/300 for class 2...
INFO:__main__:Processing batch 129-192/300 for class 2...
INFO:__main__:Processing batch 193-256/300 for class 2...
INFO:__main__:Processing batch 257-300/300 for class 2...
INFO:__main__:True label 2: MAP (avg over samples) = 2
INFO:__main__:[INFO] Saved results for class 2 (label=2)
INFO:__main__:[INFO] Running Softmax on test class 3 (label=3)...
INFO:__main__:[INFO] Downsampled from 85873 to 300 samples.
INFO:__main__:Cached noise paths: shape=torch.Size([2, 1000, 128])
INFO:__main__:Processing batch 1-64/300 for class 3...
INFO:__main__:Processing batch 65-128/300 for class 3...
INFO:__main__:Processing batch 129-192/300 for class 3...
INFO:__main__:Processing batch 193-256/300 for class 3...
INFO:__main__:Processing batch 257-300/300 for class 3...
INFO:__main__:True label 3: MAP (avg over samples) = 3
INFO:__main__:[INFO] Saved results for class 3 (label=3)
INFO:__main__:[INFO] Running Softmax on test class 4 (label=4)...
INFO:__main__:[INFO] Downsampled from 53964 to 300 samples.
INFO:__main__:Cached noise paths: shape=torch.Size([2, 1000, 128])
INFO:__main__:Processing batch 1-64/300 for class 4...
INFO:__main__:Processing batch 65-128/300 for class 4...
INFO:__main__:Processing batch 129-192/300 for class 4...
INFO:__main__:Processing batch 193-256/300 for class 4...
INFO:__main__:Processing batch 257-300/300 for class 4...
INFO:__main__:True label 4: MAP (avg over samples) = 4
INFO:__main__:[INFO] Saved results for class 4 (label=4)
INFO:__main__:[INFO] Running Softmax on test class 5 (label=5)...
INFO:__main__:[INFO] Downsampled from 1940 to 300 samples.
INFO:__main__:Cached noise paths: shape=torch.Size([2, 1000, 128])
INFO:__main__:Processing batch 1-64/300 for class 5...
INFO:__main__:Processing batch 65-128/300 for class 5...
INFO:__main__:Processing batch 129-192/300 for class 5...
INFO:__main__:Processing batch 193-256/300 for class 5...
INFO:__main__:Processing batch 257-300/300 for class 5...
INFO:__main__:True label 5: MAP (avg over samples) = 5
INFO:__main__:[INFO] Saved results for class 5 (label=5)
INFO:__main__:[INFO] Running Softmax on test class 6 (label=6)...
INFO:__main__:[INFO] Downsampled from 11056 to 300 samples.
INFO:__main__:Cached noise paths: shape=torch.Size([2, 1000, 128])
INFO:__main__:Processing batch 1-64/300 for class 6...
INFO:__main__:Processing batch 65-128/300 for class 6...
INFO:__main__:Processing batch 129-192/300 for class 6...
INFO:__main__:Processing batch 193-256/300 for class 6...
INFO:__main__:Processing batch 257-300/300 for class 6...
INFO:__main__:True label 6: MAP (avg over samples) = 6
INFO:__main__:[INFO] Saved results for class 6 (label=6)
INFO:__main__:[INFO] Running Softmax on test class 7 (label=7)...
INFO:__main__:[INFO] Downsampled from 55747 to 300 samples.
INFO:__main__:Cached noise paths: shape=torch.Size([2, 1000, 128])
INFO:__main__:Processing batch 1-64/300 for class 7...
INFO:__main__:Processing batch 65-128/300 for class 7...
INFO:__main__:Processing batch 129-192/300 for class 7...
INFO:__main__:Processing batch 193-256/300 for class 7...
INFO:__main__:Processing batch 257-300/300 for class 7...
INFO:__main__:True label 7: MAP (avg over samples) = 7
INFO:__main__:[INFO] Saved results for class 7 (label=7)
INFO:__main__:[INFO] Running Softmax on test class 8 (label=8)...
INFO:__main__:[INFO] Downsampled from 8520 to 300 samples.
INFO:__main__:Cached noise paths: shape=torch.Size([2, 1000, 128])
INFO:__main__:Processing batch 1-64/300 for class 8...
INFO:__main__:Processing batch 65-128/300 for class 8...
INFO:__main__:Processing batch 129-192/300 for class 8...
INFO:__main__:Processing batch 193-256/300 for class 8...
INFO:__main__:Processing batch 257-300/300 for class 8...
INFO:__main__:True label 8: MAP (avg over samples) = 8
INFO:__main__:[INFO] Saved results for class 8 (label=8)
INFO:__main__:[INFO] Running Softmax on test class 9 (label=9)...
INFO:__main__:[INFO] Downsampled from 17679 to 300 samples.
INFO:__main__:Cached noise paths: shape=torch.Size([2, 1000, 128])
INFO:__main__:Processing batch 1-64/300 for class 9...
INFO:__main__:Processing batch 65-128/300 for class 9...
INFO:__main__:Processing batch 129-192/300 for class 9...
INFO:__main__:Processing batch 193-256/300 for class 9...
INFO:__main__:Processing batch 257-300/300 for class 9...
INFO:__main__:True label 9: MAP (avg over samples) = 9
INFO:__main__:[INFO] Saved results for class 9 (label=9)
INFO:__main__:[INFO] Running Softmax on test class 10 (label=10)...
INFO:__main__:[INFO] Downsampled from 162991 to 300 samples.
INFO:__main__:Cached noise paths: shape=torch.Size([2, 1000, 128])
INFO:__main__:Processing batch 1-64/300 for class 10...
INFO:__main__:Processing batch 65-128/300 for class 10...
INFO:__main__:Processing batch 129-192/300 for class 10...
INFO:__main__:Processing batch 193-256/300 for class 10...
INFO:__main__:Processing batch 257-300/300 for class 10...
INFO:__main__:True label 10: MAP (avg over samples) = 10
INFO:__main__:[INFO] Saved results for class 10 (label=10)
INFO:__main__:[INFO] Running Softmax on test class 11 (label=11)...
INFO:__main__:[INFO] Downsampled from 6828 to 300 samples.
INFO:__main__:Cached noise paths: shape=torch.Size([2, 1000, 128])
INFO:__main__:Processing batch 1-64/300 for class 11...
INFO:__main__:Processing batch 65-128/300 for class 11...
INFO:__main__:Processing batch 129-192/300 for class 11...
INFO:__main__:Processing batch 193-256/300 for class 11...
INFO:__main__:Processing batch 257-300/300 for class 11...
INFO:__main__:True label 11: MAP (avg over samples) = 11
INFO:__main__:[INFO] Saved results for class 11 (label=11)
INFO:__main__:[INFO] Running Softmax on test class 12 (label=12)...
INFO:__main__:[INFO] Downsampled from 18313 to 300 samples.
INFO:__main__:Cached noise paths: shape=torch.Size([2, 1000, 128])
INFO:__main__:Processing batch 1-64/300 for class 12...
INFO:__main__:Processing batch 65-128/300 for class 12...
INFO:__main__:Processing batch 129-192/300 for class 12...
INFO:__main__:Processing batch 193-256/300 for class 12...
INFO:__main__:Processing batch 257-300/300 for class 12...
INFO:__main__:True label 12: MAP (avg over samples) = 12
INFO:__main__:[INFO] Saved results for class 12 (label=12)
INFO:__main__:[INFO] Running Softmax on test class 13 (label=13)...
INFO:__main__:[INFO] Downsampled from 1006 to 300 samples.
INFO:__main__:Cached noise paths: shape=torch.Size([2, 1000, 128])
INFO:__main__:Processing batch 1-64/300 for class 13...
INFO:__main__:Processing batch 65-128/300 for class 13...
INFO:__main__:Processing batch 129-192/300 for class 13...
INFO:__main__:Processing batch 193-256/300 for class 13...
INFO:__main__:Processing batch 257-300/300 for class 13...
INFO:__main__:True label 13: MAP (avg over samples) = 13
INFO:__main__:[INFO] Saved results for class 13 (label=13)
INFO:__main__:[INFO] Running Softmax on test class 14 (label=14)...
INFO:__main__:[INFO] Downsampled from 156089 to 300 samples.
INFO:__main__:Cached noise paths: shape=torch.Size([2, 1000, 128])
INFO:__main__:Processing batch 1-64/300 for class 14...
INFO:__main__:Processing batch 65-128/300 for class 14...
INFO:__main__:Processing batch 129-192/300 for class 14...
INFO:__main__:Processing batch 193-256/300 for class 14...
INFO:__main__:Processing batch 257-300/300 for class 14...
INFO:__main__:True label 14: MAP (avg over samples) = 14
INFO:__main__:[INFO] Saved results for class 14 (label=14)
INFO:__main__:[INFO] Running Softmax on test class 15 (label=15)...
INFO:__main__:[INFO] Downsampled from 15677 to 300 samples.
INFO:__main__:Cached noise paths: shape=torch.Size([2, 1000, 128])
INFO:__main__:Processing batch 1-64/300 for class 15...
INFO:__main__:Processing batch 65-128/300 for class 15...
INFO:__main__:Processing batch 129-192/300 for class 15...
INFO:__main__:Processing batch 193-256/300 for class 15...
INFO:__main__:Processing batch 257-300/300 for class 15...
INFO:__main__:True label 15: MAP (avg over samples) = 15
INFO:__main__:[INFO] Saved results for class 15 (label=15)
INFO:__main__:[INFO] Running Softmax on test class 16 (label=16)...
INFO:__main__:[INFO] Downsampled from 29754 to 300 samples.
INFO:__main__:Cached noise paths: shape=torch.Size([2, 1000, 128])
INFO:__main__:Processing batch 1-64/300 for class 16...
INFO:__main__:Processing batch 65-128/300 for class 16...
INFO:__main__:Processing batch 129-192/300 for class 16...
INFO:__main__:Processing batch 193-256/300 for class 16...
INFO:__main__:Processing batch 257-300/300 for class 16...
INFO:__main__:True label 16: MAP (avg over samples) = 16
INFO:__main__:[INFO] Saved results for class 16 (label=16)
INFO:__main__:[INFO] Running Softmax on test class 17 (label=17)...
INFO:__main__:[INFO] Downsampled from 5067 to 300 samples.
INFO:__main__:Cached noise paths: shape=torch.Size([2, 1000, 128])
INFO:__main__:Processing batch 1-64/300 for class 17...
INFO:__main__:Processing batch 65-128/300 for class 17...
INFO:__main__:Processing batch 129-192/300 for class 17...
INFO:__main__:Processing batch 193-256/300 for class 17...
INFO:__main__:Processing batch 257-300/300 for class 17...
INFO:__main__:True label 17: MAP (avg over samples) = 17
INFO:__main__:[INFO] Saved results for class 17 (label=17)
INFO:__main__:[INFO] Running Softmax on test class 18 (label=18)...
INFO:__main__:[INFO] Downsampled from 812 to 300 samples.
INFO:__main__:Cached noise paths: shape=torch.Size([2, 1000, 128])
INFO:__main__:Processing batch 1-64/300 for class 18...
INFO:__main__:Processing batch 65-128/300 for class 18...
INFO:__main__:Processing batch 129-192/300 for class 18...
INFO:__main__:Processing batch 193-256/300 for class 18...
INFO:__main__:Processing batch 257-300/300 for class 18...
INFO:__main__:True label 18: MAP (avg over samples) = 18
INFO:__main__:[INFO] Saved results for class 18 (label=18)
INFO:__main__:[INFO] Running Softmax on test class 19 (label=19)...
INFO:__main__:[INFO] Downsampled from 83968 to 300 samples.
INFO:__main__:Cached noise paths: shape=torch.Size([2, 1000, 128])
INFO:__main__:Processing batch 1-64/300 for class 19...
INFO:__main__:Processing batch 65-128/300 for class 19...
INFO:__main__:Processing batch 129-192/300 for class 19...
INFO:__main__:Processing batch 193-256/300 for class 19...
INFO:__main__:Processing batch 257-300/300 for class 19...
INFO:__main__:True label 19: MAP (avg over samples) = 19
INFO:__main__:[INFO] Saved results for class 19 (label=19)
INFO:__main__:[INFO] Running Softmax on test class 20 (label=20)...
INFO:__main__:[INFO] Downsampled from 2355 to 300 samples.
INFO:__main__:Cached noise paths: shape=torch.Size([2, 1000, 128])
INFO:__main__:Processing batch 1-64/300 for class 20...
INFO:__main__:Processing batch 65-128/300 for class 20...
INFO:__main__:Processing batch 129-192/300 for class 20...
INFO:__main__:Processing batch 193-256/300 for class 20...
INFO:__main__:Processing batch 257-300/300 for class 20...
INFO:__main__:True label 20: MAP (avg over samples) = 20
INFO:__main__:[INFO] Saved results for class 20 (label=20)
INFO:__main__:[INFO] Running Softmax on test class 21 (label=21)...
INFO:__main__:[INFO] Downsampled from 449 to 300 samples.
INFO:__main__:Cached noise paths: shape=torch.Size([2, 1000, 128])
INFO:__main__:Processing batch 1-64/300 for class 21...
INFO:__main__:Processing batch 65-128/300 for class 21...
INFO:__main__:Processing batch 129-192/300 for class 21...
INFO:__main__:Processing batch 193-256/300 for class 21...
INFO:__main__:Processing batch 257-300/300 for class 21...
INFO:__main__:True label 21: MAP (avg over samples) = 21
INFO:__main__:[INFO] Saved results for class 21 (label=21)
INFO:__main__:[INFO] Running Softmax on test class 22 (label=22)...
INFO:__main__:[INFO] Downsampled from 90021 to 300 samples.
INFO:__main__:Cached noise paths: shape=torch.Size([2, 1000, 128])
INFO:__main__:Processing batch 1-64/300 for class 22...
INFO:__main__:Processing batch 65-128/300 for class 22...
INFO:__main__:Processing batch 129-192/300 for class 22...
INFO:__main__:Processing batch 193-256/300 for class 22...
INFO:__main__:Processing batch 257-300/300 for class 22...
INFO:__main__:True label 22: MAP (avg over samples) = 22
INFO:__main__:[INFO] Saved results for class 22 (label=22)
INFO:__main__:[INFO] Running Softmax on test class 23 (label=23)...
INFO:__main__:[INFO] Downsampled from 7750 to 300 samples.
INFO:__main__:Cached noise paths: shape=torch.Size([2, 1000, 128])
INFO:__main__:Processing batch 1-64/300 for class 23...
INFO:__main__:Processing batch 65-128/300 for class 23...
INFO:__main__:Processing batch 129-192/300 for class 23...
INFO:__main__:Processing batch 193-256/300 for class 23...
INFO:__main__:Processing batch 257-300/300 for class 23...
INFO:__main__:True label 23: MAP (avg over samples) = 23
INFO:__main__:[INFO] Saved results for class 23 (label=23)
INFO:__main__:[INFO] Running Softmax on test class 24 (label=24)...
INFO:__main__:[INFO] Downsampled from 1523 to 300 samples.
INFO:__main__:Cached noise paths: shape=torch.Size([2, 1000, 128])
INFO:__main__:Processing batch 1-64/300 for class 24...
INFO:__main__:Processing batch 65-128/300 for class 24...
INFO:__main__:Processing batch 129-192/300 for class 24...
INFO:__main__:Processing batch 193-256/300 for class 24...
INFO:__main__:Processing batch 257-300/300 for class 24...
INFO:__main__:True label 24: MAP (avg over samples) = 24
INFO:__main__:[INFO] Saved results for class 24 (label=24)
INFO:__main__:[INFO] Running Softmax on test class 25 (label=25)...
INFO:__main__:[INFO] Downsampled from 4753 to 300 samples.
INFO:__main__:Cached noise paths: shape=torch.Size([2, 1000, 128])
INFO:__main__:Processing batch 1-64/300 for class 25...
INFO:__main__:Processing batch 65-128/300 for class 25...
INFO:__main__:Processing batch 129-192/300 for class 25...
INFO:__main__:Processing batch 193-256/300 for class 25...
INFO:__main__:Processing batch 257-300/300 for class 25...
INFO:__main__:True label 25: MAP (avg over samples) = 25
INFO:__main__:[INFO] Saved results for class 25 (label=25)
INFO:__main__:[INFO] Running Softmax on test class 26 (label=26)...
INFO:__main__:[INFO] Downsampled from 3131 to 300 samples.
INFO:__main__:Cached noise paths: shape=torch.Size([2, 1000, 128])
INFO:__main__:Processing batch 1-64/300 for class 26...
INFO:__main__:Processing batch 65-128/300 for class 26...
INFO:__main__:Processing batch 129-192/300 for class 26...
INFO:__main__:Processing batch 193-256/300 for class 26...
INFO:__main__:Processing batch 257-300/300 for class 26...
INFO:__main__:True label 26: MAP (avg over samples) = 26
INFO:__main__:[INFO] Saved results for class 26 (label=26)
INFO:__main__:[INFO] Running Softmax on test class 27 (label=27)...
INFO:__main__:[INFO] Downsampled from 5238 to 300 samples.
INFO:__main__:Cached noise paths: shape=torch.Size([2, 1000, 128])
INFO:__main__:Processing batch 1-64/300 for class 27...
INFO:__main__:Processing batch 65-128/300 for class 27...
INFO:__main__:Processing batch 129-192/300 for class 27...
INFO:__main__:Processing batch 193-256/300 for class 27...
INFO:__main__:Processing batch 257-300/300 for class 27...
INFO:__main__:True label 27: MAP (avg over samples) = 27
INFO:__main__:[INFO] Saved results for class 27 (label=27)
INFO:__main__:[INFO] Running Softmax on test class 28 (label=28)...
INFO:__main__:[INFO] Downsampled from 4069 to 300 samples.
INFO:__main__:Cached noise paths: shape=torch.Size([2, 1000, 128])
INFO:__main__:Processing batch 1-64/300 for class 28...
INFO:__main__:Processing batch 65-128/300 for class 28...
INFO:__main__:Processing batch 129-192/300 for class 28...
INFO:__main__:Processing batch 193-256/300 for class 28...
INFO:__main__:Processing batch 257-300/300 for class 28...
INFO:__main__:True label 28: MAP (avg over samples) = 28
INFO:__main__:[INFO] Saved results for class 28 (label=28)
INFO:__main__:[INFO] Running Softmax on test class 29 (label=29)...
INFO:__main__:[INFO] Downsampled from 2139 to 300 samples.
INFO:__main__:Cached noise paths: shape=torch.Size([2, 1000, 128])
INFO:__main__:Processing batch 1-64/300 for class 29...
INFO:__main__:Processing batch 65-128/300 for class 29...
INFO:__main__:Processing batch 129-192/300 for class 29...
INFO:__main__:Processing batch 193-256/300 for class 29...
INFO:__main__:Processing batch 257-300/300 for class 29...
INFO:__main__:True label 29: MAP (avg over samples) = 29
INFO:__main__:[INFO] Saved results for class 29 (label=29)
INFO:__main__:[INFO] Running Softmax on test class 30 (label=30)...
INFO:__main__:[INFO] Downsampled from 24515 to 300 samples.
INFO:__main__:Cached noise paths: shape=torch.Size([2, 1000, 128])
INFO:__main__:Processing batch 1-64/300 for class 30...
INFO:__main__:Processing batch 65-128/300 for class 30...
INFO:__main__:Processing batch 129-192/300 for class 30...
INFO:__main__:Processing batch 193-256/300 for class 30...
INFO:__main__:Processing batch 257-300/300 for class 30...
INFO:__main__:True label 30: MAP (avg over samples) = 30
INFO:__main__:[INFO] Saved results for class 30 (label=30)
INFO:__main__:[INFO] Running Softmax on test class 31 (label=31)...
INFO:__main__:[INFO] Downsampled from 7055 to 300 samples.
INFO:__main__:Cached noise paths: shape=torch.Size([2, 1000, 128])
INFO:__main__:Processing batch 1-64/300 for class 31...
INFO:__main__:Processing batch 65-128/300 for class 31...
INFO:__main__:Processing batch 129-192/300 for class 31...
INFO:__main__:Processing batch 193-256/300 for class 31...
INFO:__main__:Processing batch 257-300/300 for class 31...
INFO:__main__:True label 31: MAP (avg over samples) = 31
INFO:__main__:[INFO] Saved results for class 31 (label=31)
INFO:__main__:[INFO] Running Softmax on test class 32 (label=32)...
INFO:__main__:[INFO] Downsampled from 1375 to 300 samples.
INFO:__main__:Cached noise paths: shape=torch.Size([2, 1000, 128])
INFO:__main__:Processing batch 1-64/300 for class 32...
INFO:__main__:Processing batch 65-128/300 for class 32...
INFO:__main__:Processing batch 129-192/300 for class 32...
INFO:__main__:Processing batch 193-256/300 for class 32...
INFO:__main__:Processing batch 257-300/300 for class 32...
INFO:__main__:True label 32: MAP (avg over samples) = 32
INFO:__main__:[INFO] Saved results for class 32 (label=32)
INFO:__main__:[INFO] Running Softmax on test class 33 (label=33)...
INFO:__main__:[INFO] Downsampled from 30010 to 300 samples.
INFO:__main__:Cached noise paths: shape=torch.Size([2, 1000, 128])
INFO:__main__:Processing batch 1-64/300 for class 33...
INFO:__main__:Processing batch 65-128/300 for class 33...
INFO:__main__:Processing batch 129-192/300 for class 33...
INFO:__main__:Processing batch 193-256/300 for class 33...
INFO:__main__:Processing batch 257-300/300 for class 33...
INFO:__main__:True label 33: MAP (avg over samples) = 33
INFO:__main__:[INFO] Saved results for class 33 (label=33)
INFO:__main__:[INFO] Running Softmax on test class 34 (label=34)...
INFO:__main__:[INFO] Downsampled from 21734 to 300 samples.
INFO:__main__:Cached noise paths: shape=torch.Size([2, 1000, 128])
INFO:__main__:Processing batch 1-64/300 for class 34...
INFO:__main__:Processing batch 65-128/300 for class 34...
INFO:__main__:Processing batch 129-192/300 for class 34...
INFO:__main__:Processing batch 193-256/300 for class 34...
INFO:__main__:Processing batch 257-300/300 for class 34...
INFO:__main__:True label 34: MAP (avg over samples) = 34
INFO:__main__:[INFO] Saved results for class 34 (label=34)
INFO:__main__:[INFO] Running Softmax on test class 35 (label=35)...
INFO:__main__:[INFO] Downsampled from 9405 to 300 samples.
INFO:__main__:Cached noise paths: shape=torch.Size([2, 1000, 128])
INFO:__main__:Processing batch 1-64/300 for class 35...
INFO:__main__:Processing batch 65-128/300 for class 35...
INFO:__main__:Processing batch 129-192/300 for class 35...
INFO:__main__:Processing batch 193-256/300 for class 35...
INFO:__main__:Processing batch 257-300/300 for class 35...
INFO:__main__:True label 35: MAP (avg over samples) = 35
INFO:__main__:[INFO] Saved results for class 35 (label=35)
INFO:__main__:[INFO] Running Softmax on test class 36 (label=36)...
INFO:__main__:[INFO] Downsampled from 17672 to 300 samples.
INFO:__main__:Cached noise paths: shape=torch.Size([2, 1000, 128])
INFO:__main__:Processing batch 1-64/300 for class 36...
INFO:__main__:Processing batch 65-128/300 for class 36...
INFO:__main__:Processing batch 129-192/300 for class 36...
INFO:__main__:Processing batch 193-256/300 for class 36...
INFO:__main__:Processing batch 257-300/300 for class 36...
INFO:__main__:True label 36: MAP (avg over samples) = 36
INFO:__main__:[INFO] Saved results for class 36 (label=36)
INFO:__main__:[INFO] Running Softmax on test class 37 (label=37)...
INFO:__main__:[INFO] Downsampled from 5235 to 300 samples.
INFO:__main__:Cached noise paths: shape=torch.Size([2, 1000, 128])
INFO:__main__:Processing batch 1-64/300 for class 37...
INFO:__main__:Processing batch 65-128/300 for class 37...
INFO:__main__:Processing batch 129-192/300 for class 37...
INFO:__main__:Processing batch 193-256/300 for class 37...
INFO:__main__:Processing batch 257-300/300 for class 37...
INFO:__main__:True label 37: MAP (avg over samples) = 37
INFO:__main__:[INFO] Saved results for class 37 (label=37)
INFO:__main__:[INFO] Running Softmax on test class 38 (label=38)...
INFO:__main__:[INFO] Downsampled from 27866 to 300 samples.
INFO:__main__:Cached noise paths: shape=torch.Size([2, 1000, 128])
INFO:__main__:Processing batch 1-64/300 for class 38...
INFO:__main__:Processing batch 65-128/300 for class 38...
INFO:__main__:Processing batch 129-192/300 for class 38...
INFO:__main__:Processing batch 193-256/300 for class 38...
INFO:__main__:Processing batch 257-300/300 for class 38...
INFO:__main__:True label 38: MAP (avg over samples) = 38
INFO:__main__:[INFO] Saved results for class 38 (label=38)
INFO:__main__:[INFO] Running Softmax on test class 39 (label=39)...
INFO:__main__:[INFO] Downsampled from 1121 to 300 samples.
INFO:__main__:Cached noise paths: shape=torch.Size([2, 1000, 128])
INFO:__main__:Processing batch 1-64/300 for class 39...
INFO:__main__:Processing batch 65-128/300 for class 39...
INFO:__main__:Processing batch 129-192/300 for class 39...
INFO:__main__:Processing batch 193-256/300 for class 39...
INFO:__main__:Processing batch 257-300/300 for class 39...
INFO:__main__:True label 39: MAP (avg over samples) = 39
INFO:__main__:[INFO] Saved results for class 39 (label=39)
INFO:__main__:[INFO] Running Softmax on test class 40 (label=40)...
INFO:__main__:[INFO] Downsampled from 25597 to 300 samples.
INFO:__main__:Cached noise paths: shape=torch.Size([2, 1000, 128])
INFO:__main__:Processing batch 1-64/300 for class 40...
INFO:__main__:Processing batch 65-128/300 for class 40...
INFO:__main__:Processing batch 129-192/300 for class 40...
INFO:__main__:Processing batch 193-256/300 for class 40...
INFO:__main__:Processing batch 257-300/300 for class 40...
INFO:__main__:True label 40: MAP (avg over samples) = 40
INFO:__main__:[INFO] Saved results for class 40 (label=40)
INFO:__main__:[INFO] Running Softmax on test class 41 (label=41)...
INFO:__main__:[INFO] Downsampled from 38846 to 300 samples.
INFO:__main__:Cached noise paths: shape=torch.Size([2, 1000, 128])
INFO:__main__:Processing batch 1-64/300 for class 41...
INFO:__main__:Processing batch 65-128/300 for class 41...
INFO:__main__:Processing batch 129-192/300 for class 41...
INFO:__main__:Processing batch 193-256/300 for class 41...
INFO:__main__:Processing batch 257-300/300 for class 41...
INFO:__main__:True label 41: MAP (avg over samples) = 41
INFO:__main__:[INFO] Saved results for class 41 (label=41)
INFO:__main__:[INFO] Running Softmax on test class 42 (label=42)...
INFO:__main__:[INFO] Downsampled from 2226 to 300 samples.
INFO:__main__:Cached noise paths: shape=torch.Size([2, 1000, 128])
INFO:__main__:Processing batch 1-64/300 for class 42...
INFO:__main__:Processing batch 65-128/300 for class 42...
INFO:__main__:Processing batch 129-192/300 for class 42...
INFO:__main__:Processing batch 193-256/300 for class 42...
INFO:__main__:Processing batch 257-300/300 for class 42...
INFO:__main__:True label 42: MAP (avg over samples) = 42
INFO:__main__:[INFO] Saved results for class 42 (label=42)
INFO:__main__:[INFO] Running Softmax on test class 43 (label=43)...
INFO:__main__:[INFO] Downsampled from 1070 to 300 samples.
INFO:__main__:Cached noise paths: shape=torch.Size([2, 1000, 128])
INFO:__main__:Processing batch 1-64/300 for class 43...
INFO:__main__:Processing batch 65-128/300 for class 43...
INFO:__main__:Processing batch 129-192/300 for class 43...
INFO:__main__:Processing batch 193-256/300 for class 43...
INFO:__main__:Processing batch 257-300/300 for class 43...
INFO:__main__:True label 43: MAP (avg over samples) = 43
INFO:__main__:[INFO] Saved results for class 43 (label=43)
INFO:__main__:[INFO] Running Softmax on test class 44 (label=44)...
INFO:__main__:[INFO] Downsampled from 76485 to 300 samples.
INFO:__main__:Cached noise paths: shape=torch.Size([2, 1000, 128])
INFO:__main__:Processing batch 1-64/300 for class 44...
INFO:__main__:Processing batch 65-128/300 for class 44...
INFO:__main__:Processing batch 129-192/300 for class 44...
INFO:__main__:Processing batch 193-256/300 for class 44...
INFO:__main__:Processing batch 257-300/300 for class 44...
INFO:__main__:True label 44: MAP (avg over samples) = 44
INFO:__main__:[INFO] Saved results for class 44 (label=44)
INFO:__main__:[INFO] Running Softmax on test class 45 (label=45)...
INFO:__main__:[INFO] Downsampled from 4748 to 300 samples.
INFO:__main__:Cached noise paths: shape=torch.Size([2, 1000, 128])
INFO:__main__:Processing batch 1-64/300 for class 45...
INFO:__main__:Processing batch 65-128/300 for class 45...
INFO:__main__:Processing batch 129-192/300 for class 45...
INFO:__main__:Processing batch 193-256/300 for class 45...
INFO:__main__:Processing batch 257-300/300 for class 45...
INFO:__main__:True label 45: MAP (avg over samples) = 45
INFO:__main__:[INFO] Saved results for class 45 (label=45)
INFO:__main__:[INFO] Running Softmax on test class 46 (label=46)...
INFO:__main__:[INFO] Downsampled from 10938 to 300 samples.
INFO:__main__:Cached noise paths: shape=torch.Size([2, 1000, 128])
INFO:__main__:Processing batch 1-64/300 for class 46...
INFO:__main__:Processing batch 65-128/300 for class 46...
INFO:__main__:Processing batch 129-192/300 for class 46...
INFO:__main__:Processing batch 193-256/300 for class 46...
INFO:__main__:Processing batch 257-300/300 for class 46...
INFO:__main__:True label 46: MAP (avg over samples) = 46
INFO:__main__:[INFO] Saved results for class 46 (label=46)
INFO:__main__:[INFO] Running Softmax on test class 47 (label=47)...
INFO:__main__:[INFO] Downsampled from 1322 to 300 samples.
INFO:__main__:Cached noise paths: shape=torch.Size([2, 1000, 128])
INFO:__main__:Processing batch 1-64/300 for class 47...
INFO:__main__:Processing batch 65-128/300 for class 47...
INFO:__main__:Processing batch 129-192/300 for class 47...
INFO:__main__:Processing batch 193-256/300 for class 47...
INFO:__main__:Processing batch 257-300/300 for class 47...
INFO:__main__:True label 47: MAP (avg over samples) = 47
INFO:__main__:[INFO] Saved results for class 47 (label=47)
INFO:__main__:[INFO] Running Softmax on test class 48 (label=48)...
INFO:__main__:[INFO] Downsampled from 9857 to 300 samples.
INFO:__main__:Cached noise paths: shape=torch.Size([2, 1000, 128])
INFO:__main__:Processing batch 1-64/300 for class 48...
INFO:__main__:Processing batch 65-128/300 for class 48...
INFO:__main__:Processing batch 129-192/300 for class 48...
INFO:__main__:Processing batch 193-256/300 for class 48...
INFO:__main__:Processing batch 257-300/300 for class 48...
INFO:__main__:True label 48: MAP (avg over samples) = 48
INFO:__main__:[INFO] Saved results for class 48 (label=48)
INFO:__main__:[INFO] Running Softmax on test class 49 (label=49)...
INFO:__main__:[INFO] Downsampled from 1943 to 300 samples.
INFO:__main__:Cached noise paths: shape=torch.Size([2, 1000, 128])
INFO:__main__:Processing batch 1-64/300 for class 49...
INFO:__main__:Processing batch 65-128/300 for class 49...
INFO:__main__:Processing batch 129-192/300 for class 49...
INFO:__main__:Processing batch 193-256/300 for class 49...
INFO:__main__:Processing batch 257-300/300 for class 49...
INFO:__main__:True label 49: MAP (avg over samples) = 49
INFO:__main__:[INFO] Saved results for class 49 (label=49)
INFO:__main__:[INFO] Running Softmax on test class 50 (label=50)...
INFO:__main__:[INFO] Downsampled from 129078 to 300 samples.
INFO:__main__:Cached noise paths: shape=torch.Size([2, 1000, 128])
INFO:__main__:Processing batch 1-64/300 for class 50...
INFO:__main__:Processing batch 65-128/300 for class 50...
INFO:__main__:Processing batch 129-192/300 for class 50...
INFO:__main__:Processing batch 193-256/300 for class 50...
INFO:__main__:Processing batch 257-300/300 for class 50...
INFO:__main__:True label 50: MAP (avg over samples) = 50
INFO:__main__:[INFO] Saved results for class 50 (label=50)
INFO:__main__:[INFO] Running Softmax on test class 51 (label=51)...
INFO:__main__:[INFO] Downsampled from 8066 to 300 samples.
INFO:__main__:Cached noise paths: shape=torch.Size([2, 1000, 128])
INFO:__main__:Processing batch 1-64/300 for class 51...
INFO:__main__:Processing batch 65-128/300 for class 51...
INFO:__main__:Processing batch 129-192/300 for class 51...
INFO:__main__:Processing batch 193-256/300 for class 51...
INFO:__main__:Processing batch 257-300/300 for class 51...
INFO:__main__:True label 51: MAP (avg over samples) = 51
INFO:__main__:[INFO] Saved results for class 51 (label=51)
INFO:__main__:[INFO] Running Softmax on test class 52 (label=52)...
INFO:__main__:[INFO] Downsampled from 9822 to 300 samples.
INFO:__main__:Cached noise paths: shape=torch.Size([2, 1000, 128])
INFO:__main__:Processing batch 1-64/300 for class 52...
INFO:__main__:Processing batch 65-128/300 for class 52...
INFO:__main__:Processing batch 129-192/300 for class 52...
INFO:__main__:Processing batch 193-256/300 for class 52...
INFO:__main__:Processing batch 257-300/300 for class 52...
INFO:__main__:True label 52: MAP (avg over samples) = 52
INFO:__main__:[INFO] Saved results for class 52 (label=52)
INFO:__main__:[INFO] Running Softmax on test class 53 (label=53)...
INFO:__main__:[INFO] Downsampled from 2870 to 300 samples.
INFO:__main__:Cached noise paths: shape=torch.Size([2, 1000, 128])
INFO:__main__:Processing batch 1-64/300 for class 53...
INFO:__main__:Processing batch 65-128/300 for class 53...
INFO:__main__:Processing batch 129-192/300 for class 53...
INFO:__main__:Processing batch 193-256/300 for class 53...
INFO:__main__:Processing batch 257-300/300 for class 53...
INFO:__main__:True label 53: MAP (avg over samples) = 53
INFO:__main__:[INFO] Saved results for class 53 (label=53)
INFO:__main__:[INFO] Running Softmax on test class 54 (label=54)...
INFO:__main__:[INFO] Downsampled from 12688 to 300 samples.
INFO:__main__:Cached noise paths: shape=torch.Size([2, 1000, 128])
INFO:__main__:Processing batch 1-64/300 for class 54...
INFO:__main__:Processing batch 65-128/300 for class 54...
INFO:__main__:Processing batch 129-192/300 for class 54...
INFO:__main__:Processing batch 193-256/300 for class 54...
INFO:__main__:Processing batch 257-300/300 for class 54...
INFO:__main__:True label 54: MAP (avg over samples) = 54
INFO:__main__:[INFO] Saved results for class 54 (label=54)
INFO:__main__:[INFO] Running Softmax on test class 55 (label=55)...
INFO:__main__:[INFO] Downsampled from 799 to 300 samples.
INFO:__main__:Cached noise paths: shape=torch.Size([2, 1000, 128])
INFO:__main__:Processing batch 1-64/300 for class 55...
INFO:__main__:Processing batch 65-128/300 for class 55...
INFO:__main__:Processing batch 129-192/300 for class 55...
INFO:__main__:Processing batch 193-256/300 for class 55...
INFO:__main__:Processing batch 257-300/300 for class 55...
INFO:__main__:True label 55: MAP (avg over samples) = 55
INFO:__main__:[INFO] Saved results for class 55 (label=55)
INFO:__main__:[INFO] Running Softmax on test class 56 (label=56)...
INFO:__main__:[INFO] Downsampled from 19009 to 300 samples.
INFO:__main__:Cached noise paths: shape=torch.Size([2, 1000, 128])
INFO:__main__:Processing batch 1-64/300 for class 56...
INFO:__main__:Processing batch 65-128/300 for class 56...
INFO:__main__:Processing batch 129-192/300 for class 56...
INFO:__main__:Processing batch 193-256/300 for class 56...
INFO:__main__:Processing batch 257-300/300 for class 56...
INFO:__main__:True label 56: MAP (avg over samples) = 56
INFO:__main__:[INFO] Saved results for class 56 (label=56)
INFO:__main__:[INFO] Running Softmax on test class 57 (label=57)...
INFO:__main__:[INFO] Downsampled from 16650 to 300 samples.
INFO:__main__:Cached noise paths: shape=torch.Size([2, 1000, 128])
INFO:__main__:Processing batch 1-64/300 for class 57...
INFO:__main__:Processing batch 65-128/300 for class 57...
INFO:__main__:Processing batch 129-192/300 for class 57...
INFO:__main__:Processing batch 193-256/300 for class 57...
INFO:__main__:Processing batch 257-300/300 for class 57...
INFO:__main__:True label 57: MAP (avg over samples) = 57
INFO:__main__:[INFO] Saved results for class 57 (label=57)
INFO:__main__:[INFO] Running Softmax on test class 58 (label=58)...
INFO:__main__:[INFO] Downsampled from 8940 to 300 samples.
INFO:__main__:Cached noise paths: shape=torch.Size([2, 1000, 128])
INFO:__main__:Processing batch 1-64/300 for class 58...
INFO:__main__:Processing batch 65-128/300 for class 58...
INFO:__main__:Processing batch 129-192/300 for class 58...
INFO:__main__:Processing batch 193-256/300 for class 58...
INFO:__main__:Processing batch 257-300/300 for class 58...
INFO:__main__:True label 58: MAP (avg over samples) = 58
INFO:__main__:[INFO] Saved results for class 58 (label=58)
INFO:__main__:[INFO] Running Softmax on test class 59 (label=59)...
INFO:__main__:[INFO] Downsampled from 17601 to 300 samples.
INFO:__main__:Cached noise paths: shape=torch.Size([2, 1000, 128])
INFO:__main__:Processing batch 1-64/300 for class 59...
INFO:__main__:Processing batch 65-128/300 for class 59...
INFO:__main__:Processing batch 129-192/300 for class 59...
INFO:__main__:Processing batch 193-256/300 for class 59...
INFO:__main__:Processing batch 257-300/300 for class 59...
INFO:__main__:True label 59: MAP (avg over samples) = 59
INFO:__main__:[INFO] Saved results for class 59 (label=59)
INFO:__main__:[INFO] Running Softmax on test class 60 (label=60)...
INFO:__main__:[INFO] Downsampled from 32774 to 300 samples.
INFO:__main__:Cached noise paths: shape=torch.Size([2, 1000, 128])
INFO:__main__:Processing batch 1-64/300 for class 60...
INFO:__main__:Processing batch 65-128/300 for class 60...
INFO:__main__:Processing batch 129-192/300 for class 60...
INFO:__main__:Processing batch 193-256/300 for class 60...
INFO:__main__:Processing batch 257-300/300 for class 60...
INFO:__main__:True label 60: MAP (avg over samples) = 60
INFO:__main__:[INFO] Saved results for class 60 (label=60)
INFO:__main__:[INFO] Running Softmax on test class 61 (label=61)...
INFO:__main__:[INFO] Downsampled from 1050 to 300 samples.
INFO:__main__:Cached noise paths: shape=torch.Size([2, 1000, 128])
INFO:__main__:Processing batch 1-64/300 for class 61...
INFO:__main__:Processing batch 65-128/300 for class 61...
INFO:__main__:Processing batch 129-192/300 for class 61...
INFO:__main__:Processing batch 193-256/300 for class 61...
INFO:__main__:Processing batch 257-300/300 for class 61...
INFO:__main__:True label 61: MAP (avg over samples) = 61
INFO:__main__:[INFO] Saved results for class 61 (label=61)
INFO:__main__:[INFO] Running Softmax on test class 62 (label=62)...
INFO:__main__:[INFO] Downsampled from 3070 to 300 samples.
INFO:__main__:Cached noise paths: shape=torch.Size([2, 1000, 128])
INFO:__main__:Processing batch 1-64/300 for class 62...
INFO:__main__:Processing batch 65-128/300 for class 62...
INFO:__main__:Processing batch 129-192/300 for class 62...
INFO:__main__:Processing batch 193-256/300 for class 62...
INFO:__main__:Processing batch 257-300/300 for class 62...
INFO:__main__:True label 62: MAP (avg over samples) = 62
INFO:__main__:[INFO] Saved results for class 62 (label=62)
INFO:__main__:[INFO] Running Softmax on test class 63 (label=63)...
INFO:__main__:[INFO] Downsampled from 46116 to 300 samples.
INFO:__main__:Cached noise paths: shape=torch.Size([2, 1000, 128])
INFO:__main__:Processing batch 1-64/300 for class 63...
INFO:__main__:Processing batch 65-128/300 for class 63...
INFO:__main__:Processing batch 129-192/300 for class 63...
INFO:__main__:Processing batch 193-256/300 for class 63...
INFO:__main__:Processing batch 257-300/300 for class 63...
INFO:__main__:True label 63: MAP (avg over samples) = 63
INFO:__main__:[INFO] Saved results for class 63 (label=63)
INFO:__main__:[INFO] Running Softmax on test class 64 (label=64)...
INFO:__main__:[INFO] Downsampled from 4406 to 300 samples.
INFO:__main__:Cached noise paths: shape=torch.Size([2, 1000, 128])
INFO:__main__:Processing batch 1-64/300 for class 64...
INFO:__main__:Processing batch 65-128/300 for class 64...
INFO:__main__:Processing batch 129-192/300 for class 64...
INFO:__main__:Processing batch 193-256/300 for class 64...
INFO:__main__:Processing batch 257-300/300 for class 64...
INFO:__main__:True label 64: MAP (avg over samples) = 64
INFO:__main__:[INFO] Saved results for class 64 (label=64)
INFO:__main__:[INFO] Running Softmax on test class 65 (label=65)...
INFO:__main__:[INFO] Downsampled from 5719 to 300 samples.
INFO:__main__:Cached noise paths: shape=torch.Size([2, 1000, 128])
INFO:__main__:Processing batch 1-64/300 for class 65...
INFO:__main__:Processing batch 65-128/300 for class 65...
INFO:__main__:Processing batch 129-192/300 for class 65...
INFO:__main__:Processing batch 193-256/300 for class 65...
INFO:__main__:Processing batch 257-300/300 for class 65...
INFO:__main__:True label 65: MAP (avg over samples) = 65
INFO:__main__:[INFO] Saved results for class 65 (label=65)
INFO:__main__:[INFO] Running Softmax on test class 66 (label=66)...
INFO:__main__:[INFO] Downsampled from 2568 to 300 samples.
INFO:__main__:Cached noise paths: shape=torch.Size([2, 1000, 128])
INFO:__main__:Processing batch 1-64/300 for class 66...
INFO:__main__:Processing batch 65-128/300 for class 66...
INFO:__main__:Processing batch 129-192/300 for class 66...
INFO:__main__:Processing batch 193-256/300 for class 66...
INFO:__main__:Processing batch 257-300/300 for class 66...
INFO:__main__:True label 66: MAP (avg over samples) = 66
INFO:__main__:[INFO] Saved results for class 66 (label=66)
INFO:__main__:[INFO] Running Softmax on test class 67 (label=67)...
INFO:__main__:[INFO] Downsampled from 16529 to 300 samples.
INFO:__main__:Cached noise paths: shape=torch.Size([2, 1000, 128])
INFO:__main__:Processing batch 1-64/300 for class 67...
INFO:__main__:Processing batch 65-128/300 for class 67...
INFO:__main__:Processing batch 129-192/300 for class 67...
INFO:__main__:Processing batch 193-256/300 for class 67...
INFO:__main__:Processing batch 257-300/300 for class 67...
INFO:__main__:True label 67: MAP (avg over samples) = 67
INFO:__main__:[INFO] Saved results for class 67 (label=67)
INFO:__main__:[INFO] Running Softmax on test class 68 (label=68)...
INFO:__main__:[INFO] Downsampled from 874 to 300 samples.
INFO:__main__:Cached noise paths: shape=torch.Size([2, 1000, 128])
INFO:__main__:Processing batch 1-64/300 for class 68...
INFO:__main__:Processing batch 65-128/300 for class 68...
INFO:__main__:Processing batch 129-192/300 for class 68...
INFO:__main__:Processing batch 193-256/300 for class 68...
INFO:__main__:Processing batch 257-300/300 for class 68...
INFO:__main__:True label 68: MAP (avg over samples) = 68
INFO:__main__:[INFO] Saved results for class 68 (label=68)
INFO:__main__:[INFO] Running Softmax on test class 69 (label=69)...
INFO:__main__:[INFO] Downsampled from 662 to 300 samples.
INFO:__main__:Cached noise paths: shape=torch.Size([2, 1000, 128])
INFO:__main__:Processing batch 1-64/300 for class 69...
INFO:__main__:Processing batch 65-128/300 for class 69...
INFO:__main__:Processing batch 129-192/300 for class 69...
INFO:__main__:Processing batch 193-256/300 for class 69...
INFO:__main__:Processing batch 257-300/300 for class 69...
INFO:__main__:True label 69: MAP (avg over samples) = 69
INFO:__main__:[INFO] Saved results for class 69 (label=69)
INFO:__main__:[INFO] Running Softmax on test class 70 (label=70)...
INFO:__main__:[INFO] Downsampled from 19404 to 300 samples.
INFO:__main__:Cached noise paths: shape=torch.Size([2, 1000, 128])
INFO:__main__:Processing batch 1-64/300 for class 70...
INFO:__main__:Processing batch 65-128/300 for class 70...
INFO:__main__:Processing batch 129-192/300 for class 70...
INFO:__main__:Processing batch 193-256/300 for class 70...
INFO:__main__:Processing batch 257-300/300 for class 70...
INFO:__main__:True label 70: MAP (avg over samples) = 70
INFO:__main__:[INFO] Saved results for class 70 (label=70)
INFO:__main__:[INFO] Running Softmax on test class 71 (label=71)...
INFO:__main__:[INFO] Downsampled from 400 to 300 samples.
INFO:__main__:Cached noise paths: shape=torch.Size([2, 1000, 128])
INFO:__main__:Processing batch 1-64/300 for class 71...
INFO:__main__:Processing batch 65-128/300 for class 71...
INFO:__main__:Processing batch 129-192/300 for class 71...
INFO:__main__:Processing batch 193-256/300 for class 71...
INFO:__main__:Processing batch 257-300/300 for class 71...
INFO:__main__:True label 71: MAP (avg over samples) = 71
INFO:__main__:[INFO] Saved results for class 71 (label=71)
INFO:__main__:[INFO] Running Softmax on test class 72 (label=72)...
INFO:__main__:[INFO] Downsampled from 12365 to 300 samples.
INFO:__main__:Cached noise paths: shape=torch.Size([2, 1000, 128])
INFO:__main__:Processing batch 1-64/300 for class 72...
INFO:__main__:Processing batch 65-128/300 for class 72...
INFO:__main__:Processing batch 129-192/300 for class 72...
INFO:__main__:Processing batch 193-256/300 for class 72...
INFO:__main__:Processing batch 257-300/300 for class 72...
INFO:__main__:True label 72: MAP (avg over samples) = 72
INFO:__main__:[INFO] Saved results for class 72 (label=72)
INFO:__main__:[INFO] Running Softmax on test class 73 (label=73)...
INFO:__main__:[INFO] Downsampled from 1280 to 300 samples.
INFO:__main__:Cached noise paths: shape=torch.Size([2, 1000, 128])
INFO:__main__:Processing batch 1-64/300 for class 73...
INFO:__main__:Processing batch 65-128/300 for class 73...
INFO:__main__:Processing batch 129-192/300 for class 73...
INFO:__main__:Processing batch 193-256/300 for class 73...
INFO:__main__:Processing batch 257-300/300 for class 73...
INFO:__main__:True label 73: MAP (avg over samples) = 73
INFO:__main__:[INFO] Saved results for class 73 (label=73)
INFO:__main__:[INFO] Running Softmax on test class 74 (label=74)...
INFO:__main__:[INFO] Downsampled from 31763 to 300 samples.
INFO:__main__:Cached noise paths: shape=torch.Size([2, 1000, 128])
INFO:__main__:Processing batch 1-64/300 for class 74...
INFO:__main__:Processing batch 65-128/300 for class 74...
INFO:__main__:Processing batch 129-192/300 for class 74...
INFO:__main__:Processing batch 193-256/300 for class 74...
INFO:__main__:Processing batch 257-300/300 for class 74...
INFO:__main__:True label 74: MAP (avg over samples) = 74
INFO:__main__:[INFO] Saved results for class 74 (label=74)
INFO:__main__:[INFO] Running Softmax on test class 75 (label=75)...
INFO:__main__:[INFO] Downsampled from 24405 to 300 samples.
INFO:__main__:Cached noise paths: shape=torch.Size([2, 1000, 128])
INFO:__main__:Processing batch 1-64/300 for class 75...
INFO:__main__:Processing batch 65-128/300 for class 75...
INFO:__main__:Processing batch 129-192/300 for class 75...
INFO:__main__:Processing batch 193-256/300 for class 75...
INFO:__main__:Processing batch 257-300/300 for class 75...
INFO:__main__:True label 75: MAP (avg over samples) = 75
INFO:__main__:[INFO] Saved results for class 75 (label=75)
INFO:__main__:[INFO] Running Softmax on test class 76 (label=76)...
INFO:__main__:[INFO] Downsampled from 1771 to 300 samples.
INFO:__main__:Cached noise paths: shape=torch.Size([2, 1000, 128])
INFO:__main__:Processing batch 1-64/300 for class 76...
INFO:__main__:Processing batch 65-128/300 for class 76...
INFO:__main__:Processing batch 129-192/300 for class 76...
INFO:__main__:Processing batch 193-256/300 for class 76...
INFO:__main__:Processing batch 257-300/300 for class 76...
INFO:__main__:True label 76: MAP (avg over samples) = 76
INFO:__main__:[INFO] Saved results for class 76 (label=76)
INFO:__main__:[INFO] Running Softmax on test class 77 (label=77)...
INFO:__main__:[INFO] Downsampled from 22718 to 300 samples.
INFO:__main__:Cached noise paths: shape=torch.Size([2, 1000, 128])
INFO:__main__:Processing batch 1-64/300 for class 77...
INFO:__main__:Processing batch 65-128/300 for class 77...
INFO:__main__:Processing batch 129-192/300 for class 77...
INFO:__main__:Processing batch 193-256/300 for class 77...
INFO:__main__:Processing batch 257-300/300 for class 77...
INFO:__main__:True label 77: MAP (avg over samples) = 77
INFO:__main__:[INFO] Saved results for class 77 (label=77)
INFO:__main__:[INFO] Running Softmax on test class 78 (label=78)...
INFO:__main__:[INFO] Downsampled from 17876 to 300 samples.
INFO:__main__:Cached noise paths: shape=torch.Size([2, 1000, 128])
INFO:__main__:Processing batch 1-64/300 for class 78...
INFO:__main__:Processing batch 65-128/300 for class 78...
INFO:__main__:Processing batch 129-192/300 for class 78...
INFO:__main__:Processing batch 193-256/300 for class 78...
INFO:__main__:Processing batch 257-300/300 for class 78...
INFO:__main__:True label 78: MAP (avg over samples) = 78
INFO:__main__:[INFO] Saved results for class 78 (label=78)
INFO:__main__:[INFO] Running Softmax on test class 79 (label=79)...
INFO:__main__:[INFO] Downsampled from 2732 to 300 samples.
INFO:__main__:Cached noise paths: shape=torch.Size([2, 1000, 128])
INFO:__main__:Processing batch 1-64/300 for class 79...
INFO:__main__:Processing batch 65-128/300 for class 79...
INFO:__main__:Processing batch 129-192/300 for class 79...
INFO:__main__:Processing batch 193-256/300 for class 79...
INFO:__main__:Processing batch 257-300/300 for class 79...
INFO:__main__:True label 79: MAP (avg over samples) = 79
INFO:__main__:[INFO] Saved results for class 79 (label=79)
INFO:__main__:[INFO] Running Softmax on test class 80 (label=80)...
INFO:__main__:[INFO] Downsampled from 811 to 300 samples.
INFO:__main__:Cached noise paths: shape=torch.Size([2, 1000, 128])
INFO:__main__:Processing batch 1-64/300 for class 80...
INFO:__main__:Processing batch 65-128/300 for class 80...
INFO:__main__:Processing batch 129-192/300 for class 80...
INFO:__main__:Processing batch 193-256/300 for class 80...
INFO:__main__:Processing batch 257-300/300 for class 80...
INFO:__main__:True label 80: MAP (avg over samples) = 80
INFO:__main__:[INFO] Saved results for class 80 (label=80)
INFO:__main__:[INFO] Running Softmax on test class 81 (label=81)...
INFO:__main__:[INFO] Downsampled from 7216 to 300 samples.
INFO:__main__:Cached noise paths: shape=torch.Size([2, 1000, 128])
INFO:__main__:Processing batch 1-64/300 for class 81...
INFO:__main__:Processing batch 65-128/300 for class 81...
INFO:__main__:Processing batch 129-192/300 for class 81...
INFO:__main__:Processing batch 193-256/300 for class 81...
INFO:__main__:Processing batch 257-300/300 for class 81...
INFO:__main__:True label 81: MAP (avg over samples) = 81
INFO:__main__:[INFO] Saved results for class 81 (label=81)
INFO:__main__:[INFO] Running Softmax on test class 82 (label=82)...
INFO:__main__:[INFO] Downsampled from 814 to 300 samples.
INFO:__main__:Cached noise paths: shape=torch.Size([2, 1000, 128])
INFO:__main__:Processing batch 1-64/300 for class 82...
INFO:__main__:Processing batch 65-128/300 for class 82...
INFO:__main__:Processing batch 129-192/300 for class 82...
INFO:__main__:Processing batch 193-256/300 for class 82...
INFO:__main__:Processing batch 257-300/300 for class 82...
INFO:__main__:True label 82: MAP (avg over samples) = 82
INFO:__main__:[INFO] Saved results for class 82 (label=82)
INFO:__main__:[INFO] Running Softmax on test class 83 (label=83)...
INFO:__main__:[INFO] Downsampled from 1562 to 300 samples.
INFO:__main__:Cached noise paths: shape=torch.Size([2, 1000, 128])
INFO:__main__:Processing batch 1-64/300 for class 83...
INFO:__main__:Processing batch 65-128/300 for class 83...
INFO:__main__:Processing batch 129-192/300 for class 83...
INFO:__main__:Processing batch 193-256/300 for class 83...
INFO:__main__:Processing batch 257-300/300 for class 83...
INFO:__main__:True label 83: MAP (avg over samples) = 83
INFO:__main__:[INFO] Saved results for class 83 (label=83)
INFO:__main__:[INFO] Running Softmax on test class 84 (label=84)...
INFO:__main__:[INFO] Downsampled from 1452 to 300 samples.
INFO:__main__:Cached noise paths: shape=torch.Size([2, 1000, 128])
INFO:__main__:Processing batch 1-64/300 for class 84...
INFO:__main__:Processing batch 65-128/300 for class 84...
INFO:__main__:Processing batch 129-192/300 for class 84...
INFO:__main__:Processing batch 193-256/300 for class 84...
INFO:__main__:Processing batch 257-300/300 for class 84...
INFO:__main__:True label 84: MAP (avg over samples) = 84
INFO:__main__:[INFO] Saved results for class 84 (label=84)
INFO:__main__:[INFO] Running Softmax on test class 85 (label=85)...
INFO:__main__:[INFO] Downsampled from 1254 to 300 samples.
INFO:__main__:Cached noise paths: shape=torch.Size([2, 1000, 128])
INFO:__main__:Processing batch 1-64/300 for class 85...
INFO:__main__:Processing batch 65-128/300 for class 85...
INFO:__main__:Processing batch 129-192/300 for class 85...
INFO:__main__:Processing batch 193-256/300 for class 85...
INFO:__main__:Processing batch 257-300/300 for class 85...
INFO:__main__:True label 85: MAP (avg over samples) = 85
INFO:__main__:[INFO] Saved results for class 85 (label=85)
INFO:__main__:[INFO] Running Softmax on test class 86 (label=86)...
INFO:__main__:[INFO] Downsampled from 1610 to 300 samples.
INFO:__main__:Cached noise paths: shape=torch.Size([2, 1000, 128])
INFO:__main__:Processing batch 1-64/300 for class 86...
INFO:__main__:Processing batch 65-128/300 for class 86...
INFO:__main__:Processing batch 129-192/300 for class 86...
INFO:__main__:Processing batch 193-256/300 for class 86...
INFO:__main__:Processing batch 257-300/300 for class 86...
INFO:__main__:True label 86: MAP (avg over samples) = 86
INFO:__main__:[INFO] Saved results for class 86 (label=86)
INFO:__main__:[INFO] Running Softmax on test class 87 (label=87)...
INFO:__main__:[INFO] Downsampled from 646 to 300 samples.
INFO:__main__:Cached noise paths: shape=torch.Size([2, 1000, 128])
INFO:__main__:Processing batch 1-64/300 for class 87...
INFO:__main__:Processing batch 65-128/300 for class 87...
INFO:__main__:Processing batch 129-192/300 for class 87...
INFO:__main__:Processing batch 193-256/300 for class 87...
INFO:__main__:Processing batch 257-300/300 for class 87...
INFO:__main__:True label 87: MAP (avg over samples) = 87
INFO:__main__:[INFO] Saved results for class 87 (label=87)
INFO:__main__:[INFO] Running Softmax on test class 88 (label=88)...
INFO:__main__:[INFO] Downsampled from 2211 to 300 samples.
INFO:__main__:Cached noise paths: shape=torch.Size([2, 1000, 128])
INFO:__main__:Processing batch 1-64/300 for class 88...
INFO:__main__:Processing batch 65-128/300 for class 88...
INFO:__main__:Processing batch 129-192/300 for class 88...
INFO:__main__:Processing batch 193-256/300 for class 88...
INFO:__main__:Processing batch 257-300/300 for class 88...
INFO:__main__:True label 88: MAP (avg over samples) = 88
INFO:__main__:[INFO] Saved results for class 88 (label=88)
INFO:__main__:[INFO] Running Softmax on test class 89 (label=89)...
INFO:__main__:[INFO] Downsampled from 983 to 300 samples.
INFO:__main__:Cached noise paths: shape=torch.Size([2, 1000, 128])
INFO:__main__:Processing batch 1-64/300 for class 89...
INFO:__main__:Processing batch 65-128/300 for class 89...
INFO:__main__:Processing batch 129-192/300 for class 89...
INFO:__main__:Processing batch 193-256/300 for class 89...
INFO:__main__:Processing batch 257-300/300 for class 89...
INFO:__main__:True label 89: MAP (avg over samples) = 89
INFO:__main__:[INFO] Saved results for class 89 (label=89)
INFO:__main__:[INFO] Running Softmax on test class 90 (label=90)...
INFO:__main__:[INFO] Downsampled from 3235 to 300 samples.
INFO:__main__:Cached noise paths: shape=torch.Size([2, 1000, 128])
INFO:__main__:Processing batch 1-64/300 for class 90...
INFO:__main__:Processing batch 65-128/300 for class 90...
INFO:__main__:Processing batch 129-192/300 for class 90...
INFO:__main__:Processing batch 193-256/300 for class 90...
INFO:__main__:Processing batch 257-300/300 for class 90...
INFO:__main__:True label 90: MAP (avg over samples) = 90
INFO:__main__:[INFO] Saved results for class 90 (label=90)
INFO:__main__:[INFO] Running Softmax on test class 91 (label=91)...
INFO:__main__:[INFO] Downsampled from 2700 to 300 samples.
INFO:__main__:Cached noise paths: shape=torch.Size([2, 1000, 128])
INFO:__main__:Processing batch 1-64/300 for class 91...
INFO:__main__:Processing batch 65-128/300 for class 91...
INFO:__main__:Processing batch 129-192/300 for class 91...
INFO:__main__:Processing batch 193-256/300 for class 91...
INFO:__main__:Processing batch 257-300/300 for class 91...
INFO:__main__:True label 91: MAP (avg over samples) = 91
INFO:__main__:[INFO] Saved results for class 91 (label=91)
INFO:__main__:[INFO] Running Softmax on test class 92 (label=92)...
INFO:__main__:[INFO] Downsampled from 3375 to 300 samples.
INFO:__main__:Cached noise paths: shape=torch.Size([2, 1000, 128])
INFO:__main__:Processing batch 1-64/300 for class 92...
INFO:__main__:Processing batch 65-128/300 for class 92...
INFO:__main__:Processing batch 129-192/300 for class 92...
INFO:__main__:Processing batch 193-256/300 for class 92...
INFO:__main__:Processing batch 257-300/300 for class 92...
INFO:__main__:True label 92: MAP (avg over samples) = 92
INFO:__main__:[INFO] Saved results for class 92 (label=92)
INFO:__main__:[INFO] Running Softmax on test class 93 (label=93)...
INFO:__main__:[INFO] Downsampled from 1941 to 300 samples.
INFO:__main__:Cached noise paths: shape=torch.Size([2, 1000, 128])
INFO:__main__:Processing batch 1-64/300 for class 93...
INFO:__main__:Processing batch 65-128/300 for class 93...
INFO:__main__:Processing batch 129-192/300 for class 93...
INFO:__main__:Processing batch 193-256/300 for class 93...
INFO:__main__:Processing batch 257-300/300 for class 93...
INFO:__main__:True label 93: MAP (avg over samples) = 93
INFO:__main__:[INFO] Saved results for class 93 (label=93)
INFO:__main__:[INFO] Running Softmax on test class 94 (label=94)...
INFO:__main__:[INFO] Downsampled from 3946 to 300 samples.
INFO:__main__:Cached noise paths: shape=torch.Size([2, 1000, 128])
INFO:__main__:Processing batch 1-64/300 for class 94...
INFO:__main__:Processing batch 65-128/300 for class 94...
INFO:__main__:Processing batch 129-192/300 for class 94...
INFO:__main__:Processing batch 193-256/300 for class 94...
INFO:__main__:Processing batch 257-300/300 for class 94...
INFO:__main__:True label 94: MAP (avg over samples) = 94
INFO:__main__:[INFO] Saved results for class 94 (label=94)
INFO:__main__:[INFO] Running Softmax on test class 95 (label=95)...
INFO:__main__:[INFO] Downsampled from 1631 to 300 samples.
INFO:__main__:Cached noise paths: shape=torch.Size([2, 1000, 128])
INFO:__main__:Processing batch 1-64/300 for class 95...
INFO:__main__:Processing batch 65-128/300 for class 95...
INFO:__main__:Processing batch 129-192/300 for class 95...
INFO:__main__:Processing batch 193-256/300 for class 95...
INFO:__main__:Processing batch 257-300/300 for class 95...
INFO:__main__:True label 95: MAP (avg over samples) = 95
INFO:__main__:[INFO] Saved results for class 95 (label=95)
INFO:__main__:[INFO] Running Softmax on test class 96 (label=96)...
INFO:__main__:[INFO] Downsampled from 10628 to 300 samples.
INFO:__main__:Cached noise paths: shape=torch.Size([2, 1000, 128])
INFO:__main__:Processing batch 1-64/300 for class 96...
INFO:__main__:Processing batch 65-128/300 for class 96...
INFO:__main__:Processing batch 129-192/300 for class 96...
INFO:__main__:Processing batch 193-256/300 for class 96...
INFO:__main__:Processing batch 257-300/300 for class 96...
INFO:__main__:True label 96: MAP (avg over samples) = 96
INFO:__main__:[INFO] Saved results for class 96 (label=96)
INFO:__main__:[INFO] Running Softmax on test class 97 (label=97)...
INFO:__main__:[INFO] Downsampled from 1186 to 300 samples.
INFO:__main__:Cached noise paths: shape=torch.Size([2, 1000, 128])
INFO:__main__:Processing batch 1-64/300 for class 97...
INFO:__main__:Processing batch 65-128/300 for class 97...
INFO:__main__:Processing batch 129-192/300 for class 97...
INFO:__main__:Processing batch 193-256/300 for class 97...
INFO:__main__:Processing batch 257-300/300 for class 97...
INFO:__main__:True label 97: MAP (avg over samples) = 97
INFO:__main__:[INFO] Saved results for class 97 (label=97)
INFO:__main__:[INFO] Running Softmax on test class 98 (label=98)...
INFO:__main__:[INFO] Downsampled from 882 to 300 samples.
INFO:__main__:Cached noise paths: shape=torch.Size([2, 1000, 128])
INFO:__main__:Processing batch 1-64/300 for class 98...
INFO:__main__:Processing batch 65-128/300 for class 98...
INFO:__main__:Processing batch 129-192/300 for class 98...
INFO:__main__:Processing batch 193-256/300 for class 98...
INFO:__main__:Processing batch 257-300/300 for class 98...
INFO:__main__:True label 98: MAP (avg over samples) = 98
INFO:__main__:[INFO] Saved results for class 98 (label=98)
INFO:__main__:[INFO] Running Softmax on test class 99 (label=99)...
INFO:__main__:[INFO] Downsampled from 7359 to 300 samples.
INFO:__main__:Cached noise paths: shape=torch.Size([2, 1000, 128])
INFO:__main__:Processing batch 1-64/300 for class 99...
INFO:__main__:Processing batch 65-128/300 for class 99...
INFO:__main__:Processing batch 129-192/300 for class 99...
INFO:__main__:Processing batch 193-256/300 for class 99...
INFO:__main__:Processing batch 257-300/300 for class 99...
INFO:__main__:True label 99: MAP (avg over samples) = 99
INFO:__main__:[INFO] Saved results for class 99 (label=99)
INFO:__main__:[INFO] Running Softmax on test class 100 (label=100)...
INFO:__main__:[INFO] Downsampled from 7533 to 300 samples.
INFO:__main__:Cached noise paths: shape=torch.Size([2, 1000, 128])
INFO:__main__:Processing batch 1-64/300 for class 100...
INFO:__main__:Processing batch 65-128/300 for class 100...
INFO:__main__:Processing batch 129-192/300 for class 100...
INFO:__main__:Processing batch 193-256/300 for class 100...
INFO:__main__:Processing batch 257-300/300 for class 100...
INFO:__main__:True label 100: MAP (avg over samples) = 100
INFO:__main__:[INFO] Saved results for class 100 (label=100)
INFO:__main__:[INFO] Running Softmax on test class 101 (label=101)...
INFO:__main__:[INFO] Downsampled from 37938 to 300 samples.
INFO:__main__:Cached noise paths: shape=torch.Size([2, 1000, 128])
INFO:__main__:Processing batch 1-64/300 for class 101...
INFO:__main__:Processing batch 65-128/300 for class 101...
INFO:__main__:Processing batch 129-192/300 for class 101...
INFO:__main__:Processing batch 193-256/300 for class 101...
INFO:__main__:Processing batch 257-300/300 for class 101...
INFO:__main__:True label 101: MAP (avg over samples) = 101
INFO:__main__:[INFO] Saved results for class 101 (label=101)
INFO:__main__:[INFO] Running Softmax on test class 102 (label=102)...
INFO:__main__:[INFO] Downsampled from 2704 to 300 samples.
INFO:__main__:Cached noise paths: shape=torch.Size([2, 1000, 128])
INFO:__main__:Processing batch 1-64/300 for class 102...
INFO:__main__:Processing batch 65-128/300 for class 102...
INFO:__main__:Processing batch 129-192/300 for class 102...
INFO:__main__:Processing batch 193-256/300 for class 102...
INFO:__main__:Processing batch 257-300/300 for class 102...
INFO:__main__:True label 102: MAP (avg over samples) = 102
INFO:__main__:[INFO] Saved results for class 102 (label=102)
INFO:__main__:[INFO] Running Softmax on test class 103 (label=103)...
INFO:__main__:[INFO] Downsampled from 1688 to 300 samples.
INFO:__main__:Cached noise paths: shape=torch.Size([2, 1000, 128])
INFO:__main__:Processing batch 1-64/300 for class 103...
INFO:__main__:Processing batch 65-128/300 for class 103...
INFO:__main__:Processing batch 129-192/300 for class 103...
INFO:__main__:Processing batch 193-256/300 for class 103...
INFO:__main__:Processing batch 257-300/300 for class 103...
INFO:__main__:True label 103: MAP (avg over samples) = 103
INFO:__main__:[INFO] Saved results for class 103 (label=103)
INFO:__main__:[INFO] Running Softmax on test class 104 (label=104)...
INFO:__main__:[INFO] Downsampled from 7917 to 300 samples.
INFO:__main__:Cached noise paths: shape=torch.Size([2, 1000, 128])
INFO:__main__:Processing batch 1-64/300 for class 104...
INFO:__main__:Processing batch 65-128/300 for class 104...
INFO:__main__:Processing batch 129-192/300 for class 104...
INFO:__main__:Processing batch 193-256/300 for class 104...
INFO:__main__:Processing batch 257-300/300 for class 104...
INFO:__main__:True label 104: MAP (avg over samples) = 104
INFO:__main__:[INFO] Saved results for class 104 (label=104)
INFO:__main__:[INFO] Running Softmax on test class 105 (label=105)...
INFO:__main__:[INFO] Downsampled from 1645 to 300 samples.
INFO:__main__:Cached noise paths: shape=torch.Size([2, 1000, 128])
INFO:__main__:Processing batch 1-64/300 for class 105...
INFO:__main__:Processing batch 65-128/300 for class 105...
INFO:__main__:Processing batch 129-192/300 for class 105...
INFO:__main__:Processing batch 193-256/300 for class 105...
INFO:__main__:Processing batch 257-300/300 for class 105...
INFO:__main__:True label 105: MAP (avg over samples) = 105
INFO:__main__:[INFO] Saved results for class 105 (label=105)
INFO:__main__:[INFO] Running Softmax on test class 106 (label=106)...
INFO:__main__:[INFO] Downsampled from 84965 to 300 samples.
INFO:__main__:Cached noise paths: shape=torch.Size([2, 1000, 128])
INFO:__main__:Processing batch 1-64/300 for class 106...
INFO:__main__:Processing batch 65-128/300 for class 106...
INFO:__main__:Processing batch 129-192/300 for class 106...
INFO:__main__:Processing batch 193-256/300 for class 106...
INFO:__main__:Processing batch 257-300/300 for class 106...
INFO:__main__:True label 106: MAP (avg over samples) = 106
INFO:__main__:[INFO] Saved results for class 106 (label=106)
INFO:__main__:[INFO] Running Softmax on test class 107 (label=107)...
INFO:__main__:[INFO] Downsampled from 12606 to 300 samples.
INFO:__main__:Cached noise paths: shape=torch.Size([2, 1000, 128])
INFO:__main__:Processing batch 1-64/300 for class 107...
INFO:__main__:Processing batch 65-128/300 for class 107...
INFO:__main__:Processing batch 129-192/300 for class 107...
INFO:__main__:Processing batch 193-256/300 for class 107...
INFO:__main__:Processing batch 257-300/300 for class 107...
INFO:__main__:True label 107: MAP (avg over samples) = 107
INFO:__main__:[INFO] Saved results for class 107 (label=107)
INFO:__main__:[INFO] Running Softmax on test class 108 (label=108)...
INFO:__main__:[INFO] Downsampled from 837 to 300 samples.
INFO:__main__:Cached noise paths: shape=torch.Size([2, 1000, 128])
INFO:__main__:Processing batch 1-64/300 for class 108...
INFO:__main__:Processing batch 65-128/300 for class 108...
INFO:__main__:Processing batch 129-192/300 for class 108...
INFO:__main__:Processing batch 193-256/300 for class 108...
INFO:__main__:Processing batch 257-300/300 for class 108...
INFO:__main__:True label 108: MAP (avg over samples) = 108
INFO:__main__:[INFO] Saved results for class 108 (label=108)
INFO:__main__:[INFO] Running Softmax on test class 109 (label=109)...
INFO:__main__:[INFO] Downsampled from 10953 to 300 samples.
INFO:__main__:Cached noise paths: shape=torch.Size([2, 1000, 128])
INFO:__main__:Processing batch 1-64/300 for class 109...
INFO:__main__:Processing batch 65-128/300 for class 109...
INFO:__main__:Processing batch 129-192/300 for class 109...
INFO:__main__:Processing batch 193-256/300 for class 109...
INFO:__main__:Processing batch 257-300/300 for class 109...
INFO:__main__:True label 109: MAP (avg over samples) = 109
INFO:__main__:[INFO] Saved results for class 109 (label=109)
INFO:__main__:[INFO] Running Softmax on test class 110 (label=110)...
INFO:__main__:[INFO] Downsampled from 6498 to 300 samples.
INFO:__main__:Cached noise paths: shape=torch.Size([2, 1000, 128])
INFO:__main__:Processing batch 1-64/300 for class 110...
INFO:__main__:Processing batch 65-128/300 for class 110...
INFO:__main__:Processing batch 129-192/300 for class 110...
INFO:__main__:Processing batch 193-256/300 for class 110...
INFO:__main__:Processing batch 257-300/300 for class 110...
INFO:__main__:True label 110: MAP (avg over samples) = 110
INFO:__main__:[INFO] Saved results for class 110 (label=110)
INFO:__main__:[INFO] Running Softmax on test class 111 (label=111)...
INFO:__main__:[INFO] Downsampled from 40462 to 300 samples.
INFO:__main__:Cached noise paths: shape=torch.Size([2, 1000, 128])
INFO:__main__:Processing batch 1-64/300 for class 111...
INFO:__main__:Processing batch 65-128/300 for class 111...
INFO:__main__:Processing batch 129-192/300 for class 111...
INFO:__main__:Processing batch 193-256/300 for class 111...
INFO:__main__:Processing batch 257-300/300 for class 111...
INFO:__main__:True label 111: MAP (avg over samples) = 111
INFO:__main__:[INFO] Saved results for class 111 (label=111)
INFO:__main__:[INFO] Running Softmax on test class 112 (label=112)...
INFO:__main__:[INFO] Downsampled from 2774 to 300 samples.
INFO:__main__:Cached noise paths: shape=torch.Size([2, 1000, 128])
INFO:__main__:Processing batch 1-64/300 for class 112...
INFO:__main__:Processing batch 65-128/300 for class 112...
INFO:__main__:Processing batch 129-192/300 for class 112...
INFO:__main__:Processing batch 193-256/300 for class 112...
INFO:__main__:Processing batch 257-300/300 for class 112...
INFO:__main__:True label 112: MAP (avg over samples) = 112
INFO:__main__:[INFO] Saved results for class 112 (label=112)
INFO:__main__:[INFO] Running Softmax on test class 113 (label=113)...
INFO:__main__:[INFO] Downsampled from 731 to 300 samples.
INFO:__main__:Cached noise paths: shape=torch.Size([2, 1000, 128])
INFO:__main__:Processing batch 1-64/300 for class 113...
INFO:__main__:Processing batch 65-128/300 for class 113...
INFO:__main__:Processing batch 129-192/300 for class 113...
INFO:__main__:Processing batch 193-256/300 for class 113...
INFO:__main__:Processing batch 257-300/300 for class 113...
INFO:__main__:True label 113: MAP (avg over samples) = 113
INFO:__main__:[INFO] Saved results for class 113 (label=113)
INFO:__main__:[INFO] Running Softmax on test class 114 (label=114)...
INFO:__main__:[INFO] Downsampled from 23164 to 300 samples.
INFO:__main__:Cached noise paths: shape=torch.Size([2, 1000, 128])
INFO:__main__:Processing batch 1-64/300 for class 114...
INFO:__main__:Processing batch 65-128/300 for class 114...
INFO:__main__:Processing batch 129-192/300 for class 114...
INFO:__main__:Processing batch 193-256/300 for class 114...
INFO:__main__:Processing batch 257-300/300 for class 114...
INFO:__main__:True label 114: MAP (avg over samples) = 114
INFO:__main__:[INFO] Saved results for class 114 (label=114)
INFO:__main__:[INFO] Running Softmax on test class 115 (label=115)...
INFO:__main__:[INFO] Downsampled from 594 to 300 samples.
INFO:__main__:Cached noise paths: shape=torch.Size([2, 1000, 128])
INFO:__main__:Processing batch 1-64/300 for class 115...
INFO:__main__:Processing batch 65-128/300 for class 115...
INFO:__main__:Processing batch 129-192/300 for class 115...
INFO:__main__:Processing batch 193-256/300 for class 115...
INFO:__main__:Processing batch 257-300/300 for class 115...
INFO:__main__:True label 115: MAP (avg over samples) = 27
INFO:__main__:[INFO] Saved results for class 115 (label=115)
INFO:__main__:[INFO] Running Softmax on test class 116 (label=116)...
INFO:__main__:[INFO] Downsampled from 2341 to 300 samples.
INFO:__main__:Cached noise paths: shape=torch.Size([2, 1000, 128])
INFO:__main__:Processing batch 1-64/300 for class 116...
INFO:__main__:Processing batch 65-128/300 for class 116...
INFO:__main__:Processing batch 129-192/300 for class 116...
INFO:__main__:Processing batch 193-256/300 for class 116...
INFO:__main__:Processing batch 257-300/300 for class 116...
INFO:__main__:True label 116: MAP (avg over samples) = 116
INFO:__main__:[INFO] Saved results for class 116 (label=116)
INFO:__main__:[INFO] Running Softmax on test class 117 (label=117)...
INFO:__main__:[INFO] Downsampled from 26575 to 300 samples.
INFO:__main__:Cached noise paths: shape=torch.Size([2, 1000, 128])
INFO:__main__:Processing batch 1-64/300 for class 117...
INFO:__main__:Processing batch 65-128/300 for class 117...
INFO:__main__:Processing batch 129-192/300 for class 117...
INFO:__main__:Processing batch 193-256/300 for class 117...
INFO:__main__:Processing batch 257-300/300 for class 117...
INFO:__main__:True label 117: MAP (avg over samples) = 117
INFO:__main__:[INFO] Saved results for class 117 (label=117)
INFO:__main__:[INFO] Running Softmax on test class 118 (label=118)...
INFO:__main__:[INFO] Downsampled from 74764 to 300 samples.
INFO:__main__:Cached noise paths: shape=torch.Size([2, 1000, 128])
INFO:__main__:Processing batch 1-64/300 for class 118...
INFO:__main__:Processing batch 65-128/300 for class 118...
INFO:__main__:Processing batch 129-192/300 for class 118...
INFO:__main__:Processing batch 193-256/300 for class 118...
INFO:__main__:Processing batch 257-300/300 for class 118...
INFO:__main__:True label 118: MAP (avg over samples) = 118
INFO:__main__:[INFO] Saved results for class 118 (label=118)
INFO:__main__:[INFO] Running Softmax on test class 119 (label=119)...
INFO:__main__:[INFO] Downsampled from 12646 to 300 samples.
INFO:__main__:Cached noise paths: shape=torch.Size([2, 1000, 128])
INFO:__main__:Processing batch 1-64/300 for class 119...
INFO:__main__:Processing batch 65-128/300 for class 119...
INFO:__main__:Processing batch 129-192/300 for class 119...
INFO:__main__:Processing batch 193-256/300 for class 119...
INFO:__main__:Processing batch 257-300/300 for class 119...
INFO:__main__:True label 119: MAP (avg over samples) = 119
INFO:__main__:[INFO] Saved results for class 119 (label=119)
INFO:__main__:[INFO] Running Softmax on test class 120 (label=120)...
INFO:__main__:[INFO] Downsampled from 1265 to 300 samples.
INFO:__main__:Cached noise paths: shape=torch.Size([2, 1000, 128])
INFO:__main__:Processing batch 1-64/300 for class 120...
INFO:__main__:Processing batch 65-128/300 for class 120...
INFO:__main__:Processing batch 129-192/300 for class 120...
INFO:__main__:Processing batch 193-256/300 for class 120...
INFO:__main__:Processing batch 257-300/300 for class 120...
INFO:__main__:True label 120: MAP (avg over samples) = 120
INFO:__main__:[INFO] Saved results for class 120 (label=120)
INFO:__main__:[INFO] Running Softmax on test class 121 (label=121)...
INFO:__main__:[INFO] Downsampled from 6590 to 300 samples.
INFO:__main__:Cached noise paths: shape=torch.Size([2, 1000, 128])
INFO:__main__:Processing batch 1-64/300 for class 121...
INFO:__main__:Processing batch 65-128/300 for class 121...
INFO:__main__:Processing batch 129-192/300 for class 121...
INFO:__main__:Processing batch 193-256/300 for class 121...
INFO:__main__:Processing batch 257-300/300 for class 121...
INFO:__main__:True label 121: MAP (avg over samples) = 121
INFO:__main__:[INFO] Saved results for class 121 (label=121)
INFO:__main__:[INFO] Running Softmax on test class 122 (label=122)...
INFO:__main__:[INFO] Downsampled from 39592 to 300 samples.
INFO:__main__:Cached noise paths: shape=torch.Size([2, 1000, 128])
INFO:__main__:Processing batch 1-64/300 for class 122...
INFO:__main__:Processing batch 65-128/300 for class 122...
INFO:__main__:Processing batch 129-192/300 for class 122...
INFO:__main__:Processing batch 193-256/300 for class 122...
INFO:__main__:Processing batch 257-300/300 for class 122...
INFO:__main__:True label 122: MAP (avg over samples) = 122
INFO:__main__:[INFO] Saved results for class 122 (label=122)
INFO:__main__:[INFO] Running Softmax on test class 123 (label=123)...
INFO:__main__:[INFO] Downsampled from 1704 to 300 samples.
INFO:__main__:Cached noise paths: shape=torch.Size([2, 1000, 128])
INFO:__main__:Processing batch 1-64/300 for class 123...
INFO:__main__:Processing batch 65-128/300 for class 123...
INFO:__main__:Processing batch 129-192/300 for class 123...
INFO:__main__:Processing batch 193-256/300 for class 123...
INFO:__main__:Processing batch 257-300/300 for class 123...
INFO:__main__:True label 123: MAP (avg over samples) = 123
INFO:__main__:[INFO] Saved results for class 123 (label=123)
INFO:__main__:[INFO] Running Softmax on test class 124 (label=124)...
INFO:__main__:[INFO] Downsampled from 128337 to 300 samples.
INFO:__main__:Cached noise paths: shape=torch.Size([2, 1000, 128])
INFO:__main__:Processing batch 1-64/300 for class 124...
INFO:__main__:Processing batch 65-128/300 for class 124...
INFO:__main__:Processing batch 129-192/300 for class 124...
INFO:__main__:Processing batch 193-256/300 for class 124...
INFO:__main__:Processing batch 257-300/300 for class 124...
INFO:__main__:True label 124: MAP (avg over samples) = 124
INFO:__main__:[INFO] Saved results for class 124 (label=124)
INFO:__main__:[INFO] Running Softmax on test class 125 (label=125)...
INFO:__main__:[INFO] Downsampled from 42371 to 300 samples.
INFO:__main__:Cached noise paths: shape=torch.Size([2, 1000, 128])
INFO:__main__:Processing batch 1-64/300 for class 125...
INFO:__main__:Processing batch 65-128/300 for class 125...
INFO:__main__:Processing batch 129-192/300 for class 125...
INFO:__main__:Processing batch 193-256/300 for class 125...
INFO:__main__:Processing batch 257-300/300 for class 125...
INFO:__main__:True label 125: MAP (avg over samples) = 125
INFO:__main__:[INFO] Saved results for class 125 (label=125)
INFO:__main__:[INFO] Running Softmax on test class 126 (label=126)...
INFO:__main__:[INFO] Downsampled from 2795 to 300 samples.
INFO:__main__:Cached noise paths: shape=torch.Size([2, 1000, 128])
INFO:__main__:Processing batch 1-64/300 for class 126...
INFO:__main__:Processing batch 65-128/300 for class 126...
INFO:__main__:Processing batch 129-192/300 for class 126...
INFO:__main__:Processing batch 193-256/300 for class 126...
INFO:__main__:Processing batch 257-300/300 for class 126...
INFO:__main__:True label 126: MAP (avg over samples) = 126
INFO:__main__:[INFO] Saved results for class 126 (label=126)
INFO:__main__:[INFO] Running Softmax on test class 127 (label=127)...
INFO:__main__:[INFO] Downsampled from 105372 to 300 samples.
INFO:__main__:Cached noise paths: shape=torch.Size([2, 1000, 128])
INFO:__main__:Processing batch 1-64/300 for class 127...
INFO:__main__:Processing batch 65-128/300 for class 127...
INFO:__main__:Processing batch 129-192/300 for class 127...
INFO:__main__:Processing batch 193-256/300 for class 127...
INFO:__main__:Processing batch 257-300/300 for class 127...
INFO:__main__:True label 127: MAP (avg over samples) = 127
INFO:__main__:[INFO] Saved results for class 127 (label=127)
INFO:__main__:[INFO] Running Softmax on test class 128 (label=128)...
INFO:__main__:[INFO] Downsampled from 2599 to 300 samples.
INFO:__main__:Cached noise paths: shape=torch.Size([2, 1000, 128])
INFO:__main__:Processing batch 1-64/300 for class 128...
INFO:__main__:Processing batch 65-128/300 for class 128...
INFO:__main__:Processing batch 129-192/300 for class 128...
INFO:__main__:Processing batch 193-256/300 for class 128...
INFO:__main__:Processing batch 257-300/300 for class 128...
INFO:__main__:True label 128: MAP (avg over samples) = 128
INFO:__main__:[INFO] Saved results for class 128 (label=128)
INFO:__main__:[INFO] Running Softmax on test class 129 (label=129)...
INFO:__main__:[INFO] Downsampled from 458578 to 300 samples.
INFO:__main__:Cached noise paths: shape=torch.Size([2, 1000, 128])
INFO:__main__:Processing batch 1-64/300 for class 129...
INFO:__main__:Processing batch 65-128/300 for class 129...
INFO:__main__:Processing batch 129-192/300 for class 129...
INFO:__main__:Processing batch 193-256/300 for class 129...
INFO:__main__:Processing batch 257-300/300 for class 129...
INFO:__main__:True label 129: MAP (avg over samples) = 129
INFO:__main__:[INFO] Saved results for class 129 (label=129)
INFO:__main__:[INFO] Running Softmax on test class 130 (label=130)...
INFO:__main__:[INFO] Downsampled from 3657 to 300 samples.
INFO:__main__:Cached noise paths: shape=torch.Size([2, 1000, 128])
INFO:__main__:Processing batch 1-64/300 for class 130...
INFO:__main__:Processing batch 65-128/300 for class 130...
INFO:__main__:Processing batch 129-192/300 for class 130...
INFO:__main__:Processing batch 193-256/300 for class 130...
INFO:__main__:Processing batch 257-300/300 for class 130...
INFO:__main__:True label 130: MAP (avg over samples) = 130
INFO:__main__:[INFO] Saved results for class 130 (label=130)
INFO:__main__:[INFO] Running Softmax on test class 131 (label=131)...
INFO:__main__:[INFO] Downsampled from 19755 to 300 samples.
INFO:__main__:Cached noise paths: shape=torch.Size([2, 1000, 128])
INFO:__main__:Processing batch 1-64/300 for class 131...
INFO:__main__:Processing batch 65-128/300 for class 131...
INFO:__main__:Processing batch 129-192/300 for class 131...
INFO:__main__:Processing batch 193-256/300 for class 131...
INFO:__main__:Processing batch 257-300/300 for class 131...
INFO:__main__:True label 131: MAP (avg over samples) = 131
INFO:__main__:[INFO] Saved results for class 131 (label=131)
INFO:__main__:[INFO] Running Softmax on test class 132 (label=132)...
INFO:__main__:[INFO] Downsampled from 86241 to 300 samples.
INFO:__main__:Cached noise paths: shape=torch.Size([2, 1000, 128])
INFO:__main__:Processing batch 1-64/300 for class 132...
INFO:__main__:Processing batch 65-128/300 for class 132...
INFO:__main__:Processing batch 129-192/300 for class 132...
INFO:__main__:Processing batch 193-256/300 for class 132...
INFO:__main__:Processing batch 257-300/300 for class 132...
INFO:__main__:True label 132: MAP (avg over samples) = 132
INFO:__main__:[INFO] Saved results for class 132 (label=132)
INFO:__main__:[INFO] Running Softmax on test class 133 (label=133)...
INFO:__main__:[INFO] Downsampled from 21897 to 300 samples.
INFO:__main__:Cached noise paths: shape=torch.Size([2, 1000, 128])
INFO:__main__:Processing batch 1-64/300 for class 133...
INFO:__main__:Processing batch 65-128/300 for class 133...
INFO:__main__:Processing batch 129-192/300 for class 133...
INFO:__main__:Processing batch 193-256/300 for class 133...
INFO:__main__:Processing batch 257-300/300 for class 133...
INFO:__main__:True label 133: MAP (avg over samples) = 133
INFO:__main__:[INFO] Saved results for class 133 (label=133)
INFO:__main__:[INFO] Running Softmax on test class 134 (label=134)...
INFO:__main__:[INFO] Downsampled from 452 to 300 samples.
INFO:__main__:Cached noise paths: shape=torch.Size([2, 1000, 128])
INFO:__main__:Processing batch 1-64/300 for class 134...
INFO:__main__:Processing batch 65-128/300 for class 134...
INFO:__main__:Processing batch 129-192/300 for class 134...
INFO:__main__:Processing batch 193-256/300 for class 134...
INFO:__main__:Processing batch 257-300/300 for class 134...
INFO:__main__:True label 134: MAP (avg over samples) = 134
INFO:__main__:[INFO] Saved results for class 134 (label=134)
INFO:__main__:[INFO] Running Softmax on test class 135 (label=135)...
INFO:__main__:[INFO] Downsampled from 33693 to 300 samples.
INFO:__main__:Cached noise paths: shape=torch.Size([2, 1000, 128])
INFO:__main__:Processing batch 1-64/300 for class 135...
INFO:__main__:Processing batch 65-128/300 for class 135...
INFO:__main__:Processing batch 129-192/300 for class 135...
INFO:__main__:Processing batch 193-256/300 for class 135...
INFO:__main__:Processing batch 257-300/300 for class 135...
INFO:__main__:True label 135: MAP (avg over samples) = 135
INFO:__main__:[INFO] Saved results for class 135 (label=135)
INFO:__main__:[INFO] Running Softmax on test class 136 (label=136)...
INFO:__main__:[INFO] Downsampled from 35813 to 300 samples.
INFO:__main__:Cached noise paths: shape=torch.Size([2, 1000, 128])
INFO:__main__:Processing batch 1-64/300 for class 136...
INFO:__main__:Processing batch 65-128/300 for class 136...
INFO:__main__:Processing batch 129-192/300 for class 136...
INFO:__main__:Processing batch 193-256/300 for class 136...
INFO:__main__:Processing batch 257-300/300 for class 136...
INFO:__main__:True label 136: MAP (avg over samples) = 136
INFO:__main__:[INFO] Saved results for class 136 (label=136)
INFO:__main__:[INFO] Running Softmax on test class 137 (label=137)...
INFO:__main__:[INFO] Downsampled from 4674 to 300 samples.
INFO:__main__:Cached noise paths: shape=torch.Size([2, 1000, 128])
INFO:__main__:Processing batch 1-64/300 for class 137...
INFO:__main__:Processing batch 65-128/300 for class 137...
INFO:__main__:Processing batch 129-192/300 for class 137...
INFO:__main__:Processing batch 193-256/300 for class 137...
INFO:__main__:Processing batch 257-300/300 for class 137...
INFO:__main__:True label 137: MAP (avg over samples) = 137
INFO:__main__:[INFO] Saved results for class 137 (label=137)
INFO:__main__:[INFO] Running Softmax on test class 138 (label=138)...
INFO:__main__:[INFO] Downsampled from 8079 to 300 samples.
INFO:__main__:Cached noise paths: shape=torch.Size([2, 1000, 128])
INFO:__main__:Processing batch 1-64/300 for class 138...
INFO:__main__:Processing batch 65-128/300 for class 138...
INFO:__main__:Processing batch 129-192/300 for class 138...
INFO:__main__:Processing batch 193-256/300 for class 138...
INFO:__main__:Processing batch 257-300/300 for class 138...
INFO:__main__:True label 138: MAP (avg over samples) = 138
INFO:__main__:[INFO] Saved results for class 138 (label=138)
INFO:__main__:[INFO] Running Softmax on test class 139 (label=139)...
INFO:__main__:[INFO] Downsampled from 6310 to 300 samples.
INFO:__main__:Cached noise paths: shape=torch.Size([2, 1000, 128])
INFO:__main__:Processing batch 1-64/300 for class 139...
INFO:__main__:Processing batch 65-128/300 for class 139...
INFO:__main__:Processing batch 129-192/300 for class 139...
INFO:__main__:Processing batch 193-256/300 for class 139...
INFO:__main__:Processing batch 257-300/300 for class 139...
INFO:__main__:True label 139: MAP (avg over samples) = 139
INFO:__main__:[INFO] Saved results for class 139 (label=139)
INFO:__main__:[INFO] Running Softmax on test class 140 (label=140)...
INFO:__main__:[INFO] Downsampled from 2765 to 300 samples.
INFO:__main__:Cached noise paths: shape=torch.Size([2, 1000, 128])
INFO:__main__:Processing batch 1-64/300 for class 140...
INFO:__main__:Processing batch 65-128/300 for class 140...
INFO:__main__:Processing batch 129-192/300 for class 140...
INFO:__main__:Processing batch 193-256/300 for class 140...
INFO:__main__:Processing batch 257-300/300 for class 140...
INFO:__main__:True label 140: MAP (avg over samples) = 140
INFO:__main__:[INFO] Saved results for class 140 (label=140)
INFO:__main__:[INFO] Running Softmax on test class 141 (label=141)...
INFO:__main__:[INFO] Downsampled from 3713 to 300 samples.
INFO:__main__:Cached noise paths: shape=torch.Size([2, 1000, 128])
INFO:__main__:Processing batch 1-64/300 for class 141...
INFO:__main__:Processing batch 65-128/300 for class 141...
INFO:__main__:Processing batch 129-192/300 for class 141...
INFO:__main__:Processing batch 193-256/300 for class 141...
INFO:__main__:Processing batch 257-300/300 for class 141...
INFO:__main__:True label 141: MAP (avg over samples) = 141
INFO:__main__:[INFO] Saved results for class 141 (label=141)
INFO:__main__:[INFO] Running Softmax on test class 142 (label=142)...
INFO:__main__:[INFO] Downsampled from 2051 to 300 samples.
INFO:__main__:Cached noise paths: shape=torch.Size([2, 1000, 128])
INFO:__main__:Processing batch 1-64/300 for class 142...
INFO:__main__:Processing batch 65-128/300 for class 142...
INFO:__main__:Processing batch 129-192/300 for class 142...
INFO:__main__:Processing batch 193-256/300 for class 142...
INFO:__main__:Processing batch 257-300/300 for class 142...
INFO:__main__:True label 142: MAP (avg over samples) = 142
INFO:__main__:[INFO] Saved results for class 142 (label=142)
INFO:__main__:[INFO] Running Softmax on test class 143 (label=143)...
INFO:__main__:[INFO] Downsampled from 1421 to 300 samples.
INFO:__main__:Cached noise paths: shape=torch.Size([2, 1000, 128])
INFO:__main__:Processing batch 1-64/300 for class 143...
INFO:__main__:Processing batch 65-128/300 for class 143...
INFO:__main__:Processing batch 129-192/300 for class 143...
INFO:__main__:Processing batch 193-256/300 for class 143...
INFO:__main__:Processing batch 257-300/300 for class 143...
INFO:__main__:True label 143: MAP (avg over samples) = 143
INFO:__main__:[INFO] Saved results for class 143 (label=143)
INFO:__main__:[INFO] Running Softmax on test class 144 (label=144)...
INFO:__main__:[INFO] Downsampled from 10249 to 300 samples.
INFO:__main__:Cached noise paths: shape=torch.Size([2, 1000, 128])
INFO:__main__:Processing batch 1-64/300 for class 144...
INFO:__main__:Processing batch 65-128/300 for class 144...
INFO:__main__:Processing batch 129-192/300 for class 144...
INFO:__main__:Processing batch 193-256/300 for class 144...
INFO:__main__:Processing batch 257-300/300 for class 144...
INFO:__main__:True label 144: MAP (avg over samples) = 144
INFO:__main__:[INFO] Saved results for class 144 (label=144)
INFO:__main__:[INFO] Running Softmax on test class 145 (label=145)...
INFO:__main__:[INFO] Downsampled from 22047 to 300 samples.
INFO:__main__:Cached noise paths: shape=torch.Size([2, 1000, 128])
INFO:__main__:Processing batch 1-64/300 for class 145...
INFO:__main__:Processing batch 65-128/300 for class 145...
INFO:__main__:Processing batch 129-192/300 for class 145...
INFO:__main__:Processing batch 193-256/300 for class 145...
INFO:__main__:Processing batch 257-300/300 for class 145...
INFO:__main__:True label 145: MAP (avg over samples) = 145
INFO:__main__:[INFO] Saved results for class 145 (label=145)
INFO:__main__:[INFO] Running Softmax on test class 146 (label=146)...
INFO:__main__:[INFO] Downsampled from 421 to 300 samples.
INFO:__main__:Cached noise paths: shape=torch.Size([2, 1000, 128])
INFO:__main__:Processing batch 1-64/300 for class 146...
INFO:__main__:Processing batch 65-128/300 for class 146...
INFO:__main__:Processing batch 129-192/300 for class 146...
INFO:__main__:Processing batch 193-256/300 for class 146...
INFO:__main__:Processing batch 257-300/300 for class 146...
INFO:__main__:True label 146: MAP (avg over samples) = 146
INFO:__main__:[INFO] Saved results for class 146 (label=146)
INFO:__main__:[INFO] Running Softmax on test class 147 (label=147)...
INFO:__main__:[INFO] Downsampled from 11381 to 300 samples.
INFO:__main__:Cached noise paths: shape=torch.Size([2, 1000, 128])
INFO:__main__:Processing batch 1-64/300 for class 147...
INFO:__main__:Processing batch 65-128/300 for class 147...
INFO:__main__:Processing batch 129-192/300 for class 147...
INFO:__main__:Processing batch 193-256/300 for class 147...
INFO:__main__:Processing batch 257-300/300 for class 147...
INFO:__main__:True label 147: MAP (avg over samples) = 147
INFO:__main__:[INFO] Saved results for class 147 (label=147)
INFO:__main__:[INFO] Running Softmax on test class 148 (label=148)...
INFO:__main__:[INFO] Downsampled from 353 to 300 samples.
INFO:__main__:Cached noise paths: shape=torch.Size([2, 1000, 128])
INFO:__main__:Processing batch 1-64/300 for class 148...
INFO:__main__:Processing batch 65-128/300 for class 148...
INFO:__main__:Processing batch 129-192/300 for class 148...
INFO:__main__:Processing batch 193-256/300 for class 148...
INFO:__main__:Processing batch 257-300/300 for class 148...
INFO:__main__:True label 148: MAP (avg over samples) = 148
INFO:__main__:[INFO] Saved results for class 148 (label=148)
INFO:__main__:[INFO] Running Softmax on test class 149 (label=149)...
INFO:__main__:[INFO] Downsampled from 4600 to 300 samples.
INFO:__main__:Cached noise paths: shape=torch.Size([2, 1000, 128])
INFO:__main__:Processing batch 1-64/300 for class 149...
INFO:__main__:Processing batch 65-128/300 for class 149...
INFO:__main__:Processing batch 129-192/300 for class 149...
INFO:__main__:Processing batch 193-256/300 for class 149...
INFO:__main__:Processing batch 257-300/300 for class 149...
INFO:__main__:True label 149: MAP (avg over samples) = 149
INFO:__main__:[INFO] Saved results for class 149 (label=149)
INFO:__main__:[INFO] Running Softmax on test class 150 (label=150)...
INFO:__main__:[INFO] Downsampled from 6401 to 300 samples.
INFO:__main__:Cached noise paths: shape=torch.Size([2, 1000, 128])
INFO:__main__:Processing batch 1-64/300 for class 150...
INFO:__main__:Processing batch 65-128/300 for class 150...
INFO:__main__:Processing batch 129-192/300 for class 150...
INFO:__main__:Processing batch 193-256/300 for class 150...
INFO:__main__:Processing batch 257-300/300 for class 150...
INFO:__main__:True label 150: MAP (avg over samples) = 150
INFO:__main__:[INFO] Saved results for class 150 (label=150)
INFO:__main__:[INFO] Running Softmax on test class 151 (label=151)...
INFO:__main__:[INFO] Downsampled from 2382 to 300 samples.
INFO:__main__:Cached noise paths: shape=torch.Size([2, 1000, 128])
INFO:__main__:Processing batch 1-64/300 for class 151...
INFO:__main__:Processing batch 65-128/300 for class 151...
INFO:__main__:Processing batch 129-192/300 for class 151...
INFO:__main__:Processing batch 193-256/300 for class 151...
INFO:__main__:Processing batch 257-300/300 for class 151...
INFO:__main__:True label 151: MAP (avg over samples) = 151
INFO:__main__:[INFO] Saved results for class 151 (label=151)
INFO:__main__:[INFO] Running Softmax on test class 152 (label=152)...
INFO:__main__:[INFO] Downsampled from 89620 to 300 samples.
INFO:__main__:Cached noise paths: shape=torch.Size([2, 1000, 128])
INFO:__main__:Processing batch 1-64/300 for class 152...
INFO:__main__:Processing batch 65-128/300 for class 152...
INFO:__main__:Processing batch 129-192/300 for class 152...
INFO:__main__:Processing batch 193-256/300 for class 152...
INFO:__main__:Processing batch 257-300/300 for class 152...
INFO:__main__:True label 152: MAP (avg over samples) = 152
INFO:__main__:[INFO] Saved results for class 152 (label=152)
INFO:__main__:[INFO] Running Softmax on test class 153 (label=153)...
INFO:__main__:[INFO] Downsampled from 8581 to 300 samples.
INFO:__main__:Cached noise paths: shape=torch.Size([2, 1000, 128])
INFO:__main__:Processing batch 1-64/300 for class 153...
INFO:__main__:Processing batch 65-128/300 for class 153...
INFO:__main__:Processing batch 129-192/300 for class 153...
INFO:__main__:Processing batch 193-256/300 for class 153...
INFO:__main__:Processing batch 257-300/300 for class 153...
INFO:__main__:True label 153: MAP (avg over samples) = 153
INFO:__main__:[INFO] Saved results for class 153 (label=153)
INFO:__main__:[INFO] Running Softmax on test class 154 (label=154)...
INFO:__main__:[INFO] Downsampled from 2491 to 300 samples.
INFO:__main__:Cached noise paths: shape=torch.Size([2, 1000, 128])
INFO:__main__:Processing batch 1-64/300 for class 154...
INFO:__main__:Processing batch 65-128/300 for class 154...
INFO:__main__:Processing batch 129-192/300 for class 154...
INFO:__main__:Processing batch 193-256/300 for class 154...
INFO:__main__:Processing batch 257-300/300 for class 154...
INFO:__main__:True label 154: MAP (avg over samples) = 154
INFO:__main__:[INFO] Saved results for class 154 (label=154)
INFO:__main__:[INFO] Running Softmax on test class 155 (label=155)...
INFO:__main__:[INFO] Downsampled from 5292 to 300 samples.
INFO:__main__:Cached noise paths: shape=torch.Size([2, 1000, 128])
INFO:__main__:Processing batch 1-64/300 for class 155...
INFO:__main__:Processing batch 65-128/300 for class 155...
INFO:__main__:Processing batch 129-192/300 for class 155...
INFO:__main__:Processing batch 193-256/300 for class 155...
INFO:__main__:Processing batch 257-300/300 for class 155...
INFO:__main__:True label 155: MAP (avg over samples) = 155
INFO:__main__:[INFO] Saved results for class 155 (label=155)
INFO:__main__:[INFO] Running Softmax on test class 156 (label=156)...
INFO:__main__:[INFO] Downsampled from 10653 to 300 samples.
INFO:__main__:Cached noise paths: shape=torch.Size([2, 1000, 128])
INFO:__main__:Processing batch 1-64/300 for class 156...
INFO:__main__:Processing batch 65-128/300 for class 156...
INFO:__main__:Processing batch 129-192/300 for class 156...
INFO:__main__:Processing batch 193-256/300 for class 156...
INFO:__main__:Processing batch 257-300/300 for class 156...
INFO:__main__:True label 156: MAP (avg over samples) = 156
INFO:__main__:[INFO] Saved results for class 156 (label=156)
INFO:__main__:[INFO] Running Softmax on test class 157 (label=157)...
INFO:__main__:[INFO] Downsampled from 2415 to 300 samples.
INFO:__main__:Cached noise paths: shape=torch.Size([2, 1000, 128])
INFO:__main__:Processing batch 1-64/300 for class 157...
INFO:__main__:Processing batch 65-128/300 for class 157...
INFO:__main__:Processing batch 129-192/300 for class 157...
INFO:__main__:Processing batch 193-256/300 for class 157...
INFO:__main__:Processing batch 257-300/300 for class 157...
INFO:__main__:True label 157: MAP (avg over samples) = 157
INFO:__main__:[INFO] Saved results for class 157 (label=157)
INFO:__main__:[INFO] Running Softmax on test class 158 (label=158)...
INFO:__main__:[INFO] Downsampled from 4729 to 300 samples.
INFO:__main__:Cached noise paths: shape=torch.Size([2, 1000, 128])
INFO:__main__:Processing batch 1-64/300 for class 158...
INFO:__main__:Processing batch 65-128/300 for class 158...
INFO:__main__:Processing batch 129-192/300 for class 158...
INFO:__main__:Processing batch 193-256/300 for class 158...
INFO:__main__:Processing batch 257-300/300 for class 158...
INFO:__main__:True label 158: MAP (avg over samples) = 158
INFO:__main__:[INFO] Saved results for class 158 (label=158)
INFO:__main__:[INFO] Running Softmax on test class 159 (label=159)...
INFO:__main__:[INFO] Downsampled from 7195 to 300 samples.
INFO:__main__:Cached noise paths: shape=torch.Size([2, 1000, 128])
INFO:__main__:Processing batch 1-64/300 for class 159...
INFO:__main__:Processing batch 65-128/300 for class 159...
INFO:__main__:Processing batch 129-192/300 for class 159...
INFO:__main__:Processing batch 193-256/300 for class 159...
INFO:__main__:Processing batch 257-300/300 for class 159...
INFO:__main__:True label 159: MAP (avg over samples) = 159
INFO:__main__:[INFO] Saved results for class 159 (label=159)
INFO:__main__:[INFO] Running Softmax on test class 160 (label=160)...
INFO:__main__:[INFO] Downsampled from 25350 to 300 samples.
INFO:__main__:Cached noise paths: shape=torch.Size([2, 1000, 128])
INFO:__main__:Processing batch 1-64/300 for class 160...
INFO:__main__:Processing batch 65-128/300 for class 160...
INFO:__main__:Processing batch 129-192/300 for class 160...
INFO:__main__:Processing batch 193-256/300 for class 160...
INFO:__main__:Processing batch 257-300/300 for class 160...
INFO:__main__:True label 160: MAP (avg over samples) = 160
INFO:__main__:[INFO] Saved results for class 160 (label=160)
INFO:__main__:[INFO] Running Softmax on test class 161 (label=161)...
INFO:__main__:[INFO] Downsampled from 5882 to 300 samples.
INFO:__main__:Cached noise paths: shape=torch.Size([2, 1000, 128])
INFO:__main__:Processing batch 1-64/300 for class 161...
INFO:__main__:Processing batch 65-128/300 for class 161...
INFO:__main__:Processing batch 129-192/300 for class 161...
INFO:__main__:Processing batch 193-256/300 for class 161...
INFO:__main__:Processing batch 257-300/300 for class 161...
INFO:__main__:True label 161: MAP (avg over samples) = 161
INFO:__main__:[INFO] Saved results for class 161 (label=161)
INFO:__main__:[INFO] Running Softmax on test class 162 (label=162)...
INFO:__main__:[INFO] Downsampled from 13593 to 300 samples.
INFO:__main__:Cached noise paths: shape=torch.Size([2, 1000, 128])
INFO:__main__:Processing batch 1-64/300 for class 162...
INFO:__main__:Processing batch 65-128/300 for class 162...
INFO:__main__:Processing batch 129-192/300 for class 162...
INFO:__main__:Processing batch 193-256/300 for class 162...
INFO:__main__:Processing batch 257-300/300 for class 162...
INFO:__main__:True label 162: MAP (avg over samples) = 162
INFO:__main__:[INFO] Saved results for class 162 (label=162)
INFO:__main__:[INFO] Running Softmax on test class 163 (label=163)...
INFO:__main__:[INFO] Downsampled from 11285 to 300 samples.
INFO:__main__:Cached noise paths: shape=torch.Size([2, 1000, 128])
INFO:__main__:Processing batch 1-64/300 for class 163...
INFO:__main__:Processing batch 65-128/300 for class 163...
INFO:__main__:Processing batch 129-192/300 for class 163...
INFO:__main__:Processing batch 193-256/300 for class 163...
INFO:__main__:Processing batch 257-300/300 for class 163...
INFO:__main__:True label 163: MAP (avg over samples) = 163
INFO:__main__:[INFO] Saved results for class 163 (label=163)
INFO:__main__:All 164 class inferences completed successfully and saved.
