INFO:__main__:Using device: cuda
INFO:__main__:Loading embeddings...
INFO:__main__:Number of unique classes: 164, training samples: 15240192, test samples: 3448832
INFO:__main__:Loading trained vanilla diffusion model...
INFO:__main__:Model loaded successfully.
INFO:__main__:Running per-class softmax posterior inference with 300 samples each...
INFO:__main__:[INFO] Running Softmax on test class 0 (label=0)...
INFO:__main__:[INFO] Using 156566 samples for class 0.
INFO:__main__:Cached noise paths: shape=torch.Size([256, 1000, 128])
INFO:__main__:Processing batch 1-128/156566 for class 0...
INFO:__main__:Processing batch 129-256/156566 for class 0...
INFO:__main__:Processing batch 257-384/156566 for class 0...
INFO:__main__:Processing batch 385-512/156566 for class 0...
INFO:__main__:Processing batch 513-640/156566 for class 0...
INFO:__main__:Processing batch 641-768/156566 for class 0...
INFO:__main__:Processing batch 769-896/156566 for class 0...
INFO:__main__:Processing batch 897-1024/156566 for class 0...
INFO:__main__:Processing batch 1025-1152/156566 for class 0...
INFO:__main__:Processing batch 1153-1280/156566 for class 0...
INFO:__main__:Processing batch 1281-1408/156566 for class 0...
INFO:__main__:Processing batch 1409-1536/156566 for class 0...
INFO:__main__:Processing batch 1537-1664/156566 for class 0...
INFO:__main__:Processing batch 1665-1792/156566 for class 0...
INFO:__main__:Processing batch 1793-1920/156566 for class 0...
INFO:__main__:Processing batch 1921-2048/156566 for class 0...
INFO:__main__:Processing batch 2049-2176/156566 for class 0...
INFO:__main__:Processing batch 2177-2304/156566 for class 0...
INFO:__main__:Processing batch 2305-2432/156566 for class 0...
INFO:__main__:Processing batch 2433-2560/156566 for class 0...
INFO:__main__:Processing batch 2561-2688/156566 for class 0...
INFO:__main__:Processing batch 2689-2816/156566 for class 0...
INFO:__main__:Processing batch 2817-2944/156566 for class 0...
INFO:__main__:Processing batch 2945-3072/156566 for class 0...
INFO:__main__:Processing batch 3073-3200/156566 for class 0...
INFO:__main__:Processing batch 3201-3328/156566 for class 0...
INFO:__main__:Processing batch 3329-3456/156566 for class 0...
INFO:__main__:Processing batch 3457-3584/156566 for class 0...
INFO:__main__:Processing batch 3585-3712/156566 for class 0...
INFO:__main__:Processing batch 3713-3840/156566 for class 0...
INFO:__main__:Processing batch 3841-3968/156566 for class 0...
INFO:__main__:Processing batch 3969-4096/156566 for class 0...
INFO:__main__:Processing batch 4097-4224/156566 for class 0...
INFO:__main__:Processing batch 4225-4352/156566 for class 0...
INFO:__main__:Processing batch 4353-4480/156566 for class 0...
INFO:__main__:Processing batch 4481-4608/156566 for class 0...
INFO:__main__:Processing batch 4609-4736/156566 for class 0...
INFO:__main__:Processing batch 4737-4864/156566 for class 0...
INFO:__main__:Processing batch 4865-4992/156566 for class 0...
INFO:__main__:Processing batch 4993-5120/156566 for class 0...
INFO:__main__:Processing batch 5121-5248/156566 for class 0...
INFO:__main__:Processing batch 5249-5376/156566 for class 0...
INFO:__main__:Processing batch 5377-5504/156566 for class 0...
INFO:__main__:Processing batch 5505-5632/156566 for class 0...
INFO:__main__:Processing batch 5633-5760/156566 for class 0...
INFO:__main__:Processing batch 5761-5888/156566 for class 0...
INFO:__main__:Processing batch 5889-6016/156566 for class 0...
INFO:__main__:Processing batch 6017-6144/156566 for class 0...
INFO:__main__:Processing batch 6145-6272/156566 for class 0...
INFO:__main__:Processing batch 6273-6400/156566 for class 0...
INFO:__main__:Processing batch 6401-6528/156566 for class 0...
INFO:__main__:Processing batch 6529-6656/156566 for class 0...
INFO:__main__:Processing batch 6657-6784/156566 for class 0...
INFO:__main__:Processing batch 6785-6912/156566 for class 0...
INFO:__main__:Processing batch 6913-7040/156566 for class 0...
INFO:__main__:Processing batch 7041-7168/156566 for class 0...
INFO:__main__:Processing batch 7169-7296/156566 for class 0...
INFO:__main__:Processing batch 7297-7424/156566 for class 0...
INFO:__main__:Processing batch 7425-7552/156566 for class 0...
INFO:__main__:Processing batch 7553-7680/156566 for class 0...
INFO:__main__:Processing batch 7681-7808/156566 for class 0...
INFO:__main__:Processing batch 7809-7936/156566 for class 0...
INFO:__main__:Processing batch 7937-8064/156566 for class 0...
INFO:__main__:Processing batch 8065-8192/156566 for class 0...
INFO:__main__:Processing batch 8193-8320/156566 for class 0...
INFO:__main__:Processing batch 8321-8448/156566 for class 0...
INFO:__main__:Processing batch 8449-8576/156566 for class 0...
INFO:__main__:Processing batch 8577-8704/156566 for class 0...
INFO:__main__:Processing batch 8705-8832/156566 for class 0...
INFO:__main__:Processing batch 8833-8960/156566 for class 0...
INFO:__main__:Processing batch 8961-9088/156566 for class 0...
INFO:__main__:Processing batch 9089-9216/156566 for class 0...
INFO:__main__:Processing batch 9217-9344/156566 for class 0...
INFO:__main__:Processing batch 9345-9472/156566 for class 0...
INFO:__main__:Processing batch 9473-9600/156566 for class 0...
INFO:__main__:Processing batch 9601-9728/156566 for class 0...
INFO:__main__:Processing batch 9729-9856/156566 for class 0...
INFO:__main__:Processing batch 9857-9984/156566 for class 0...
INFO:__main__:Processing batch 9985-10112/156566 for class 0...
INFO:__main__:Processing batch 10113-10240/156566 for class 0...
INFO:__main__:Processing batch 10241-10368/156566 for class 0...
INFO:__main__:Processing batch 10369-10496/156566 for class 0...
INFO:__main__:Processing batch 10497-10624/156566 for class 0...
INFO:__main__:Processing batch 10625-10752/156566 for class 0...
INFO:__main__:Processing batch 10753-10880/156566 for class 0...
INFO:__main__:Processing batch 10881-11008/156566 for class 0...
INFO:__main__:Processing batch 11009-11136/156566 for class 0...
INFO:__main__:Processing batch 11137-11264/156566 for class 0...
INFO:__main__:Processing batch 11265-11392/156566 for class 0...
INFO:__main__:Processing batch 11393-11520/156566 for class 0...
INFO:__main__:Processing batch 11521-11648/156566 for class 0...
INFO:__main__:Processing batch 11649-11776/156566 for class 0...
INFO:__main__:Processing batch 11777-11904/156566 for class 0...
INFO:__main__:Processing batch 11905-12032/156566 for class 0...
INFO:__main__:Processing batch 12033-12160/156566 for class 0...
INFO:__main__:Processing batch 12161-12288/156566 for class 0...
INFO:__main__:Processing batch 12289-12416/156566 for class 0...
INFO:__main__:Processing batch 12417-12544/156566 for class 0...
INFO:__main__:Processing batch 12545-12672/156566 for class 0...
INFO:__main__:Processing batch 12673-12800/156566 for class 0...
INFO:__main__:Processing batch 12801-12928/156566 for class 0...
INFO:__main__:Processing batch 12929-13056/156566 for class 0...
INFO:__main__:Processing batch 13057-13184/156566 for class 0...
INFO:__main__:Processing batch 13185-13312/156566 for class 0...
INFO:__main__:Processing batch 13313-13440/156566 for class 0...
INFO:__main__:Processing batch 13441-13568/156566 for class 0...
INFO:__main__:Processing batch 13569-13696/156566 for class 0...
INFO:__main__:Processing batch 13697-13824/156566 for class 0...
INFO:__main__:Processing batch 13825-13952/156566 for class 0...
INFO:__main__:Processing batch 13953-14080/156566 for class 0...
INFO:__main__:Processing batch 14081-14208/156566 for class 0...
INFO:__main__:Processing batch 14209-14336/156566 for class 0...
INFO:__main__:Processing batch 14337-14464/156566 for class 0...
INFO:__main__:Processing batch 14465-14592/156566 for class 0...
INFO:__main__:Processing batch 14593-14720/156566 for class 0...
INFO:__main__:Processing batch 14721-14848/156566 for class 0...
INFO:__main__:Processing batch 14849-14976/156566 for class 0...
INFO:__main__:Processing batch 14977-15104/156566 for class 0...
INFO:__main__:Processing batch 15105-15232/156566 for class 0...
INFO:__main__:Processing batch 15233-15360/156566 for class 0...
INFO:__main__:Processing batch 15361-15488/156566 for class 0...
INFO:__main__:Processing batch 15489-15616/156566 for class 0...
INFO:__main__:Processing batch 15617-15744/156566 for class 0...
INFO:__main__:Processing batch 15745-15872/156566 for class 0...
INFO:__main__:Processing batch 15873-16000/156566 for class 0...
INFO:__main__:Processing batch 16001-16128/156566 for class 0...
INFO:__main__:Processing batch 16129-16256/156566 for class 0...
INFO:__main__:Processing batch 16257-16384/156566 for class 0...
INFO:__main__:Processing batch 16385-16512/156566 for class 0...
INFO:__main__:Processing batch 16513-16640/156566 for class 0...
INFO:__main__:Processing batch 16641-16768/156566 for class 0...
INFO:__main__:Processing batch 16769-16896/156566 for class 0...
INFO:__main__:Processing batch 16897-17024/156566 for class 0...
INFO:__main__:Processing batch 17025-17152/156566 for class 0...
INFO:__main__:Processing batch 17153-17280/156566 for class 0...
INFO:__main__:Processing batch 17281-17408/156566 for class 0...
INFO:__main__:Processing batch 17409-17536/156566 for class 0...
INFO:__main__:Processing batch 17537-17664/156566 for class 0...
INFO:__main__:Processing batch 17665-17792/156566 for class 0...
INFO:__main__:Processing batch 17793-17920/156566 for class 0...
INFO:__main__:Processing batch 17921-18048/156566 for class 0...
INFO:__main__:Processing batch 18049-18176/156566 for class 0...
INFO:__main__:Processing batch 18177-18304/156566 for class 0...
INFO:__main__:Processing batch 18305-18432/156566 for class 0...
INFO:__main__:Processing batch 18433-18560/156566 for class 0...
INFO:__main__:Processing batch 18561-18688/156566 for class 0...
INFO:__main__:Processing batch 18689-18816/156566 for class 0...
INFO:__main__:Processing batch 18817-18944/156566 for class 0...
INFO:__main__:Processing batch 18945-19072/156566 for class 0...
INFO:__main__:Processing batch 19073-19200/156566 for class 0...
INFO:__main__:Processing batch 19201-19328/156566 for class 0...
INFO:__main__:Processing batch 19329-19456/156566 for class 0...
INFO:__main__:Processing batch 19457-19584/156566 for class 0...
INFO:__main__:Processing batch 19585-19712/156566 for class 0...
INFO:__main__:Processing batch 19713-19840/156566 for class 0...
INFO:__main__:Processing batch 19841-19968/156566 for class 0...
INFO:__main__:Processing batch 19969-20096/156566 for class 0...
INFO:__main__:Processing batch 20097-20224/156566 for class 0...
INFO:__main__:Processing batch 20225-20352/156566 for class 0...
INFO:__main__:Processing batch 20353-20480/156566 for class 0...
INFO:__main__:Processing batch 20481-20608/156566 for class 0...
INFO:__main__:Processing batch 20609-20736/156566 for class 0...
INFO:__main__:Processing batch 20737-20864/156566 for class 0...
INFO:__main__:Processing batch 20865-20992/156566 for class 0...
INFO:__main__:Processing batch 20993-21120/156566 for class 0...
INFO:__main__:Processing batch 21121-21248/156566 for class 0...
INFO:__main__:Processing batch 21249-21376/156566 for class 0...
INFO:__main__:Processing batch 21377-21504/156566 for class 0...
INFO:__main__:Processing batch 21505-21632/156566 for class 0...
INFO:__main__:Processing batch 21633-21760/156566 for class 0...
INFO:__main__:Processing batch 21761-21888/156566 for class 0...
INFO:__main__:Processing batch 21889-22016/156566 for class 0...
INFO:__main__:Processing batch 22017-22144/156566 for class 0...
INFO:__main__:Processing batch 22145-22272/156566 for class 0...
INFO:__main__:Processing batch 22273-22400/156566 for class 0...
INFO:__main__:Processing batch 22401-22528/156566 for class 0...
INFO:__main__:Processing batch 22529-22656/156566 for class 0...
INFO:__main__:Processing batch 22657-22784/156566 for class 0...
INFO:__main__:Processing batch 22785-22912/156566 for class 0...
INFO:__main__:Processing batch 22913-23040/156566 for class 0...
INFO:__main__:Processing batch 23041-23168/156566 for class 0...
INFO:__main__:Processing batch 23169-23296/156566 for class 0...
INFO:__main__:Processing batch 23297-23424/156566 for class 0...
INFO:__main__:Processing batch 23425-23552/156566 for class 0...
INFO:__main__:Processing batch 23553-23680/156566 for class 0...
INFO:__main__:Processing batch 23681-23808/156566 for class 0...
INFO:__main__:Processing batch 23809-23936/156566 for class 0...
INFO:__main__:Processing batch 23937-24064/156566 for class 0...
INFO:__main__:Processing batch 24065-24192/156566 for class 0...
INFO:__main__:Processing batch 24193-24320/156566 for class 0...
INFO:__main__:Processing batch 24321-24448/156566 for class 0...
INFO:__main__:Processing batch 24449-24576/156566 for class 0...
INFO:__main__:Processing batch 24577-24704/156566 for class 0...
INFO:__main__:Processing batch 24705-24832/156566 for class 0...
INFO:__main__:Processing batch 24833-24960/156566 for class 0...
INFO:__main__:Processing batch 24961-25088/156566 for class 0...
INFO:__main__:Processing batch 25089-25216/156566 for class 0...
INFO:__main__:Processing batch 25217-25344/156566 for class 0...
INFO:__main__:Processing batch 25345-25472/156566 for class 0...
INFO:__main__:Processing batch 25473-25600/156566 for class 0...
INFO:__main__:Processing batch 25601-25728/156566 for class 0...
INFO:__main__:Processing batch 25729-25856/156566 for class 0...
INFO:__main__:Processing batch 25857-25984/156566 for class 0...
INFO:__main__:Processing batch 25985-26112/156566 for class 0...
INFO:__main__:Processing batch 26113-26240/156566 for class 0...
INFO:__main__:Processing batch 26241-26368/156566 for class 0...
INFO:__main__:Processing batch 26369-26496/156566 for class 0...
INFO:__main__:Processing batch 26497-26624/156566 for class 0...
INFO:__main__:Processing batch 26625-26752/156566 for class 0...
INFO:__main__:Processing batch 26753-26880/156566 for class 0...
INFO:__main__:Processing batch 26881-27008/156566 for class 0...
INFO:__main__:Processing batch 27009-27136/156566 for class 0...
INFO:__main__:Processing batch 27137-27264/156566 for class 0...
INFO:__main__:Processing batch 27265-27392/156566 for class 0...
INFO:__main__:Processing batch 27393-27520/156566 for class 0...
INFO:__main__:Processing batch 27521-27648/156566 for class 0...
INFO:__main__:Processing batch 27649-27776/156566 for class 0...
INFO:__main__:Processing batch 27777-27904/156566 for class 0...
INFO:__main__:Processing batch 27905-28032/156566 for class 0...
INFO:__main__:Processing batch 28033-28160/156566 for class 0...
INFO:__main__:Processing batch 28161-28288/156566 for class 0...
INFO:__main__:Processing batch 28289-28416/156566 for class 0...
INFO:__main__:Processing batch 28417-28544/156566 for class 0...
INFO:__main__:Processing batch 28545-28672/156566 for class 0...
INFO:__main__:Processing batch 28673-28800/156566 for class 0...
INFO:__main__:Processing batch 28801-28928/156566 for class 0...
INFO:__main__:Processing batch 28929-29056/156566 for class 0...
INFO:__main__:Processing batch 29057-29184/156566 for class 0...
INFO:__main__:Processing batch 29185-29312/156566 for class 0...
INFO:__main__:Processing batch 29313-29440/156566 for class 0...
INFO:__main__:Processing batch 29441-29568/156566 for class 0...
INFO:__main__:Processing batch 29569-29696/156566 for class 0...
INFO:__main__:Processing batch 29697-29824/156566 for class 0...
INFO:__main__:Processing batch 29825-29952/156566 for class 0...
INFO:__main__:Processing batch 29953-30080/156566 for class 0...
INFO:__main__:Processing batch 30081-30208/156566 for class 0...
INFO:__main__:Processing batch 30209-30336/156566 for class 0...
INFO:__main__:Processing batch 30337-30464/156566 for class 0...
INFO:__main__:Processing batch 30465-30592/156566 for class 0...
INFO:__main__:Processing batch 30593-30720/156566 for class 0...
INFO:__main__:Processing batch 30721-30848/156566 for class 0...
INFO:__main__:Processing batch 30849-30976/156566 for class 0...
INFO:__main__:Processing batch 30977-31104/156566 for class 0...
INFO:__main__:Processing batch 31105-31232/156566 for class 0...
INFO:__main__:Processing batch 31233-31360/156566 for class 0...
INFO:__main__:Processing batch 31361-31488/156566 for class 0...
INFO:__main__:Processing batch 31489-31616/156566 for class 0...
INFO:__main__:Processing batch 31617-31744/156566 for class 0...
INFO:__main__:Processing batch 31745-31872/156566 for class 0...
INFO:__main__:Processing batch 31873-32000/156566 for class 0...
INFO:__main__:Processing batch 32001-32128/156566 for class 0...
INFO:__main__:Processing batch 32129-32256/156566 for class 0...
INFO:__main__:Processing batch 32257-32384/156566 for class 0...
INFO:__main__:Processing batch 32385-32512/156566 for class 0...
INFO:__main__:Processing batch 32513-32640/156566 for class 0...
INFO:__main__:Processing batch 32641-32768/156566 for class 0...
INFO:__main__:Processing batch 32769-32896/156566 for class 0...
INFO:__main__:Processing batch 32897-33024/156566 for class 0...
INFO:__main__:Processing batch 33025-33152/156566 for class 0...
INFO:__main__:Processing batch 33153-33280/156566 for class 0...
INFO:__main__:Processing batch 33281-33408/156566 for class 0...
INFO:__main__:Processing batch 33409-33536/156566 for class 0...
INFO:__main__:Processing batch 33537-33664/156566 for class 0...
INFO:__main__:Processing batch 33665-33792/156566 for class 0...
INFO:__main__:Processing batch 33793-33920/156566 for class 0...
INFO:__main__:Processing batch 33921-34048/156566 for class 0...
INFO:__main__:Processing batch 34049-34176/156566 for class 0...
INFO:__main__:Processing batch 34177-34304/156566 for class 0...
INFO:__main__:Processing batch 34305-34432/156566 for class 0...
INFO:__main__:Processing batch 34433-34560/156566 for class 0...
INFO:__main__:Processing batch 34561-34688/156566 for class 0...
INFO:__main__:Processing batch 34689-34816/156566 for class 0...
INFO:__main__:Processing batch 34817-34944/156566 for class 0...
INFO:__main__:Processing batch 34945-35072/156566 for class 0...
INFO:__main__:Processing batch 35073-35200/156566 for class 0...
INFO:__main__:Processing batch 35201-35328/156566 for class 0...
INFO:__main__:Processing batch 35329-35456/156566 for class 0...
INFO:__main__:Processing batch 35457-35584/156566 for class 0...
INFO:__main__:Processing batch 35585-35712/156566 for class 0...
INFO:__main__:Processing batch 35713-35840/156566 for class 0...
INFO:__main__:Processing batch 35841-35968/156566 for class 0...
INFO:__main__:Processing batch 35969-36096/156566 for class 0...
INFO:__main__:Processing batch 36097-36224/156566 for class 0...
INFO:__main__:Processing batch 36225-36352/156566 for class 0...
INFO:__main__:Processing batch 36353-36480/156566 for class 0...
INFO:__main__:Processing batch 36481-36608/156566 for class 0...
INFO:__main__:Processing batch 36609-36736/156566 for class 0...
INFO:__main__:Processing batch 36737-36864/156566 for class 0...
INFO:__main__:Processing batch 36865-36992/156566 for class 0...
INFO:__main__:Processing batch 36993-37120/156566 for class 0...
INFO:__main__:Processing batch 37121-37248/156566 for class 0...
INFO:__main__:Processing batch 37249-37376/156566 for class 0...
INFO:__main__:Processing batch 37377-37504/156566 for class 0...
INFO:__main__:Processing batch 37505-37632/156566 for class 0...
INFO:__main__:Processing batch 37633-37760/156566 for class 0...
INFO:__main__:Processing batch 37761-37888/156566 for class 0...
INFO:__main__:Processing batch 37889-38016/156566 for class 0...
INFO:__main__:Processing batch 38017-38144/156566 for class 0...
INFO:__main__:Processing batch 38145-38272/156566 for class 0...
INFO:__main__:Processing batch 38273-38400/156566 for class 0...
INFO:__main__:Processing batch 38401-38528/156566 for class 0...
INFO:__main__:Processing batch 38529-38656/156566 for class 0...
INFO:__main__:Processing batch 38657-38784/156566 for class 0...
INFO:__main__:Processing batch 38785-38912/156566 for class 0...
INFO:__main__:Processing batch 38913-39040/156566 for class 0...
INFO:__main__:Processing batch 39041-39168/156566 for class 0...
INFO:__main__:Processing batch 39169-39296/156566 for class 0...
INFO:__main__:Processing batch 39297-39424/156566 for class 0...
INFO:__main__:Processing batch 39425-39552/156566 for class 0...
INFO:__main__:Processing batch 39553-39680/156566 for class 0...
INFO:__main__:Processing batch 39681-39808/156566 for class 0...
INFO:__main__:Processing batch 39809-39936/156566 for class 0...
INFO:__main__:Processing batch 39937-40064/156566 for class 0...
INFO:__main__:Processing batch 40065-40192/156566 for class 0...
INFO:__main__:Processing batch 40193-40320/156566 for class 0...
INFO:__main__:Processing batch 40321-40448/156566 for class 0...
INFO:__main__:Processing batch 40449-40576/156566 for class 0...
INFO:__main__:Processing batch 40577-40704/156566 for class 0...
INFO:__main__:Processing batch 40705-40832/156566 for class 0...
INFO:__main__:Processing batch 40833-40960/156566 for class 0...
INFO:__main__:Processing batch 40961-41088/156566 for class 0...
INFO:__main__:Processing batch 41089-41216/156566 for class 0...
INFO:__main__:Processing batch 41217-41344/156566 for class 0...
INFO:__main__:Processing batch 41345-41472/156566 for class 0...
INFO:__main__:Processing batch 41473-41600/156566 for class 0...
INFO:__main__:Processing batch 41601-41728/156566 for class 0...
INFO:__main__:Processing batch 41729-41856/156566 for class 0...
INFO:__main__:Processing batch 41857-41984/156566 for class 0...
INFO:__main__:Processing batch 41985-42112/156566 for class 0...
INFO:__main__:Processing batch 42113-42240/156566 for class 0...
INFO:__main__:Processing batch 42241-42368/156566 for class 0...
INFO:__main__:Processing batch 42369-42496/156566 for class 0...
INFO:__main__:Processing batch 42497-42624/156566 for class 0...
INFO:__main__:Processing batch 42625-42752/156566 for class 0...
INFO:__main__:Processing batch 42753-42880/156566 for class 0...
INFO:__main__:Processing batch 42881-43008/156566 for class 0...
INFO:__main__:Processing batch 43009-43136/156566 for class 0...
INFO:__main__:Processing batch 43137-43264/156566 for class 0...
INFO:__main__:Processing batch 43265-43392/156566 for class 0...
INFO:__main__:Processing batch 43393-43520/156566 for class 0...
INFO:__main__:Processing batch 43521-43648/156566 for class 0...
INFO:__main__:Processing batch 43649-43776/156566 for class 0...
INFO:__main__:Processing batch 43777-43904/156566 for class 0...
INFO:__main__:Processing batch 43905-44032/156566 for class 0...
INFO:__main__:Processing batch 44033-44160/156566 for class 0...
INFO:__main__:Processing batch 44161-44288/156566 for class 0...
INFO:__main__:Processing batch 44289-44416/156566 for class 0...
INFO:__main__:Processing batch 44417-44544/156566 for class 0...
INFO:__main__:Processing batch 44545-44672/156566 for class 0...
INFO:__main__:Processing batch 44673-44800/156566 for class 0...
INFO:__main__:Processing batch 44801-44928/156566 for class 0...
INFO:__main__:Processing batch 44929-45056/156566 for class 0...
INFO:__main__:Processing batch 45057-45184/156566 for class 0...
INFO:__main__:Processing batch 45185-45312/156566 for class 0...
INFO:__main__:Processing batch 45313-45440/156566 for class 0...
INFO:__main__:Processing batch 45441-45568/156566 for class 0...
INFO:__main__:Processing batch 45569-45696/156566 for class 0...
INFO:__main__:Processing batch 45697-45824/156566 for class 0...
INFO:__main__:Processing batch 45825-45952/156566 for class 0...
INFO:__main__:Processing batch 45953-46080/156566 for class 0...
INFO:__main__:Processing batch 46081-46208/156566 for class 0...
INFO:__main__:Processing batch 46209-46336/156566 for class 0...
INFO:__main__:Processing batch 46337-46464/156566 for class 0...
INFO:__main__:Processing batch 46465-46592/156566 for class 0...
INFO:__main__:Processing batch 46593-46720/156566 for class 0...
INFO:__main__:Processing batch 46721-46848/156566 for class 0...
INFO:__main__:Processing batch 46849-46976/156566 for class 0...
INFO:__main__:Processing batch 46977-47104/156566 for class 0...
INFO:__main__:Processing batch 47105-47232/156566 for class 0...
INFO:__main__:Processing batch 47233-47360/156566 for class 0...
INFO:__main__:Processing batch 47361-47488/156566 for class 0...
INFO:__main__:Processing batch 47489-47616/156566 for class 0...
INFO:__main__:Processing batch 47617-47744/156566 for class 0...
INFO:__main__:Processing batch 47745-47872/156566 for class 0...
INFO:__main__:Processing batch 47873-48000/156566 for class 0...
INFO:__main__:Processing batch 48001-48128/156566 for class 0...
INFO:__main__:Processing batch 48129-48256/156566 for class 0...
INFO:__main__:Processing batch 48257-48384/156566 for class 0...
INFO:__main__:Processing batch 48385-48512/156566 for class 0...
INFO:__main__:Processing batch 48513-48640/156566 for class 0...
INFO:__main__:Processing batch 48641-48768/156566 for class 0...
INFO:__main__:Processing batch 48769-48896/156566 for class 0...
INFO:__main__:Processing batch 48897-49024/156566 for class 0...
INFO:__main__:Processing batch 49025-49152/156566 for class 0...
INFO:__main__:Processing batch 49153-49280/156566 for class 0...
INFO:__main__:Processing batch 49281-49408/156566 for class 0...
INFO:__main__:Processing batch 49409-49536/156566 for class 0...
INFO:__main__:Processing batch 49537-49664/156566 for class 0...
INFO:__main__:Processing batch 49665-49792/156566 for class 0...
INFO:__main__:Processing batch 49793-49920/156566 for class 0...
INFO:__main__:Processing batch 49921-50048/156566 for class 0...
INFO:__main__:Processing batch 50049-50176/156566 for class 0...
INFO:__main__:Processing batch 50177-50304/156566 for class 0...
INFO:__main__:Processing batch 50305-50432/156566 for class 0...
INFO:__main__:Processing batch 50433-50560/156566 for class 0...
INFO:__main__:Processing batch 50561-50688/156566 for class 0...
INFO:__main__:Processing batch 50689-50816/156566 for class 0...
INFO:__main__:Processing batch 50817-50944/156566 for class 0...
INFO:__main__:Processing batch 50945-51072/156566 for class 0...
INFO:__main__:Processing batch 51073-51200/156566 for class 0...
INFO:__main__:Processing batch 51201-51328/156566 for class 0...
INFO:__main__:Processing batch 51329-51456/156566 for class 0...
INFO:__main__:Processing batch 51457-51584/156566 for class 0...
INFO:__main__:Processing batch 51585-51712/156566 for class 0...
INFO:__main__:Processing batch 51713-51840/156566 for class 0...
INFO:__main__:Processing batch 51841-51968/156566 for class 0...
INFO:__main__:Processing batch 51969-52096/156566 for class 0...
INFO:__main__:Processing batch 52097-52224/156566 for class 0...
INFO:__main__:Processing batch 52225-52352/156566 for class 0...
INFO:__main__:Processing batch 52353-52480/156566 for class 0...
INFO:__main__:Processing batch 52481-52608/156566 for class 0...
INFO:__main__:Processing batch 52609-52736/156566 for class 0...
INFO:__main__:Processing batch 52737-52864/156566 for class 0...
INFO:__main__:Processing batch 52865-52992/156566 for class 0...
INFO:__main__:Processing batch 52993-53120/156566 for class 0...
INFO:__main__:Processing batch 53121-53248/156566 for class 0...
INFO:__main__:Processing batch 53249-53376/156566 for class 0...
INFO:__main__:Processing batch 53377-53504/156566 for class 0...
INFO:__main__:Processing batch 53505-53632/156566 for class 0...
INFO:__main__:Processing batch 53633-53760/156566 for class 0...
INFO:__main__:Processing batch 53761-53888/156566 for class 0...
INFO:__main__:Processing batch 53889-54016/156566 for class 0...
INFO:__main__:Processing batch 54017-54144/156566 for class 0...
INFO:__main__:Processing batch 54145-54272/156566 for class 0...
INFO:__main__:Processing batch 54273-54400/156566 for class 0...
INFO:__main__:Processing batch 54401-54528/156566 for class 0...
INFO:__main__:Processing batch 54529-54656/156566 for class 0...
INFO:__main__:Processing batch 54657-54784/156566 for class 0...
INFO:__main__:Processing batch 54785-54912/156566 for class 0...
INFO:__main__:Processing batch 54913-55040/156566 for class 0...
INFO:__main__:Processing batch 55041-55168/156566 for class 0...
INFO:__main__:Processing batch 55169-55296/156566 for class 0...
INFO:__main__:Processing batch 55297-55424/156566 for class 0...
INFO:__main__:Processing batch 55425-55552/156566 for class 0...
INFO:__main__:Processing batch 55553-55680/156566 for class 0...
INFO:__main__:Processing batch 55681-55808/156566 for class 0...
INFO:__main__:Processing batch 55809-55936/156566 for class 0...
INFO:__main__:Processing batch 55937-56064/156566 for class 0...
INFO:__main__:Processing batch 56065-56192/156566 for class 0...
INFO:__main__:Processing batch 56193-56320/156566 for class 0...
INFO:__main__:Processing batch 56321-56448/156566 for class 0...
INFO:__main__:Processing batch 56449-56576/156566 for class 0...
INFO:__main__:Processing batch 56577-56704/156566 for class 0...
INFO:__main__:Processing batch 56705-56832/156566 for class 0...
INFO:__main__:Processing batch 56833-56960/156566 for class 0...
INFO:__main__:Processing batch 56961-57088/156566 for class 0...
INFO:__main__:Processing batch 57089-57216/156566 for class 0...
INFO:__main__:Processing batch 57217-57344/156566 for class 0...
INFO:__main__:Processing batch 57345-57472/156566 for class 0...
INFO:__main__:Processing batch 57473-57600/156566 for class 0...
INFO:__main__:Processing batch 57601-57728/156566 for class 0...
INFO:__main__:Processing batch 57729-57856/156566 for class 0...
INFO:__main__:Processing batch 57857-57984/156566 for class 0...
INFO:__main__:Processing batch 57985-58112/156566 for class 0...
INFO:__main__:Processing batch 58113-58240/156566 for class 0...
INFO:__main__:Processing batch 58241-58368/156566 for class 0...
INFO:__main__:Processing batch 58369-58496/156566 for class 0...
INFO:__main__:Processing batch 58497-58624/156566 for class 0...
INFO:__main__:Processing batch 58625-58752/156566 for class 0...
INFO:__main__:Processing batch 58753-58880/156566 for class 0...
INFO:__main__:Processing batch 58881-59008/156566 for class 0...
INFO:__main__:Processing batch 59009-59136/156566 for class 0...
INFO:__main__:Processing batch 59137-59264/156566 for class 0...
INFO:__main__:Processing batch 59265-59392/156566 for class 0...
INFO:__main__:Processing batch 59393-59520/156566 for class 0...
INFO:__main__:Processing batch 59521-59648/156566 for class 0...
INFO:__main__:Processing batch 59649-59776/156566 for class 0...
INFO:__main__:Processing batch 59777-59904/156566 for class 0...
INFO:__main__:Processing batch 59905-60032/156566 for class 0...
INFO:__main__:Processing batch 60033-60160/156566 for class 0...
INFO:__main__:Processing batch 60161-60288/156566 for class 0...
INFO:__main__:Processing batch 60289-60416/156566 for class 0...
INFO:__main__:Processing batch 60417-60544/156566 for class 0...
INFO:__main__:Processing batch 60545-60672/156566 for class 0...
INFO:__main__:Processing batch 60673-60800/156566 for class 0...
INFO:__main__:Processing batch 60801-60928/156566 for class 0...
INFO:__main__:Processing batch 60929-61056/156566 for class 0...
INFO:__main__:Processing batch 61057-61184/156566 for class 0...
INFO:__main__:Processing batch 61185-61312/156566 for class 0...
INFO:__main__:Processing batch 61313-61440/156566 for class 0...
INFO:__main__:Processing batch 61441-61568/156566 for class 0...
INFO:__main__:Processing batch 61569-61696/156566 for class 0...
INFO:__main__:Processing batch 61697-61824/156566 for class 0...
INFO:__main__:Processing batch 61825-61952/156566 for class 0...
INFO:__main__:Processing batch 61953-62080/156566 for class 0...
INFO:__main__:Processing batch 62081-62208/156566 for class 0...
INFO:__main__:Processing batch 62209-62336/156566 for class 0...
INFO:__main__:Processing batch 62337-62464/156566 for class 0...
INFO:__main__:Processing batch 62465-62592/156566 for class 0...
INFO:__main__:Processing batch 62593-62720/156566 for class 0...
INFO:__main__:Processing batch 62721-62848/156566 for class 0...
INFO:__main__:Processing batch 62849-62976/156566 for class 0...
INFO:__main__:Processing batch 62977-63104/156566 for class 0...
INFO:__main__:Processing batch 63105-63232/156566 for class 0...
INFO:__main__:Processing batch 63233-63360/156566 for class 0...
INFO:__main__:Processing batch 63361-63488/156566 for class 0...
INFO:__main__:Processing batch 63489-63616/156566 for class 0...
INFO:__main__:Processing batch 63617-63744/156566 for class 0...
INFO:__main__:Processing batch 63745-63872/156566 for class 0...
INFO:__main__:Processing batch 63873-64000/156566 for class 0...
INFO:__main__:Processing batch 64001-64128/156566 for class 0...
INFO:__main__:Processing batch 64129-64256/156566 for class 0...
INFO:__main__:Processing batch 64257-64384/156566 for class 0...
INFO:__main__:Processing batch 64385-64512/156566 for class 0...
INFO:__main__:Processing batch 64513-64640/156566 for class 0...
INFO:__main__:Processing batch 64641-64768/156566 for class 0...
INFO:__main__:Processing batch 64769-64896/156566 for class 0...
INFO:__main__:Processing batch 64897-65024/156566 for class 0...
INFO:__main__:Processing batch 65025-65152/156566 for class 0...
INFO:__main__:Processing batch 65153-65280/156566 for class 0...
INFO:__main__:Processing batch 65281-65408/156566 for class 0...
INFO:__main__:Processing batch 65409-65536/156566 for class 0...
INFO:__main__:Processing batch 65537-65664/156566 for class 0...
INFO:__main__:Processing batch 65665-65792/156566 for class 0...
INFO:__main__:Processing batch 65793-65920/156566 for class 0...
INFO:__main__:Processing batch 65921-66048/156566 for class 0...
INFO:__main__:Processing batch 66049-66176/156566 for class 0...
INFO:__main__:Processing batch 66177-66304/156566 for class 0...
INFO:__main__:Processing batch 66305-66432/156566 for class 0...
INFO:__main__:Processing batch 66433-66560/156566 for class 0...
INFO:__main__:Processing batch 66561-66688/156566 for class 0...
INFO:__main__:Processing batch 66689-66816/156566 for class 0...
INFO:__main__:Processing batch 66817-66944/156566 for class 0...
INFO:__main__:Processing batch 66945-67072/156566 for class 0...
INFO:__main__:Processing batch 67073-67200/156566 for class 0...
INFO:__main__:Processing batch 67201-67328/156566 for class 0...
INFO:__main__:Processing batch 67329-67456/156566 for class 0...
INFO:__main__:Processing batch 67457-67584/156566 for class 0...
INFO:__main__:Processing batch 67585-67712/156566 for class 0...
INFO:__main__:Processing batch 67713-67840/156566 for class 0...
INFO:__main__:Processing batch 67841-67968/156566 for class 0...
INFO:__main__:Processing batch 67969-68096/156566 for class 0...
INFO:__main__:Processing batch 68097-68224/156566 for class 0...
INFO:__main__:Processing batch 68225-68352/156566 for class 0...
INFO:__main__:Processing batch 68353-68480/156566 for class 0...
INFO:__main__:Processing batch 68481-68608/156566 for class 0...
INFO:__main__:Processing batch 68609-68736/156566 for class 0...
INFO:__main__:Processing batch 68737-68864/156566 for class 0...
INFO:__main__:Processing batch 68865-68992/156566 for class 0...
INFO:__main__:Processing batch 68993-69120/156566 for class 0...
INFO:__main__:Processing batch 69121-69248/156566 for class 0...
INFO:__main__:Processing batch 69249-69376/156566 for class 0...
INFO:__main__:Processing batch 69377-69504/156566 for class 0...
INFO:__main__:Processing batch 69505-69632/156566 for class 0...
INFO:__main__:Processing batch 69633-69760/156566 for class 0...
INFO:__main__:Processing batch 69761-69888/156566 for class 0...
INFO:__main__:Processing batch 69889-70016/156566 for class 0...
INFO:__main__:Processing batch 70017-70144/156566 for class 0...
INFO:__main__:Processing batch 70145-70272/156566 for class 0...
INFO:__main__:Processing batch 70273-70400/156566 for class 0...
INFO:__main__:Processing batch 70401-70528/156566 for class 0...
INFO:__main__:Processing batch 70529-70656/156566 for class 0...
INFO:__main__:Processing batch 70657-70784/156566 for class 0...
INFO:__main__:Processing batch 70785-70912/156566 for class 0...
INFO:__main__:Processing batch 70913-71040/156566 for class 0...
INFO:__main__:Processing batch 71041-71168/156566 for class 0...
INFO:__main__:Processing batch 71169-71296/156566 for class 0...
INFO:__main__:Processing batch 71297-71424/156566 for class 0...
INFO:__main__:Processing batch 71425-71552/156566 for class 0...
INFO:__main__:Processing batch 71553-71680/156566 for class 0...
INFO:__main__:Processing batch 71681-71808/156566 for class 0...
INFO:__main__:Processing batch 71809-71936/156566 for class 0...
INFO:__main__:Processing batch 71937-72064/156566 for class 0...
INFO:__main__:Processing batch 72065-72192/156566 for class 0...
INFO:__main__:Processing batch 72193-72320/156566 for class 0...
INFO:__main__:Processing batch 72321-72448/156566 for class 0...
INFO:__main__:Processing batch 72449-72576/156566 for class 0...
INFO:__main__:Processing batch 72577-72704/156566 for class 0...
INFO:__main__:Processing batch 72705-72832/156566 for class 0...
INFO:__main__:Processing batch 72833-72960/156566 for class 0...
INFO:__main__:Processing batch 72961-73088/156566 for class 0...
INFO:__main__:Processing batch 73089-73216/156566 for class 0...
INFO:__main__:Processing batch 73217-73344/156566 for class 0...
INFO:__main__:Processing batch 73345-73472/156566 for class 0...
INFO:__main__:Processing batch 73473-73600/156566 for class 0...
INFO:__main__:Processing batch 73601-73728/156566 for class 0...
INFO:__main__:Processing batch 73729-73856/156566 for class 0...
INFO:__main__:Processing batch 73857-73984/156566 for class 0...
INFO:__main__:Processing batch 73985-74112/156566 for class 0...
INFO:__main__:Processing batch 74113-74240/156566 for class 0...
INFO:__main__:Processing batch 74241-74368/156566 for class 0...
INFO:__main__:Processing batch 74369-74496/156566 for class 0...
INFO:__main__:Processing batch 74497-74624/156566 for class 0...
INFO:__main__:Processing batch 74625-74752/156566 for class 0...
INFO:__main__:Processing batch 74753-74880/156566 for class 0...
INFO:__main__:Processing batch 74881-75008/156566 for class 0...
INFO:__main__:Processing batch 75009-75136/156566 for class 0...
INFO:__main__:Processing batch 75137-75264/156566 for class 0...
INFO:__main__:Processing batch 75265-75392/156566 for class 0...
INFO:__main__:Processing batch 75393-75520/156566 for class 0...
INFO:__main__:Processing batch 75521-75648/156566 for class 0...
INFO:__main__:Processing batch 75649-75776/156566 for class 0...
INFO:__main__:Processing batch 75777-75904/156566 for class 0...
INFO:__main__:Processing batch 75905-76032/156566 for class 0...
INFO:__main__:Processing batch 76033-76160/156566 for class 0...
INFO:__main__:Processing batch 76161-76288/156566 for class 0...
INFO:__main__:Processing batch 76289-76416/156566 for class 0...
INFO:__main__:Processing batch 76417-76544/156566 for class 0...
INFO:__main__:Processing batch 76545-76672/156566 for class 0...
INFO:__main__:Processing batch 76673-76800/156566 for class 0...
INFO:__main__:Processing batch 76801-76928/156566 for class 0...
INFO:__main__:Processing batch 76929-77056/156566 for class 0...
INFO:__main__:Processing batch 77057-77184/156566 for class 0...
INFO:__main__:Processing batch 77185-77312/156566 for class 0...
INFO:__main__:Processing batch 77313-77440/156566 for class 0...
INFO:__main__:Processing batch 77441-77568/156566 for class 0...
INFO:__main__:Processing batch 77569-77696/156566 for class 0...
INFO:__main__:Processing batch 77697-77824/156566 for class 0...
INFO:__main__:Processing batch 77825-77952/156566 for class 0...
INFO:__main__:Processing batch 77953-78080/156566 for class 0...
INFO:__main__:Processing batch 78081-78208/156566 for class 0...
INFO:__main__:Processing batch 78209-78336/156566 for class 0...
INFO:__main__:Processing batch 78337-78464/156566 for class 0...
INFO:__main__:Processing batch 78465-78592/156566 for class 0...
INFO:__main__:Processing batch 78593-78720/156566 for class 0...
INFO:__main__:Processing batch 78721-78848/156566 for class 0...
INFO:__main__:Processing batch 78849-78976/156566 for class 0...
INFO:__main__:Processing batch 78977-79104/156566 for class 0...
INFO:__main__:Processing batch 79105-79232/156566 for class 0...
INFO:__main__:Processing batch 79233-79360/156566 for class 0...
INFO:__main__:Processing batch 79361-79488/156566 for class 0...
INFO:__main__:Processing batch 79489-79616/156566 for class 0...
INFO:__main__:Processing batch 79617-79744/156566 for class 0...
INFO:__main__:Processing batch 79745-79872/156566 for class 0...
INFO:__main__:Processing batch 79873-80000/156566 for class 0...
INFO:__main__:Processing batch 80001-80128/156566 for class 0...
INFO:__main__:Processing batch 80129-80256/156566 for class 0...
INFO:__main__:Processing batch 80257-80384/156566 for class 0...
INFO:__main__:Processing batch 80385-80512/156566 for class 0...
INFO:__main__:Processing batch 80513-80640/156566 for class 0...
INFO:__main__:Processing batch 80641-80768/156566 for class 0...
INFO:__main__:Processing batch 80769-80896/156566 for class 0...
INFO:__main__:Processing batch 80897-81024/156566 for class 0...
INFO:__main__:Processing batch 81025-81152/156566 for class 0...
INFO:__main__:Processing batch 81153-81280/156566 for class 0...
INFO:__main__:Processing batch 81281-81408/156566 for class 0...
INFO:__main__:Processing batch 81409-81536/156566 for class 0...
INFO:__main__:Processing batch 81537-81664/156566 for class 0...
INFO:__main__:Processing batch 81665-81792/156566 for class 0...
INFO:__main__:Processing batch 81793-81920/156566 for class 0...
INFO:__main__:Processing batch 81921-82048/156566 for class 0...
INFO:__main__:Processing batch 82049-82176/156566 for class 0...
INFO:__main__:Processing batch 82177-82304/156566 for class 0...
INFO:__main__:Processing batch 82305-82432/156566 for class 0...
INFO:__main__:Processing batch 82433-82560/156566 for class 0...
INFO:__main__:Processing batch 82561-82688/156566 for class 0...
INFO:__main__:Processing batch 82689-82816/156566 for class 0...
INFO:__main__:Processing batch 82817-82944/156566 for class 0...
INFO:__main__:Processing batch 82945-83072/156566 for class 0...
INFO:__main__:Processing batch 83073-83200/156566 for class 0...
INFO:__main__:Processing batch 83201-83328/156566 for class 0...
INFO:__main__:Processing batch 83329-83456/156566 for class 0...
INFO:__main__:Processing batch 83457-83584/156566 for class 0...
INFO:__main__:Processing batch 83585-83712/156566 for class 0...
INFO:__main__:Processing batch 83713-83840/156566 for class 0...
INFO:__main__:Processing batch 83841-83968/156566 for class 0...
INFO:__main__:Processing batch 83969-84096/156566 for class 0...
INFO:__main__:Processing batch 84097-84224/156566 for class 0...
INFO:__main__:Processing batch 84225-84352/156566 for class 0...
INFO:__main__:Processing batch 84353-84480/156566 for class 0...
INFO:__main__:Processing batch 84481-84608/156566 for class 0...
INFO:__main__:Processing batch 84609-84736/156566 for class 0...
INFO:__main__:Processing batch 84737-84864/156566 for class 0...
INFO:__main__:Processing batch 84865-84992/156566 for class 0...
INFO:__main__:Processing batch 84993-85120/156566 for class 0...
INFO:__main__:Processing batch 85121-85248/156566 for class 0...
INFO:__main__:Processing batch 85249-85376/156566 for class 0...
INFO:__main__:Processing batch 85377-85504/156566 for class 0...
INFO:__main__:Processing batch 85505-85632/156566 for class 0...
INFO:__main__:Processing batch 85633-85760/156566 for class 0...
INFO:__main__:Processing batch 85761-85888/156566 for class 0...
INFO:__main__:Processing batch 85889-86016/156566 for class 0...
INFO:__main__:Processing batch 86017-86144/156566 for class 0...
INFO:__main__:Processing batch 86145-86272/156566 for class 0...
INFO:__main__:Processing batch 86273-86400/156566 for class 0...
INFO:__main__:Processing batch 86401-86528/156566 for class 0...
INFO:__main__:Processing batch 86529-86656/156566 for class 0...
INFO:__main__:Processing batch 86657-86784/156566 for class 0...
INFO:__main__:Processing batch 86785-86912/156566 for class 0...
INFO:__main__:Processing batch 86913-87040/156566 for class 0...
INFO:__main__:Processing batch 87041-87168/156566 for class 0...
INFO:__main__:Processing batch 87169-87296/156566 for class 0...
INFO:__main__:Processing batch 87297-87424/156566 for class 0...
INFO:__main__:Processing batch 87425-87552/156566 for class 0...
INFO:__main__:Processing batch 87553-87680/156566 for class 0...
INFO:__main__:Processing batch 87681-87808/156566 for class 0...
INFO:__main__:Processing batch 87809-87936/156566 for class 0...
INFO:__main__:Processing batch 87937-88064/156566 for class 0...
INFO:__main__:Processing batch 88065-88192/156566 for class 0...
INFO:__main__:Processing batch 88193-88320/156566 for class 0...
INFO:__main__:Processing batch 88321-88448/156566 for class 0...
INFO:__main__:Processing batch 88449-88576/156566 for class 0...
INFO:__main__:Processing batch 88577-88704/156566 for class 0...
INFO:__main__:Processing batch 88705-88832/156566 for class 0...
INFO:__main__:Processing batch 88833-88960/156566 for class 0...
INFO:__main__:Processing batch 88961-89088/156566 for class 0...
INFO:__main__:Processing batch 89089-89216/156566 for class 0...
INFO:__main__:Processing batch 89217-89344/156566 for class 0...
INFO:__main__:Processing batch 89345-89472/156566 for class 0...
INFO:__main__:Processing batch 89473-89600/156566 for class 0...
INFO:__main__:Processing batch 89601-89728/156566 for class 0...
INFO:__main__:Processing batch 89729-89856/156566 for class 0...
INFO:__main__:Processing batch 89857-89984/156566 for class 0...
INFO:__main__:Processing batch 89985-90112/156566 for class 0...
INFO:__main__:Processing batch 90113-90240/156566 for class 0...
INFO:__main__:Processing batch 90241-90368/156566 for class 0...
INFO:__main__:Processing batch 90369-90496/156566 for class 0...
INFO:__main__:Processing batch 90497-90624/156566 for class 0...
INFO:__main__:Processing batch 90625-90752/156566 for class 0...
INFO:__main__:Processing batch 90753-90880/156566 for class 0...
INFO:__main__:Processing batch 90881-91008/156566 for class 0...
INFO:__main__:Processing batch 91009-91136/156566 for class 0...
INFO:__main__:Processing batch 91137-91264/156566 for class 0...
INFO:__main__:Processing batch 91265-91392/156566 for class 0...
INFO:__main__:Processing batch 91393-91520/156566 for class 0...
INFO:__main__:Processing batch 91521-91648/156566 for class 0...
INFO:__main__:Processing batch 91649-91776/156566 for class 0...
INFO:__main__:Processing batch 91777-91904/156566 for class 0...
INFO:__main__:Processing batch 91905-92032/156566 for class 0...
INFO:__main__:Processing batch 92033-92160/156566 for class 0...
INFO:__main__:Processing batch 92161-92288/156566 for class 0...
INFO:__main__:Processing batch 92289-92416/156566 for class 0...
INFO:__main__:Processing batch 92417-92544/156566 for class 0...
INFO:__main__:Processing batch 92545-92672/156566 for class 0...
INFO:__main__:Processing batch 92673-92800/156566 for class 0...
INFO:__main__:Processing batch 92801-92928/156566 for class 0...
INFO:__main__:Processing batch 92929-93056/156566 for class 0...
INFO:__main__:Processing batch 93057-93184/156566 for class 0...
INFO:__main__:Processing batch 93185-93312/156566 for class 0...
INFO:__main__:Processing batch 93313-93440/156566 for class 0...
INFO:__main__:Processing batch 93441-93568/156566 for class 0...
INFO:__main__:Processing batch 93569-93696/156566 for class 0...
INFO:__main__:Processing batch 93697-93824/156566 for class 0...
INFO:__main__:Processing batch 93825-93952/156566 for class 0...
INFO:__main__:Processing batch 93953-94080/156566 for class 0...
INFO:__main__:Processing batch 94081-94208/156566 for class 0...
INFO:__main__:Processing batch 94209-94336/156566 for class 0...
INFO:__main__:Processing batch 94337-94464/156566 for class 0...
INFO:__main__:Processing batch 94465-94592/156566 for class 0...
INFO:__main__:Processing batch 94593-94720/156566 for class 0...
INFO:__main__:Processing batch 94721-94848/156566 for class 0...
INFO:__main__:Processing batch 94849-94976/156566 for class 0...
INFO:__main__:Processing batch 94977-95104/156566 for class 0...
INFO:__main__:Processing batch 95105-95232/156566 for class 0...
INFO:__main__:Processing batch 95233-95360/156566 for class 0...
INFO:__main__:Processing batch 95361-95488/156566 for class 0...
INFO:__main__:Processing batch 95489-95616/156566 for class 0...
INFO:__main__:Processing batch 95617-95744/156566 for class 0...
INFO:__main__:Processing batch 95745-95872/156566 for class 0...
INFO:__main__:Processing batch 95873-96000/156566 for class 0...
INFO:__main__:Processing batch 96001-96128/156566 for class 0...
INFO:__main__:Processing batch 96129-96256/156566 for class 0...
INFO:__main__:Processing batch 96257-96384/156566 for class 0...
INFO:__main__:Processing batch 96385-96512/156566 for class 0...
INFO:__main__:Processing batch 96513-96640/156566 for class 0...
INFO:__main__:Processing batch 96641-96768/156566 for class 0...
INFO:__main__:Processing batch 96769-96896/156566 for class 0...
INFO:__main__:Processing batch 96897-97024/156566 for class 0...
INFO:__main__:Processing batch 97025-97152/156566 for class 0...
INFO:__main__:Processing batch 97153-97280/156566 for class 0...
INFO:__main__:Processing batch 97281-97408/156566 for class 0...
INFO:__main__:Processing batch 97409-97536/156566 for class 0...
INFO:__main__:Processing batch 97537-97664/156566 for class 0...
INFO:__main__:Processing batch 97665-97792/156566 for class 0...
INFO:__main__:Processing batch 97793-97920/156566 for class 0...
INFO:__main__:Processing batch 97921-98048/156566 for class 0...
INFO:__main__:Processing batch 98049-98176/156566 for class 0...
INFO:__main__:Processing batch 98177-98304/156566 for class 0...
INFO:__main__:Processing batch 98305-98432/156566 for class 0...
INFO:__main__:Processing batch 98433-98560/156566 for class 0...
INFO:__main__:Processing batch 98561-98688/156566 for class 0...
INFO:__main__:Processing batch 98689-98816/156566 for class 0...
INFO:__main__:Processing batch 98817-98944/156566 for class 0...
INFO:__main__:Processing batch 98945-99072/156566 for class 0...
INFO:__main__:Processing batch 99073-99200/156566 for class 0...
INFO:__main__:Processing batch 99201-99328/156566 for class 0...
INFO:__main__:Processing batch 99329-99456/156566 for class 0...
INFO:__main__:Processing batch 99457-99584/156566 for class 0...
INFO:__main__:Processing batch 99585-99712/156566 for class 0...
INFO:__main__:Processing batch 99713-99840/156566 for class 0...
INFO:__main__:Processing batch 99841-99968/156566 for class 0...
INFO:__main__:Processing batch 99969-100096/156566 for class 0...
INFO:__main__:Processing batch 100097-100224/156566 for class 0...
INFO:__main__:Processing batch 100225-100352/156566 for class 0...
INFO:__main__:Processing batch 100353-100480/156566 for class 0...
INFO:__main__:Processing batch 100481-100608/156566 for class 0...
INFO:__main__:Processing batch 100609-100736/156566 for class 0...
INFO:__main__:Processing batch 100737-100864/156566 for class 0...
INFO:__main__:Processing batch 100865-100992/156566 for class 0...
INFO:__main__:Processing batch 100993-101120/156566 for class 0...
INFO:__main__:Processing batch 101121-101248/156566 for class 0...
INFO:__main__:Processing batch 101249-101376/156566 for class 0...
INFO:__main__:Processing batch 101377-101504/156566 for class 0...
INFO:__main__:Processing batch 101505-101632/156566 for class 0...
INFO:__main__:Processing batch 101633-101760/156566 for class 0...
INFO:__main__:Processing batch 101761-101888/156566 for class 0...
INFO:__main__:Processing batch 101889-102016/156566 for class 0...
INFO:__main__:Processing batch 102017-102144/156566 for class 0...
INFO:__main__:Processing batch 102145-102272/156566 for class 0...
INFO:__main__:Processing batch 102273-102400/156566 for class 0...
INFO:__main__:Processing batch 102401-102528/156566 for class 0...
INFO:__main__:Processing batch 102529-102656/156566 for class 0...
INFO:__main__:Processing batch 102657-102784/156566 for class 0...
INFO:__main__:Processing batch 102785-102912/156566 for class 0...
INFO:__main__:Processing batch 102913-103040/156566 for class 0...
INFO:__main__:Processing batch 103041-103168/156566 for class 0...
INFO:__main__:Processing batch 103169-103296/156566 for class 0...
INFO:__main__:Processing batch 103297-103424/156566 for class 0...
INFO:__main__:Processing batch 103425-103552/156566 for class 0...
INFO:__main__:Processing batch 103553-103680/156566 for class 0...
INFO:__main__:Processing batch 103681-103808/156566 for class 0...
INFO:__main__:Processing batch 103809-103936/156566 for class 0...
INFO:__main__:Processing batch 103937-104064/156566 for class 0...
INFO:__main__:Processing batch 104065-104192/156566 for class 0...
INFO:__main__:Processing batch 104193-104320/156566 for class 0...
INFO:__main__:Processing batch 104321-104448/156566 for class 0...
INFO:__main__:Processing batch 104449-104576/156566 for class 0...
INFO:__main__:Processing batch 104577-104704/156566 for class 0...
INFO:__main__:Processing batch 104705-104832/156566 for class 0...
INFO:__main__:Processing batch 104833-104960/156566 for class 0...
INFO:__main__:Processing batch 104961-105088/156566 for class 0...
INFO:__main__:Processing batch 105089-105216/156566 for class 0...
INFO:__main__:Processing batch 105217-105344/156566 for class 0...
INFO:__main__:Processing batch 105345-105472/156566 for class 0...
INFO:__main__:Processing batch 105473-105600/156566 for class 0...
INFO:__main__:Processing batch 105601-105728/156566 for class 0...
INFO:__main__:Processing batch 105729-105856/156566 for class 0...
INFO:__main__:Processing batch 105857-105984/156566 for class 0...
INFO:__main__:Processing batch 105985-106112/156566 for class 0...
INFO:__main__:Processing batch 106113-106240/156566 for class 0...
INFO:__main__:Processing batch 106241-106368/156566 for class 0...
INFO:__main__:Processing batch 106369-106496/156566 for class 0...
INFO:__main__:Processing batch 106497-106624/156566 for class 0...
INFO:__main__:Processing batch 106625-106752/156566 for class 0...
INFO:__main__:Processing batch 106753-106880/156566 for class 0...
INFO:__main__:Processing batch 106881-107008/156566 for class 0...
INFO:__main__:Processing batch 107009-107136/156566 for class 0...
INFO:__main__:Processing batch 107137-107264/156566 for class 0...
INFO:__main__:Processing batch 107265-107392/156566 for class 0...
INFO:__main__:Processing batch 107393-107520/156566 for class 0...
INFO:__main__:Processing batch 107521-107648/156566 for class 0...
INFO:__main__:Processing batch 107649-107776/156566 for class 0...
INFO:__main__:Processing batch 107777-107904/156566 for class 0...
INFO:__main__:Processing batch 107905-108032/156566 for class 0...
INFO:__main__:Processing batch 108033-108160/156566 for class 0...
INFO:__main__:Processing batch 108161-108288/156566 for class 0...
INFO:__main__:Processing batch 108289-108416/156566 for class 0...
INFO:__main__:Processing batch 108417-108544/156566 for class 0...
INFO:__main__:Processing batch 108545-108672/156566 for class 0...
INFO:__main__:Processing batch 108673-108800/156566 for class 0...
INFO:__main__:Processing batch 108801-108928/156566 for class 0...
INFO:__main__:Processing batch 108929-109056/156566 for class 0...
INFO:__main__:Processing batch 109057-109184/156566 for class 0...
INFO:__main__:Processing batch 109185-109312/156566 for class 0...
INFO:__main__:Processing batch 109313-109440/156566 for class 0...
INFO:__main__:Processing batch 109441-109568/156566 for class 0...
INFO:__main__:Processing batch 109569-109696/156566 for class 0...
INFO:__main__:Processing batch 109697-109824/156566 for class 0...
INFO:__main__:Processing batch 109825-109952/156566 for class 0...
INFO:__main__:Processing batch 109953-110080/156566 for class 0...
INFO:__main__:Processing batch 110081-110208/156566 for class 0...
INFO:__main__:Processing batch 110209-110336/156566 for class 0...
INFO:__main__:Processing batch 110337-110464/156566 for class 0...
INFO:__main__:Processing batch 110465-110592/156566 for class 0...
INFO:__main__:Processing batch 110593-110720/156566 for class 0...
INFO:__main__:Processing batch 110721-110848/156566 for class 0...
INFO:__main__:Processing batch 110849-110976/156566 for class 0...
INFO:__main__:Processing batch 110977-111104/156566 for class 0...
INFO:__main__:Processing batch 111105-111232/156566 for class 0...
INFO:__main__:Processing batch 111233-111360/156566 for class 0...
INFO:__main__:Processing batch 111361-111488/156566 for class 0...
INFO:__main__:Processing batch 111489-111616/156566 for class 0...
INFO:__main__:Processing batch 111617-111744/156566 for class 0...
INFO:__main__:Processing batch 111745-111872/156566 for class 0...
INFO:__main__:Processing batch 111873-112000/156566 for class 0...
INFO:__main__:Processing batch 112001-112128/156566 for class 0...
INFO:__main__:Processing batch 112129-112256/156566 for class 0...
INFO:__main__:Processing batch 112257-112384/156566 for class 0...
INFO:__main__:Processing batch 112385-112512/156566 for class 0...
INFO:__main__:Processing batch 112513-112640/156566 for class 0...
INFO:__main__:Processing batch 112641-112768/156566 for class 0...
INFO:__main__:Processing batch 112769-112896/156566 for class 0...
INFO:__main__:Processing batch 112897-113024/156566 for class 0...
INFO:__main__:Processing batch 113025-113152/156566 for class 0...
INFO:__main__:Processing batch 113153-113280/156566 for class 0...
INFO:__main__:Processing batch 113281-113408/156566 for class 0...
INFO:__main__:Processing batch 113409-113536/156566 for class 0...
INFO:__main__:Processing batch 113537-113664/156566 for class 0...
INFO:__main__:Processing batch 113665-113792/156566 for class 0...
INFO:__main__:Processing batch 113793-113920/156566 for class 0...
INFO:__main__:Processing batch 113921-114048/156566 for class 0...
INFO:__main__:Processing batch 114049-114176/156566 for class 0...
INFO:__main__:Processing batch 114177-114304/156566 for class 0...
INFO:__main__:Processing batch 114305-114432/156566 for class 0...
INFO:__main__:Processing batch 114433-114560/156566 for class 0...
INFO:__main__:Processing batch 114561-114688/156566 for class 0...
INFO:__main__:Processing batch 114689-114816/156566 for class 0...
INFO:__main__:Processing batch 114817-114944/156566 for class 0...
INFO:__main__:Processing batch 114945-115072/156566 for class 0...
INFO:__main__:Processing batch 115073-115200/156566 for class 0...
INFO:__main__:Processing batch 115201-115328/156566 for class 0...
INFO:__main__:Processing batch 115329-115456/156566 for class 0...
INFO:__main__:Processing batch 115457-115584/156566 for class 0...
INFO:__main__:Processing batch 115585-115712/156566 for class 0...
INFO:__main__:Processing batch 115713-115840/156566 for class 0...
INFO:__main__:Processing batch 115841-115968/156566 for class 0...
INFO:__main__:Processing batch 115969-116096/156566 for class 0...
INFO:__main__:Processing batch 116097-116224/156566 for class 0...
INFO:__main__:Processing batch 116225-116352/156566 for class 0...
INFO:__main__:Processing batch 116353-116480/156566 for class 0...
INFO:__main__:Processing batch 116481-116608/156566 for class 0...
INFO:__main__:Processing batch 116609-116736/156566 for class 0...
INFO:__main__:Processing batch 116737-116864/156566 for class 0...
INFO:__main__:Processing batch 116865-116992/156566 for class 0...
INFO:__main__:Processing batch 116993-117120/156566 for class 0...
INFO:__main__:Processing batch 117121-117248/156566 for class 0...
INFO:__main__:Processing batch 117249-117376/156566 for class 0...
INFO:__main__:Processing batch 117377-117504/156566 for class 0...
INFO:__main__:Processing batch 117505-117632/156566 for class 0...
INFO:__main__:Processing batch 117633-117760/156566 for class 0...
INFO:__main__:Processing batch 117761-117888/156566 for class 0...
INFO:__main__:Processing batch 117889-118016/156566 for class 0...
INFO:__main__:Processing batch 118017-118144/156566 for class 0...
INFO:__main__:Processing batch 118145-118272/156566 for class 0...
INFO:__main__:Processing batch 118273-118400/156566 for class 0...
INFO:__main__:Processing batch 118401-118528/156566 for class 0...
INFO:__main__:Processing batch 118529-118656/156566 for class 0...
INFO:__main__:Processing batch 118657-118784/156566 for class 0...
INFO:__main__:Processing batch 118785-118912/156566 for class 0...
INFO:__main__:Processing batch 118913-119040/156566 for class 0...
INFO:__main__:Processing batch 119041-119168/156566 for class 0...
INFO:__main__:Processing batch 119169-119296/156566 for class 0...
INFO:__main__:Processing batch 119297-119424/156566 for class 0...
INFO:__main__:Processing batch 119425-119552/156566 for class 0...
INFO:__main__:Processing batch 119553-119680/156566 for class 0...
INFO:__main__:Processing batch 119681-119808/156566 for class 0...
INFO:__main__:Processing batch 119809-119936/156566 for class 0...
INFO:__main__:Processing batch 119937-120064/156566 for class 0...
INFO:__main__:Processing batch 120065-120192/156566 for class 0...
INFO:__main__:Processing batch 120193-120320/156566 for class 0...
INFO:__main__:Processing batch 120321-120448/156566 for class 0...
INFO:__main__:Processing batch 120449-120576/156566 for class 0...
INFO:__main__:Processing batch 120577-120704/156566 for class 0...
INFO:__main__:Processing batch 120705-120832/156566 for class 0...
INFO:__main__:Processing batch 120833-120960/156566 for class 0...
INFO:__main__:Processing batch 120961-121088/156566 for class 0...
INFO:__main__:Processing batch 121089-121216/156566 for class 0...
INFO:__main__:Processing batch 121217-121344/156566 for class 0...
INFO:__main__:Processing batch 121345-121472/156566 for class 0...
INFO:__main__:Processing batch 121473-121600/156566 for class 0...
INFO:__main__:Processing batch 121601-121728/156566 for class 0...
INFO:__main__:Processing batch 121729-121856/156566 for class 0...
INFO:__main__:Processing batch 121857-121984/156566 for class 0...
INFO:__main__:Processing batch 121985-122112/156566 for class 0...
INFO:__main__:Processing batch 122113-122240/156566 for class 0...
INFO:__main__:Processing batch 122241-122368/156566 for class 0...
INFO:__main__:Processing batch 122369-122496/156566 for class 0...
INFO:__main__:Processing batch 122497-122624/156566 for class 0...
INFO:__main__:Processing batch 122625-122752/156566 for class 0...
INFO:__main__:Processing batch 122753-122880/156566 for class 0...
INFO:__main__:Processing batch 122881-123008/156566 for class 0...
INFO:__main__:Processing batch 123009-123136/156566 for class 0...
INFO:__main__:Processing batch 123137-123264/156566 for class 0...
INFO:__main__:Processing batch 123265-123392/156566 for class 0...
INFO:__main__:Processing batch 123393-123520/156566 for class 0...
INFO:__main__:Processing batch 123521-123648/156566 for class 0...
INFO:__main__:Processing batch 123649-123776/156566 for class 0...
INFO:__main__:Processing batch 123777-123904/156566 for class 0...
INFO:__main__:Processing batch 123905-124032/156566 for class 0...
INFO:__main__:Processing batch 124033-124160/156566 for class 0...
INFO:__main__:Processing batch 124161-124288/156566 for class 0...
INFO:__main__:Processing batch 124289-124416/156566 for class 0...
INFO:__main__:Processing batch 124417-124544/156566 for class 0...
INFO:__main__:Processing batch 124545-124672/156566 for class 0...
INFO:__main__:Processing batch 124673-124800/156566 for class 0...
INFO:__main__:Processing batch 124801-124928/156566 for class 0...
INFO:__main__:Processing batch 124929-125056/156566 for class 0...
INFO:__main__:Processing batch 125057-125184/156566 for class 0...
INFO:__main__:Processing batch 125185-125312/156566 for class 0...
INFO:__main__:Processing batch 125313-125440/156566 for class 0...
INFO:__main__:Processing batch 125441-125568/156566 for class 0...
INFO:__main__:Processing batch 125569-125696/156566 for class 0...
INFO:__main__:Processing batch 125697-125824/156566 for class 0...
INFO:__main__:Processing batch 125825-125952/156566 for class 0...
INFO:__main__:Processing batch 125953-126080/156566 for class 0...
INFO:__main__:Processing batch 126081-126208/156566 for class 0...
INFO:__main__:Processing batch 126209-126336/156566 for class 0...
INFO:__main__:Processing batch 126337-126464/156566 for class 0...
INFO:__main__:Processing batch 126465-126592/156566 for class 0...
INFO:__main__:Processing batch 126593-126720/156566 for class 0...
INFO:__main__:Processing batch 126721-126848/156566 for class 0...
INFO:__main__:Processing batch 126849-126976/156566 for class 0...
INFO:__main__:Processing batch 126977-127104/156566 for class 0...
INFO:__main__:Processing batch 127105-127232/156566 for class 0...
INFO:__main__:Processing batch 127233-127360/156566 for class 0...
INFO:__main__:Processing batch 127361-127488/156566 for class 0...
INFO:__main__:Processing batch 127489-127616/156566 for class 0...
INFO:__main__:Processing batch 127617-127744/156566 for class 0...
INFO:__main__:Processing batch 127745-127872/156566 for class 0...
INFO:__main__:Processing batch 127873-128000/156566 for class 0...
INFO:__main__:Processing batch 128001-128128/156566 for class 0...
INFO:__main__:Processing batch 128129-128256/156566 for class 0...
INFO:__main__:Processing batch 128257-128384/156566 for class 0...
INFO:__main__:Processing batch 128385-128512/156566 for class 0...
INFO:__main__:Processing batch 128513-128640/156566 for class 0...
INFO:__main__:Processing batch 128641-128768/156566 for class 0...
INFO:__main__:Processing batch 128769-128896/156566 for class 0...
INFO:__main__:Processing batch 128897-129024/156566 for class 0...
INFO:__main__:Processing batch 129025-129152/156566 for class 0...
INFO:__main__:Processing batch 129153-129280/156566 for class 0...
INFO:__main__:Processing batch 129281-129408/156566 for class 0...
INFO:__main__:Processing batch 129409-129536/156566 for class 0...
INFO:__main__:Processing batch 129537-129664/156566 for class 0...
INFO:__main__:Processing batch 129665-129792/156566 for class 0...
INFO:__main__:Processing batch 129793-129920/156566 for class 0...
INFO:__main__:Processing batch 129921-130048/156566 for class 0...
INFO:__main__:Processing batch 130049-130176/156566 for class 0...
INFO:__main__:Processing batch 130177-130304/156566 for class 0...
INFO:__main__:Processing batch 130305-130432/156566 for class 0...
INFO:__main__:Processing batch 130433-130560/156566 for class 0...
INFO:__main__:Processing batch 130561-130688/156566 for class 0...
INFO:__main__:Processing batch 130689-130816/156566 for class 0...
INFO:__main__:Processing batch 130817-130944/156566 for class 0...
INFO:__main__:Processing batch 130945-131072/156566 for class 0...
INFO:__main__:Processing batch 131073-131200/156566 for class 0...
INFO:__main__:Processing batch 131201-131328/156566 for class 0...
INFO:__main__:Processing batch 131329-131456/156566 for class 0...
INFO:__main__:Processing batch 131457-131584/156566 for class 0...
INFO:__main__:Processing batch 131585-131712/156566 for class 0...
INFO:__main__:Processing batch 131713-131840/156566 for class 0...
INFO:__main__:Processing batch 131841-131968/156566 for class 0...
INFO:__main__:Processing batch 131969-132096/156566 for class 0...
INFO:__main__:Processing batch 132097-132224/156566 for class 0...
INFO:__main__:Processing batch 132225-132352/156566 for class 0...
INFO:__main__:Processing batch 132353-132480/156566 for class 0...
INFO:__main__:Processing batch 132481-132608/156566 for class 0...
INFO:__main__:Processing batch 132609-132736/156566 for class 0...
INFO:__main__:Processing batch 132737-132864/156566 for class 0...
INFO:__main__:Processing batch 132865-132992/156566 for class 0...
INFO:__main__:Processing batch 132993-133120/156566 for class 0...
INFO:__main__:Processing batch 133121-133248/156566 for class 0...
INFO:__main__:Processing batch 133249-133376/156566 for class 0...
INFO:__main__:Processing batch 133377-133504/156566 for class 0...
INFO:__main__:Processing batch 133505-133632/156566 for class 0...
INFO:__main__:Processing batch 133633-133760/156566 for class 0...
INFO:__main__:Processing batch 133761-133888/156566 for class 0...
INFO:__main__:Processing batch 133889-134016/156566 for class 0...
INFO:__main__:Processing batch 134017-134144/156566 for class 0...
INFO:__main__:Processing batch 134145-134272/156566 for class 0...
INFO:__main__:Processing batch 134273-134400/156566 for class 0...
INFO:__main__:Processing batch 134401-134528/156566 for class 0...
INFO:__main__:Processing batch 134529-134656/156566 for class 0...
INFO:__main__:Processing batch 134657-134784/156566 for class 0...
INFO:__main__:Processing batch 134785-134912/156566 for class 0...
INFO:__main__:Processing batch 134913-135040/156566 for class 0...
INFO:__main__:Processing batch 135041-135168/156566 for class 0...
INFO:__main__:Processing batch 135169-135296/156566 for class 0...
INFO:__main__:Processing batch 135297-135424/156566 for class 0...
INFO:__main__:Processing batch 135425-135552/156566 for class 0...
INFO:__main__:Processing batch 135553-135680/156566 for class 0...
INFO:__main__:Processing batch 135681-135808/156566 for class 0...
INFO:__main__:Processing batch 135809-135936/156566 for class 0...
INFO:__main__:Processing batch 135937-136064/156566 for class 0...
INFO:__main__:Processing batch 136065-136192/156566 for class 0...
INFO:__main__:Processing batch 136193-136320/156566 for class 0...
INFO:__main__:Processing batch 136321-136448/156566 for class 0...
INFO:__main__:Processing batch 136449-136576/156566 for class 0...
INFO:__main__:Processing batch 136577-136704/156566 for class 0...
INFO:__main__:Processing batch 136705-136832/156566 for class 0...
INFO:__main__:Processing batch 136833-136960/156566 for class 0...
INFO:__main__:Processing batch 136961-137088/156566 for class 0...
INFO:__main__:Processing batch 137089-137216/156566 for class 0...
INFO:__main__:Processing batch 137217-137344/156566 for class 0...
INFO:__main__:Processing batch 137345-137472/156566 for class 0...
INFO:__main__:Processing batch 137473-137600/156566 for class 0...
INFO:__main__:Processing batch 137601-137728/156566 for class 0...
INFO:__main__:Processing batch 137729-137856/156566 for class 0...
INFO:__main__:Processing batch 137857-137984/156566 for class 0...
INFO:__main__:Processing batch 137985-138112/156566 for class 0...
INFO:__main__:Processing batch 138113-138240/156566 for class 0...
INFO:__main__:Processing batch 138241-138368/156566 for class 0...
INFO:__main__:Processing batch 138369-138496/156566 for class 0...
INFO:__main__:Processing batch 138497-138624/156566 for class 0...
INFO:__main__:Processing batch 138625-138752/156566 for class 0...
INFO:__main__:Processing batch 138753-138880/156566 for class 0...
INFO:__main__:Processing batch 138881-139008/156566 for class 0...
INFO:__main__:Processing batch 139009-139136/156566 for class 0...
INFO:__main__:Processing batch 139137-139264/156566 for class 0...
INFO:__main__:Processing batch 139265-139392/156566 for class 0...
INFO:__main__:Processing batch 139393-139520/156566 for class 0...
INFO:__main__:Processing batch 139521-139648/156566 for class 0...
INFO:__main__:Processing batch 139649-139776/156566 for class 0...
INFO:__main__:Processing batch 139777-139904/156566 for class 0...
INFO:__main__:Processing batch 139905-140032/156566 for class 0...
INFO:__main__:Processing batch 140033-140160/156566 for class 0...
INFO:__main__:Processing batch 140161-140288/156566 for class 0...
INFO:__main__:Processing batch 140289-140416/156566 for class 0...
INFO:__main__:Processing batch 140417-140544/156566 for class 0...
INFO:__main__:Processing batch 140545-140672/156566 for class 0...
INFO:__main__:Processing batch 140673-140800/156566 for class 0...
INFO:__main__:Processing batch 140801-140928/156566 for class 0...
INFO:__main__:Processing batch 140929-141056/156566 for class 0...
INFO:__main__:Processing batch 141057-141184/156566 for class 0...
INFO:__main__:Processing batch 141185-141312/156566 for class 0...
INFO:__main__:Processing batch 141313-141440/156566 for class 0...
INFO:__main__:Processing batch 141441-141568/156566 for class 0...
INFO:__main__:Processing batch 141569-141696/156566 for class 0...
INFO:__main__:Processing batch 141697-141824/156566 for class 0...
INFO:__main__:Processing batch 141825-141952/156566 for class 0...
INFO:__main__:Processing batch 141953-142080/156566 for class 0...
INFO:__main__:Processing batch 142081-142208/156566 for class 0...
INFO:__main__:Processing batch 142209-142336/156566 for class 0...
INFO:__main__:Processing batch 142337-142464/156566 for class 0...
INFO:__main__:Processing batch 142465-142592/156566 for class 0...
INFO:__main__:Processing batch 142593-142720/156566 for class 0...
INFO:__main__:Processing batch 142721-142848/156566 for class 0...
INFO:__main__:Processing batch 142849-142976/156566 for class 0...
INFO:__main__:Processing batch 142977-143104/156566 for class 0...
INFO:__main__:Processing batch 143105-143232/156566 for class 0...
INFO:__main__:Processing batch 143233-143360/156566 for class 0...
INFO:__main__:Processing batch 143361-143488/156566 for class 0...
INFO:__main__:Processing batch 143489-143616/156566 for class 0...
INFO:__main__:Processing batch 143617-143744/156566 for class 0...
INFO:__main__:Processing batch 143745-143872/156566 for class 0...
INFO:__main__:Processing batch 143873-144000/156566 for class 0...
INFO:__main__:Processing batch 144001-144128/156566 for class 0...
INFO:__main__:Processing batch 144129-144256/156566 for class 0...
INFO:__main__:Processing batch 144257-144384/156566 for class 0...
INFO:__main__:Processing batch 144385-144512/156566 for class 0...
INFO:__main__:Processing batch 144513-144640/156566 for class 0...
INFO:__main__:Processing batch 144641-144768/156566 for class 0...
INFO:__main__:Processing batch 144769-144896/156566 for class 0...
INFO:__main__:Processing batch 144897-145024/156566 for class 0...
INFO:__main__:Processing batch 145025-145152/156566 for class 0...
INFO:__main__:Processing batch 145153-145280/156566 for class 0...
INFO:__main__:Processing batch 145281-145408/156566 for class 0...
INFO:__main__:Processing batch 145409-145536/156566 for class 0...
INFO:__main__:Processing batch 145537-145664/156566 for class 0...
INFO:__main__:Processing batch 145665-145792/156566 for class 0...
INFO:__main__:Processing batch 145793-145920/156566 for class 0...
INFO:__main__:Processing batch 145921-146048/156566 for class 0...
INFO:__main__:Processing batch 146049-146176/156566 for class 0...
INFO:__main__:Processing batch 146177-146304/156566 for class 0...
INFO:__main__:Processing batch 146305-146432/156566 for class 0...
INFO:__main__:Processing batch 146433-146560/156566 for class 0...
INFO:__main__:Processing batch 146561-146688/156566 for class 0...
INFO:__main__:Processing batch 146689-146816/156566 for class 0...
INFO:__main__:Processing batch 146817-146944/156566 for class 0...
INFO:__main__:Processing batch 146945-147072/156566 for class 0...
INFO:__main__:Processing batch 147073-147200/156566 for class 0...
INFO:__main__:Processing batch 147201-147328/156566 for class 0...
INFO:__main__:Processing batch 147329-147456/156566 for class 0...
INFO:__main__:Processing batch 147457-147584/156566 for class 0...
INFO:__main__:Processing batch 147585-147712/156566 for class 0...
INFO:__main__:Processing batch 147713-147840/156566 for class 0...
INFO:__main__:Processing batch 147841-147968/156566 for class 0...
INFO:__main__:Processing batch 147969-148096/156566 for class 0...
INFO:__main__:Processing batch 148097-148224/156566 for class 0...
INFO:__main__:Processing batch 148225-148352/156566 for class 0...
INFO:__main__:Processing batch 148353-148480/156566 for class 0...
INFO:__main__:Processing batch 148481-148608/156566 for class 0...
INFO:__main__:Processing batch 148609-148736/156566 for class 0...
INFO:__main__:Processing batch 148737-148864/156566 for class 0...
INFO:__main__:Processing batch 148865-148992/156566 for class 0...
INFO:__main__:Processing batch 148993-149120/156566 for class 0...
INFO:__main__:Processing batch 149121-149248/156566 for class 0...
INFO:__main__:Processing batch 149249-149376/156566 for class 0...
INFO:__main__:Processing batch 149377-149504/156566 for class 0...
INFO:__main__:Processing batch 149505-149632/156566 for class 0...
INFO:__main__:Processing batch 149633-149760/156566 for class 0...
INFO:__main__:Processing batch 149761-149888/156566 for class 0...
INFO:__main__:Processing batch 149889-150016/156566 for class 0...
INFO:__main__:Processing batch 150017-150144/156566 for class 0...
INFO:__main__:Processing batch 150145-150272/156566 for class 0...
INFO:__main__:Processing batch 150273-150400/156566 for class 0...
INFO:__main__:Processing batch 150401-150528/156566 for class 0...
INFO:__main__:Processing batch 150529-150656/156566 for class 0...
INFO:__main__:Processing batch 150657-150784/156566 for class 0...
INFO:__main__:Processing batch 150785-150912/156566 for class 0...
INFO:__main__:Processing batch 150913-151040/156566 for class 0...
INFO:__main__:Processing batch 151041-151168/156566 for class 0...
INFO:__main__:Processing batch 151169-151296/156566 for class 0...
INFO:__main__:Processing batch 151297-151424/156566 for class 0...
INFO:__main__:Processing batch 151425-151552/156566 for class 0...
INFO:__main__:Processing batch 151553-151680/156566 for class 0...
INFO:__main__:Processing batch 151681-151808/156566 for class 0...
INFO:__main__:Processing batch 151809-151936/156566 for class 0...
INFO:__main__:Processing batch 151937-152064/156566 for class 0...
INFO:__main__:Processing batch 152065-152192/156566 for class 0...
INFO:__main__:Processing batch 152193-152320/156566 for class 0...
INFO:__main__:Processing batch 152321-152448/156566 for class 0...
INFO:__main__:Processing batch 152449-152576/156566 for class 0...
INFO:__main__:Processing batch 152577-152704/156566 for class 0...
INFO:__main__:Processing batch 152705-152832/156566 for class 0...
INFO:__main__:Processing batch 152833-152960/156566 for class 0...
INFO:__main__:Processing batch 152961-153088/156566 for class 0...
INFO:__main__:Processing batch 153089-153216/156566 for class 0...
INFO:__main__:Processing batch 153217-153344/156566 for class 0...
INFO:__main__:Processing batch 153345-153472/156566 for class 0...
INFO:__main__:Processing batch 153473-153600/156566 for class 0...
INFO:__main__:Processing batch 153601-153728/156566 for class 0...
INFO:__main__:Processing batch 153729-153856/156566 for class 0...
INFO:__main__:Processing batch 153857-153984/156566 for class 0...
INFO:__main__:Processing batch 153985-154112/156566 for class 0...
INFO:__main__:Processing batch 154113-154240/156566 for class 0...
INFO:__main__:Processing batch 154241-154368/156566 for class 0...
INFO:__main__:Processing batch 154369-154496/156566 for class 0...
INFO:__main__:Processing batch 154497-154624/156566 for class 0...
INFO:__main__:Processing batch 154625-154752/156566 for class 0...
INFO:__main__:Processing batch 154753-154880/156566 for class 0...
INFO:__main__:Processing batch 154881-155008/156566 for class 0...
INFO:__main__:Processing batch 155009-155136/156566 for class 0...
INFO:__main__:Processing batch 155137-155264/156566 for class 0...
INFO:__main__:Processing batch 155265-155392/156566 for class 0...
INFO:__main__:Processing batch 155393-155520/156566 for class 0...
INFO:__main__:Processing batch 155521-155648/156566 for class 0...
INFO:__main__:Processing batch 155649-155776/156566 for class 0...
INFO:__main__:Processing batch 155777-155904/156566 for class 0...
INFO:__main__:Processing batch 155905-156032/156566 for class 0...
INFO:__main__:Processing batch 156033-156160/156566 for class 0...
INFO:__main__:Processing batch 156161-156288/156566 for class 0...
INFO:__main__:Processing batch 156289-156416/156566 for class 0...
INFO:__main__:Processing batch 156417-156544/156566 for class 0...
INFO:__main__:Processing batch 156545-156566/156566 for class 0...
INFO:__main__:True label 0: MAP (avg over samples) = 0
INFO:__main__:[INFO] Saved results for class 0 (label=0)
INFO:__main__:[INFO] Running Softmax on test class 1 (label=1)...
INFO:__main__:[INFO] Using 4155 samples for class 1.
INFO:__main__:Cached noise paths: shape=torch.Size([256, 1000, 128])
INFO:__main__:Processing batch 1-128/4155 for class 1...
Traceback (most recent call last):
  File "vectorized_softmax_all_sample.py", line 236, in <module>
    map_batch, post_batch = softmax_posterior_latent(
  File "/projects/b1042/GoyalLab/jaekj/python/scTAB/lib/python3.8/site-packages/torch/utils/_contextlib.py", line 116, in decorate_context
    return func(*args, **kwargs)
  File "vectorized_softmax_all_sample.py", line 159, in softmax_posterior_latent
    z_path = torch.empty(B, n_paths, T + 1, D, device=device)
torch.OutOfMemoryError: CUDA out of memory. Tried to allocate 15.64 GiB. GPU 0 has a total capacity of 39.49 GiB of which 13.82 GiB is free. Including non-PyTorch memory, this process has 25.67 GiB memory in use. Of the allocated memory 9.48 GiB is allocated by PyTorch, and 15.69 GiB is reserved by PyTorch but unallocated. If reserved but unallocated memory is large try setting PYTORCH_CUDA_ALLOC_CONF=expandable_segments:True to avoid fragmentation.  See documentation for Memory Management  (https://pytorch.org/docs/stable/notes/cuda.html#environment-variables)
