[INFO] Loaded z_test with shape (8567, 384)
[INFO] Loaded y_test with shape (8567,)
[INFO] Loaded 98 perturbation names from /projects/b1042/GoyalLab/jaekj/KeepingScore/perturb-seq/ExPert/anndata/splits/perturbation_names.npy
[INFO] control label 97: 848 test samples
[INFO] Perturbation 0: 82 samples
[INFO] Perturbation 1: 73 samples
[INFO] Perturbation 2: 176 samples
[INFO] Perturbation 3: 109 samples
[INFO] Perturbation 4: 219 samples
[INFO] Perturbation 5: 57 samples
[INFO] Perturbation 6: 154 samples
[INFO] Perturbation 7: 82 samples
[INFO] Perturbation 8: 97 samples
[INFO] Perturbation 9: 152 samples
[INFO] Perturbation 10: 599 samples
[INFO] Perturbation 11: 113 samples
[INFO] Perturbation 12: 98 samples
[INFO] Perturbation 13: 143 samples
[INFO] Perturbation 14: 63 samples
[INFO] Perturbation 15: 121 samples
[INFO] Perturbation 16: 110 samples
[INFO] Perturbation 17: 147 samples
[INFO] Perturbation 18: 49 samples
[INFO] Perturbation 19: 146 samples
[INFO] Perturbation 20: 78 samples
[INFO] Perturbation 21: 75 samples
[INFO] Perturbation 22: 117 samples
[INFO] Perturbation 23: 155 samples
[INFO] Perturbation 24: 102 samples
[INFO] Perturbation 25: 44 samples
[INFO] Perturbation 26: 44 samples
[INFO] Perturbation 27: 38 samples
[INFO] Perturbation 28: 33 samples
[INFO] Perturbation 29: 69 samples
[INFO] Perturbation 30: 84 samples
[INFO] Perturbation 31: 74 samples
[INFO] Perturbation 32: 51 samples
[INFO] Perturbation 33: 71 samples
[INFO] Perturbation 34: 67 samples
[INFO] Perturbation 35: 65 samples
[INFO] Perturbation 36: 64 samples
[INFO] Perturbation 37: 65 samples
[INFO] Perturbation 38: 60 samples
[INFO] Perturbation 39: 87 samples
[INFO] Perturbation 40: 55 samples
[INFO] Perturbation 41: 91 samples
[INFO] Perturbation 42: 45 samples
[INFO] Perturbation 43: 49 samples
[INFO] Perturbation 44: 58 samples
[INFO] Perturbation 45: 243 samples
[INFO] Perturbation 46: 68 samples
[INFO] Perturbation 47: 58 samples
[INFO] Perturbation 48: 88 samples
[INFO] Perturbation 49: 64 samples
[INFO] Perturbation 50: 53 samples
[INFO] Perturbation 51: 60 samples
[INFO] Perturbation 52: 43 samples
[INFO] Perturbation 53: 74 samples
[INFO] Perturbation 54: 73 samples
[INFO] Perturbation 55: 48 samples
[INFO] Perturbation 56: 121 samples
[INFO] Perturbation 57: 34 samples
[INFO] Perturbation 58: 53 samples
[INFO] Perturbation 59: 69 samples
[INFO] Perturbation 60: 39 samples
[INFO] Perturbation 61: 78 samples
[INFO] Perturbation 62: 37 samples
[INFO] Perturbation 63: 37 samples
[INFO] Perturbation 64: 59 samples
[INFO] Perturbation 65: 40 samples
[INFO] Perturbation 66: 40 samples
[INFO] Perturbation 67: 57 samples
[INFO] Perturbation 68: 35 samples
[INFO] Perturbation 69: 43 samples
[INFO] Perturbation 70: 60 samples
[INFO] Perturbation 71: 53 samples
[INFO] Perturbation 72: 66 samples
[INFO] Perturbation 73: 47 samples
[INFO] Perturbation 74: 110 samples
[INFO] Perturbation 75: 37 samples
[INFO] Perturbation 76: 30 samples
[INFO] Perturbation 77: 46 samples
[INFO] Perturbation 78: 95 samples
[INFO] Perturbation 79: 76 samples
[INFO] Perturbation 80: 97 samples
[INFO] Perturbation 81: 96 samples
[INFO] Perturbation 82: 63 samples
[INFO] Perturbation 83: 51 samples
[INFO] Perturbation 84: 54 samples
[INFO] Perturbation 85: 56 samples
[INFO] Perturbation 86: 45 samples
[INFO] Perturbation 87: 136 samples
[INFO] Perturbation 88: 53 samples
[INFO] Perturbation 89: 46 samples
[INFO] Perturbation 90: 41 samples
[INFO] Perturbation 91: 37 samples
[INFO] Perturbation 92: 32 samples
[INFO] Perturbation 93: 41 samples
[INFO] Perturbation 94: 34 samples
[INFO] Perturbation 95: 54 samples
[INFO] Perturbation 96: 18 samples
[INFO] Perturbation 97: 848 samples

[✓] Saved perturbation means
Shape: (98, 384)
