INFO:__main__:Using device: cuda
INFO:__main__:Loading embeddings...
INFO:__main__:Number of unique classes: 164, training samples: 15240192, test samples: 3448832
INFO:__main__:Loading trained vanilla diffusion model...
INFO:__main__:Model loaded successfully.
INFO:__main__:Running per-class softmax posterior inference with path uncertainty...
INFO:__main__:[INFO] Running Softmax on test class 0 (label=0)...
INFO:__main__:[INFO] Downsampled from 156566 to 300 samples.
INFO:__main__:Processing sample 1/300 for class 0...
INFO:__main__:Processing sample 2/300 for class 0...
INFO:__main__:Processing sample 3/300 for class 0...
INFO:__main__:Processing sample 4/300 for class 0...
INFO:__main__:Processing sample 5/300 for class 0...
INFO:__main__:Processing sample 6/300 for class 0...
INFO:__main__:Processing sample 7/300 for class 0...
INFO:__main__:Processing sample 8/300 for class 0...
INFO:__main__:Processing sample 9/300 for class 0...
INFO:__main__:Processing sample 10/300 for class 0...
INFO:__main__:Processing sample 11/300 for class 0...
INFO:__main__:Processing sample 12/300 for class 0...
INFO:__main__:Processing sample 13/300 for class 0...
INFO:__main__:Processing sample 14/300 for class 0...
INFO:__main__:Processing sample 15/300 for class 0...
INFO:__main__:Processing sample 16/300 for class 0...
INFO:__main__:Processing sample 17/300 for class 0...
INFO:__main__:Processing sample 18/300 for class 0...
INFO:__main__:Processing sample 19/300 for class 0...
INFO:__main__:Processing sample 20/300 for class 0...
INFO:__main__:Processing sample 21/300 for class 0...
INFO:__main__:Processing sample 22/300 for class 0...
INFO:__main__:Processing sample 23/300 for class 0...
INFO:__main__:Processing sample 24/300 for class 0...
INFO:__main__:Processing sample 25/300 for class 0...
INFO:__main__:Processing sample 26/300 for class 0...
INFO:__main__:Processing sample 27/300 for class 0...
INFO:__main__:Processing sample 28/300 for class 0...
INFO:__main__:Processing sample 29/300 for class 0...
INFO:__main__:Processing sample 30/300 for class 0...
INFO:__main__:Processing sample 31/300 for class 0...
INFO:__main__:Processing sample 32/300 for class 0...
INFO:__main__:Processing sample 33/300 for class 0...
INFO:__main__:Processing sample 34/300 for class 0...
INFO:__main__:Processing sample 35/300 for class 0...
INFO:__main__:Processing sample 36/300 for class 0...
INFO:__main__:Processing sample 37/300 for class 0...
INFO:__main__:Processing sample 38/300 for class 0...
INFO:__main__:Processing sample 39/300 for class 0...
INFO:__main__:Processing sample 40/300 for class 0...
INFO:__main__:Processing sample 41/300 for class 0...
INFO:__main__:Processing sample 42/300 for class 0...
INFO:__main__:Processing sample 43/300 for class 0...
INFO:__main__:Processing sample 44/300 for class 0...
INFO:__main__:Processing sample 45/300 for class 0...
INFO:__main__:Processing sample 46/300 for class 0...
INFO:__main__:Processing sample 47/300 for class 0...
INFO:__main__:Processing sample 48/300 for class 0...
INFO:__main__:Processing sample 49/300 for class 0...
slurmstepd: error: *** JOB 1535265 ON qgpu0208 CANCELLED AT 2025-11-21T21:14:57 ***
